   1              		.syntax unified
   2              		.cpu cortex-m3
   3              		.fpu softvfp
   4              		.eabi_attribute 23, 1
   5              		.eabi_attribute 24, 1
   6              		.eabi_attribute 25, 1
   7              		.eabi_attribute 26, 1
   8              		.eabi_attribute 30, 4
   9              		.eabi_attribute 34, 1
  10              		.eabi_attribute 18, 4
  11              		.thumb
  12              		.syntax unified
  13              		.file	"arithmetic.c"
  14              		.section	.gnu.lto_.profile.67a7bf0c,"",%progbits
  15 0000 789C6361 		.ascii	"x\234ca`d`e`\000\222\253\030S\000\002\342\001\033"
  15      60646065 
  15      600092AB 
  15      18530002 
  15      E2011B
  16              		.text
  17              		.section	.gnu.lto_.icf.67a7bf0c,"",%progbits
  18 0000 789C6361 		.ascii	"x\234ca`d\000\001C\006\004\340`\370\273a\366\037v\306"
  18      60640001 
  18      430604E0 
  18      60F8BB61 
  18      F61F76C6 
  19 0014 0D5B7E5D 		.ascii	"\015[~]`bz\276\342\371S.\346\027wn\377ac\351m\232z\220"
  19      60627ABE 
  19      E2F9532E 
  19      E617776E 
  19      FF6163E9 
  20 002c 9DB5E3E5 		.ascii	"\235\265\343\345\207Vv\266y\377[\363\3317\334\234y\216"
  20      875676B6 
  20      79FF5BF3 
  20      D937DC9C 
  20      798E
  21 003e 8F010080 		.ascii	"\217\001\000\200\214\030\304"
  21      8C18C4
  22              		.text
  23              		.section	.gnu.lto_.jmpfuncs.67a7bf0c,"",%progbits
  24 0000 789C6361 		.ascii	"x\234ca`d\000\001;\006\004`g`bdd\256\257g\204P@\222"
  24      60640001 
  24      3B060460 
  24      67606264 
  24      64AEAF67 
  25 0018 B19E0544 		.ascii	"\261\236\005D\260\202\0106\210(;T\022\250\236\205\251"
  25      B0820836 
  25      88283B54 
  25      12A89E85 
  25      A9
  26 0029 12640A53 		.ascii	"\022d\012S%\330(\000\3653\006\374"
  26      25D82800 
  26      F53306FC 
  27              		.text
  28              		.section	.gnu.lto_.inline.67a7bf0c,"",%progbits
  29 0000 789C658F 		.ascii	"x\234e\217\261J\003A\020\206\377\231\235\344\026=\275"
  29      B14A0341 
  29      1086FF99 
  29      9DE4163D 
  29      BD
  30 0011 2D4E0C42 		.ascii	"-N\014B\310\"\021\204\200\010\266>\303=\206\340[\010"
  30      C8221184 
  30      8008B63E 
  30      C33D86E0 
  30      5B08
  31 0023 62A7729D 		.ascii	"b\247r\235E\232t)\004A+\261\263\264\263\322\306B\322"
  31      459A7429 
  31      04412BB1 
  31      B3B4B3D2 
  31      C642D2
  32 0036 68E90B08 		.ascii	"h\351\013\010\356\314]\020\317-\376\375g\377\331\375"
  32      EECC5D10 
  32      CF2DFEFD 
  32      67FFD9FD 
  33 0046 6605045D 		.ascii	"f\005\004]\267\315f+\003\312\035\022\212\004\007\323"
  33      B7CD662B 
  33      03CA1D12 
  33      8A0407D3 
  34 0056 08F3A631 		.ascii	"\010\363\2461\360s\001\377\265\307\240\317L\030\356"
  34      F07301FF 
  34      B5C7A0CF 
  34      4C18EE
  35 0065 7E53D47A 		.ascii	"~S\324z\263\036)\316\265\016\326\020\264.\325E\253\243"
  35      B31E29CE 
  35      B50ED610 
  35      B42ED545 
  35      ABA3
  36 0077 D6BBF0EF 		.ascii	"\326\273\360\357\257|\250v\2542P,\241X'\301/\265\345"
  36      AF7CA876 
  36      AC32502C 
  36      A15827C1 
  36      2FB5E5
  37 008a 3513141D 		.ascii	"5\023\024\035\252jKU\375G\375\013\334\207\314F\035\036"
  37      AA6A4B55 
  37      FD47FD0B 
  37      DC87CC46 
  37      1D1E
  38 009c 63F0C144 		.ascii	"c\360\301D\012\201\333^L'\350\317F\014\177~ \032\013"
  38      0A81DB5E 
  38      4C27E8CF 
  38      460C7F7E 
  38      201A0B
  39 00af FA420EF1 		.ascii	"\372B\016\361\350\233\351j\361x\271:\234\236\370t~\226"
  39      E89BE96A 
  39      F178B93A 
  39      9C9EF874 
  39      7E96
  40 00c1 E6A2390D 		.ascii	"\346\2429\015\323t\307\355N\332\215\346z\342\244/\277"
  40      D374C7ED 
  40      4EDA8DE6 
  40      7AE2A42F 
  40      BF
  41 00d2 F5823DD2 		.ascii	"\365\202=\322C\270f\002o=\314\307M\256}\310_@D\006\016"
  41      43B86602 
  41      6F3DCCC7 
  41      4DAE7DC8 
  41      5F404406 
  42 00e7 77172B4D 		.ascii	"w\027+M\222\346\022{'\303\306)-\363\362\346)\357\344"
  42      92E6127B 
  42      27C3C629 
  42      2DF3F2E6 
  42      29EFE4
  43 00fa 2E4F13D4 		.ascii	".O\023\324\225\254\245?\324U]\341\007V\231@+"
  43      95ACA53F 
  43      D4555DE1 
  43      07569940 
  43      2B
  44              		.text
  45              		.section	.gnu.lto_.pureconst.67a7bf0c,"",%progbits
  46 0000 789C6361 		.ascii	"x\234ca`d\340g```g\220b\224bb`a`e`ceg\005\000\005\026"
  46      6064E067 
  46      60606067 
  46      90629462 
  46      62606160 
  47 001d 0073     		.ascii	"\000s"
  48              		.text
  49              		.section	.gnu.lto_cplxDiv.67a7bf0c,"",%progbits
  50 0000 789C9553 		.ascii	"x\234\225SKkSA\024\2363ss\2234\217\246\021\021l\241"
  50      4B6B5341 
  50      149E3373 
  50      7393348F 
  50      A611116C 
  51 0015 D984D085 		.ascii	"\331\204\320\205\011\210\013A\177\205\277@i\002fQ\204"
  51      09880B41 
  51      7F85BF40 
  51      69026651 
  51      84
  52 0026 5ADC769A 		.ascii	"Z\334v\232W]\211\"\011\022\324 VR\265\266M\253\325\306"
  52      575D8922 
  52      0912D420 
  52      5652B5B6 
  52      4DABD5C6 
  53 003a 56AE3522 		.ascii	"V\2565\"\010\276\026.J+>Z\272\350\252\201V\0214\361"
  53      08BE162E 
  53      4A2B3E5A 
  53      BAE8AA81 
  53      561134F1 
  54 004e 9C99C418 		.ascii	"\234\231\304\030\254P\207{\277{\347\273\347|g\2763s"
  54      AC50877B 
  54      BF7BE7BB 
  54      E77C67BE 
  54      3373
  55 0060 0D068CC6 		.ascii	"\015\006\214\3061\203\261^|v\343\015\202\001\277\370"
  55      3183B15E 
  55      7C76E30D 
  55      8201BFF8 
  56 0070 9AB11107 		.ascii	"\232\261\021\007\007\240\027\351\0006\314a\030v\370"
  56      07A017E9 
  56      0036CC61 
  56      1876F8
  57 007f 4F0E4BA3 		.ascii	"O\016K\243\033\363\274\257(q|z~A\310q\013\322\202\261"
  57      1BF3BCAF 
  57      28717C7A 
  57      7E41C871 
  57      0BD282B1 
  58 0093 3A574A0C 		.ascii	":WJ\014\212\320\207Q\357R\323W\3056O\013\000\003\247"
  58      8AD08751 
  58      EF52D357 
  58      C5364F0B 
  58      0003A7
  59 00a6 D557F935 		.ascii	"\325W\3715/M9\004p\272\236\227Omb\0370|_\276\264P6B"
  59      2F4D3904 
  59      70BA9E97 
  59      4F6D621F 
  59      307C5FBE 
  60 00be B7A44C48 		.ascii	"\267\244LH\271\022\225\316\264\020p\007\004\352\301"
  60      B91295CE 
  60      B4107007 
  60      04EAC1
  61 00cd 6DE88171 		.ascii	"m\350\201q\350aH1\270\013!\214\266F\237\314\010q@e~"
  61      E8614831 
  61      B80B218C 
  61      B6469FCC 
  61      08714065 
  62 00e2 288E4D3A 		.ascii	"(\216M:\032\231\227c:sb\227\314{\020\242\360\257+\225"
  62      1A999763 
  62      3A736297 
  62      CC7B10A2 
  62      F0AF2B95 
  63 00f6 095374AB 		.ascii	"\011St\253\324\217\233\313\357E\360&\231\260\276\237"
  63      D48F9BCB 
  63      EF45F026 
  63      99B0BE9F 
  64 0106 9C95562A 		.ascii	"\234\225V*\220\026\006L\266g\323\300\340/\245Z\326c"
  64      9016064C 
  64      B667D3C0 
  64      E02FA55A 
  64      D663
  65 0118 A6283800 		.ascii	"\246(8\000S\020\324^a\032L\354\036\0203u\302\222\365"
  65      5310D45E 
  65      611A4CEC 
  65      1E103375 
  65      C292F5
  66 012b 7A525A3B 		.ascii	"zRZ;G+Y\333~\354\033\326\024X\3350\010l\004&\201\235"
  66      472B59DB 
  66      7EEC1BD6 
  66      1458DD30 
  66      086C0426 
  67 0141 51B803C8 		.ascii	"Q\270\003\310\215\223\210\016\002\027\201\233\300C\340"
  67      8D93880E 
  67      0217819B 
  67      C043E0
  68 0150 25E824F0 		.ascii	"%\350$\360\021t\021\370\011\030\333\302\312\264%U\316"
  68      117411F8 
  68      0918DBC2 
  68      CAB42555 
  68      CE
  69 0161 E9293620 		.ascii	"\351)6 Q.]?NkI\012\201k\315\245\227\336\330\251\321"
  69      512E5D3F 
  69      4E6B490A 
  69      816BCDA5 
  69      97DED8A9 
  70 0176 42F9FCF6 		.ascii	"B\371\374\366\342\345yw\001\256\341\026\331\222\330"
  70      E2E57977 
  70      01AEE116 
  70      D992D8
  71 0185 FC12B9A2 		.ascii	"\374\022\271\242\326-\256\315\211\310!\362<\003\005"
  71      D62DAECD 
  71      89C821F2 
  71      3C0305
  72 0194 A8A9CD83 		.ascii	"\250\251\315\203Y\210\260\015H\3463?\270V4P\024/Fen"
  72      5988B00D 
  72      48E6333F 
  72      B8563450 
  72      142F4665 
  73 01a9 1CD19C6D 		.ascii	"\034\321\234mo\262\367\225,\035/x\320\224]\265i\011"
  73      6FB2F795 
  73      2C1D2F78 
  73      D0945DB5 
  73      6909
  74 01bb 52C18BC8 		.ascii	"R\301\213\310\\\246\002\232\264\253r\246\252U*\364j"
  74      5CA6029A 
  74      B4AB72A6 
  74      AA552AF4 
  74      6A
  75 01cc D2F95731 		.ascii	"\322\371W1\307n\305\346Z\036\0366\213\2557<t(\017N\245"
  75      C76EC5E6 
  75      5A1E1E36 
  75      8BAD373C 
  75      74280F4E 
  76 01e1 FB39A839 		.ascii	"\3739\2509\327\336d\037\265<\3147e+\015\017n\345\301"
  76      D7DE641F 
  76      B53CCC37 
  76      652B0D0F 
  76      6EE5C1
  77 01f4 A53D6C0B 		.ascii	"\245=l\013MzT97\221o3\253\246&\275\212\267\353\364\332"
  77      4D7A5439 
  77      37916F33 
  77      ABA626BD 
  77      8AB7EBF4 
  78 0209 B3467EA7 		.ascii	"\263F~\247Z\226\253]\324\247Di\255\311+\277E\273T\260"
  78      5A96AB5D 
  78      D4A74469 
  78      ADC92BBF 
  78      45BB54B0 
  79 021d AF5DD4AF 		.ascii	"\257]\324\257x\022M\344Jc\007\211\374\303\323\010\235"
  79      78124DE4 
  79      4A630789 
  79      FCC3D308 
  79      9D
  80 022e 55D7BF8D 		.ascii	"U\327\277\215\225[\375z\014\021\\\242\322\251\376\267"
  80      955BFD7A 
  80      0C115CA2 
  80      D2A9FEB7 
  81 023e CE42AB41 		.ascii	"\316B\253A\213\244\343g\233\220\260\262\312\215\372"
  81      8BA4E367 
  81      9B90B0B2 
  81      CA8DFA
  82 024d 7BB6F023 		.ascii	"{\266\360#\236S,\345\013\207#\247\006\343C\247\007b"
  82      9E532CE5 
  82      0B8723A7 
  82      06E343A7 
  82      0762
  83 025f 43F1FE70 		.ascii	"C\361\376p?\023\203\261\263\"\032?g\014\234\211\036"
  83      3F1383B1 
  83      B3221A3F 
  83      670C9C89 
  83      1E
  84 0270 FE05A59A 		.ascii	"\376\005\245\232M\225"
  84      4D95
  85              		.text
  86              		.section	.gnu.lto_cplxMul.67a7bf0c,"",%progbits
  87 0000 789C9593 		.ascii	"x\234\225\223\301k\023Q\020\306\337\367f7\3314\211\024"
  87      C16B1351 
  87      10C6DFF7 
  87      6637D934 
  87      8914
  88 0012 7A28D480 		.ascii	"z(\324\200\275H\350\301\004\377\025\377\003\251\201"
  88      BD48E8C1 
  88      04FF15FF 
  88      03A981
  89 0021 16ECA5C6 		.ascii	"\026\354\245\306s_\263M\354Q\021\243\004KO\265\255\325"
  89      735FB34D 
  89      EC5111A3 
  89      044B4FB5 
  89      ADD5
  90 0033 A6A96DB5 		.ascii	"\246\251m\265Q!\026\251 \250x\022\021AM\351A/\015T<"
  90      512116A9 
  90      20A87812 
  90      11414DE9 
  90      412F0D54 
  91 0048 D938F35E 		.ascii	"\3318\363^k\024+\264\013;\373\336\354|\277\367\315\260"
  91      6B142BB4 
  91      0B3BFBDE 
  91      EC7CBFF7 
  91      CDB0
  92 005a EB2928B9 		.ascii	"\353)(\271\362\244T\037?O\362\015R\320W_+5\036h@\026"
  92      F2A4541F 
  92      3F4FF20D 
  92      52D0575F 
  92      2B351E68 
  93 0070 26801AD3 		.ascii	"&\200\032\323\030\303w\375Sc\343\312\366\272\036\230"
  93      18C377FD 
  93      5363E3CA 
  93      F6BA1E98 
  94 0080 357C7D9A 		.ascii	"5|}\232\271If\256\201\"\313\333\332\222\024f1\300Uo"
  94      B94966AE 
  94      8122CBDB 
  94      DA921466 
  94      31C0556F 
  95 0094 27966ED3 		.ascii	"'\226n\323\256.\022\340\361\266\365\252\322<![\215~"
  95      AE2E12E0 
  95      F1B6F5AA 
  95      D23C215B 
  95      8D7E
  96 00a6 DE6E55CC 		.ascii	"\336nU\3143\237z\240x\375\376\332\223\272\227\2361\246"
  96      339F7AA0 
  96      78FDFEDA 
  96      93BA979E 
  96      31A6
  97 00b8 60CC870B 		.ascii	"`\314\207\013&V$\302]\020\3630\217\024\346\220R\234"
  97      265624C2 
  97      5D10F330 
  97      8F14E690 
  97      529C
  98 00ca 5258409A 		.ascii	"RX@\232\253\357,7'5\365Z\345b\251\021\354\013\257\347"
  98      ABEF2C37 
  98      2735F55A 
  98      E562A911 
  98      EC0BAFE7 
  99 00de 9CF0DE21 		.ascii	"\234\360\336!\302\373HK\365\227\332\336\215ddB|\367"
  99      C2FB484B 
  99      F597DADE 
  99      8D646442 
  99      7CF7
 100 00f0 3BB75844 		.ascii	";\267XDD\372\257\236k\230v;4f\352\3547\335\315M\363"
 100      44FAAF9E 
 100      6B98763B 
 100      3466EAEC 
 100      37DDCD4D 
 101 0105 51C45ACF 		.ascii	"Q\304Z\317\203\210}YF$D%\004\022b\022\272$\304%$$$%"
 101      83887D59 
 101      46244425 
 101      04126212 
 101      BA24C425 
 102 011d 28B5C368 		.ascii	"(\265\303h\231ZKky\3226\012\365V\365\224\034\026\022"
 102      995A4B6B 
 102      79D2360A 
 102      F556F594 
 102      1C1612
 103 0130 B1917271 		.ascii	"\261\221rq\343MTfA\266\213\037/^N&\2461\305S\364C\236"
 103      E34D5466 
 103      41B68B1F 
 103      2F5E4E26 
 103      A631C553 
 104 0147 4F957D4B 		.ascii	"O\225}K\376\343\323\346\032e\3170\023K\230\306\236\235"
 104      FEE3D3E6 
 104      1A65CF30 
 104      134B98C6 
 104      9E9D
 105 0159 2F6AC82A 		.ascii	"/j\310*!~N9\240\377\017\301;\214\260\334!<\260\204\260"
 105      217E4E39 
 105      A0FF0FC1 
 105      3B8CB0DC 
 105      213CB084 
 106 016e 52DAD20E 		.ascii	"R\332\322\016!\266\030\344\260\247].z4c+\026+3\304\352"
 106      21B618E4 
 106      B0A75D2E 
 106      7A34632B 
 106      162B33C4 
 107 0183 81B18C23 		.ascii	"\201\261\214#\004G3\266\326!<<0\366\334w\210\030\373"
 107      044733B6 
 107      D6213C3C 
 107      30F6DC77 
 107      8818FB
 108 0196 6090246F 		.ascii	"`\220$o\225v\311%\273\254\341\230\253\334\334\334/\215"
 108      9576C925 
 108      BBACE198 
 108      ABDCDCDC 
 108      2F8D
 109 01a8 DB1E82BF 		.ascii	"\333\036\202\277\365\211P\216\215J\262\374[\237\264"
 109      F589508E 
 109      8D4AB2FC 
 109      5B9FB4
 110 01b7 C509F15A 		.ascii	"\305\011\361Zn\255\364I\362\017\247\343\362y\304\377"
 110      6EADF449 
 110      F20FA7E3 
 110      F279C4FF 
 111 01c7 DFF0A3CE 		.ascii	"\337\360\243\316\034\327\221e7\226S[=.\247\336i\373"
 111      1CD79165 
 111      3796535B 
 111      3D2EA7DE 
 111      69FB
 112 01d9 B17092EA 		.ascii	"\261p\222\352+\012\215w\326\270\375\215v\370%\177=|"
 112      2B0A8D77 
 112      D6B8FD8D 
 112      76F8257F 
 112      3D7C
 113 01eb 54772693 		.ascii	"Tw&\223=?:\234\037\032\311\345\207\0073\203\212Fs\227"
 113      3D3F3A9C 
 113      1F1AC9E5 
 113      87073383 
 113      8A467397 
 114 01ff 68E4F2C5 		.ascii	"h\344\362\305_\201\317\023`"
 114      5F81CF13 
 114      60
 115              		.text
 116              		.section	.gnu.lto_cordic.67a7bf0c,"",%progbits
 117 0000 789C8D54 		.ascii	"x\234\215T]LTW\020>s\316\375\337]\004\013\313\002\013"
 117      5D4C5457 
 117      103E73CE 
 117      FDDF5D04 
 117      0BCB020B 
 118 0014 F2428C9A 		.ascii	"\362B\214\232\320\030\3334Mj\342\223\317\306\307\246"
 118      D018DB34 
 118      4D6AE293 
 118      CFC6C7A6 
 119 0024 2F464934 		.ascii	"/FI4\306\227\206\007}\342\312] \232}\260)%\013\321\330"
 119      C6978607 
 119      7DE2CA5D 
 119      209A7DB0 
 119      29250BD1 
 120 0039 A435A828 		.ascii	"\2445\250(\260b\251\256+\256\032\210\015V\252\306\246"
 120      B062A9AE 
 120      2BAE1A88 
 120      0D56AAC6 
 120      A6
 121 004a A80D450D 		.ascii	"\250\015E\015\032\037,\273\376$\265\002\235\231\263"
 121      1A1F2CBB 
 121      FE24B502 
 121      9D99B3
 122 0059 AB34B149 		.ascii	"\2534\261Io\262\347\236\231\371\2763\363\315\231\273"
 122      6FB2E79E 
 122      99F9BE33 
 122      F3CD99BB 
 123 0069 860041CF 		.ascii	"\206\000A\317\244)D\003\276\017\342\017\302\002\344"
 123      A4294403 
 123      BE0FE20F 
 123      C202E4
 124 0078 A11B42EC 		.ascii	"\241\033B\354w\244T\311*\341{n\342S\341\207\025\270"
 124      77A454C9 
 124      2AE17B6E 
 124      E253E187 
 124      15B8
 125 008a DAED4288 		.ascii	"\332\355B\2106`J\213\002\236M\240\260\005\216\016\333"
 125      36604A8B 
 125      029E4DA0 
 125      B0058E0E 
 125      DB
 126 009b A58DA371 		.ascii	"\245\215\243q\227\235\2204g'\005\"\275!\211H\017\200"
 126      979D9034 
 126      67270522 
 126      BD218948 
 126      0F80
 127 00ad FCBE03A2 		.ascii	"\374\276\003\242M*\327\264l'\344A\233\014\011\310\031"
 127      4D2AD7B4 
 127      6C27E441 
 127      9B0C09C8 
 127      19
 128 00be D0C80B55 		.ascii	"\320\310\013U\365R.H\270\231\030>\254^\310\016%\300"
 128      F5522E48 
 128      B899183E 
 128      AC5EC80E 
 128      25C0
 129 00d0 4033FF73 		.ascii	"@3\377s\337\30322\001\032\321\274\323=8\020^\323\357"
 129      DFC33232 
 129      011AD1BC 
 129      D33D3810 
 129      5ED3EF
 130 00e3 E3F3C7F8 		.ascii	"\343\363\307\370\214\354=\2363:\224\024KR\300q\210C"
 130      8CEC3D9E 
 130      333A9414 
 130      4B52C071 
 130      8843
 131 00f5 3FC449D1 		.ascii	"?\304I\321\011X\203\330\213\017\357\316\230\352\003"
 131      095883D8 
 131      8B0FEFCE 
 131      98EA03
 132 0104 10B8CF8C 		.ascii	"\020\270\317\214\317L\205W\037#\236\177s\207\357\"\011"
 132      CF4C8557 
 132      1F239E7F 
 132      7387EF22 
 132      09
 133 0115 4E825ACE 		.ascii	"N\202Z\316\243s`\000V\023<{p\362\215\243j\230:1\233"
 133      A3736000 
 133      56133C7B 
 133      70F28DA3 
 133      6A983A31 
 134 012a F9C569FA 		.ascii	"\371\305i\372\216\230\271\257&\242\275~.\321H\364S\377"
 134      8E98B9AF 
 134      26A2BD7E 
 134      2ED148F4 
 134      53FF
 135 013c A6D383E8 		.ascii	"\246\323\203\350\276LW\273\247\352\230\331\2318v.\242"
 135      BE4C57BB 
 135      A7EA98D9 
 135      9938762E 
 135      A2
 136 014d 99FE69EB 		.ascii	"\231\376i\353\232O\245\302\340{i\177\336\377\266B\325"
 136      9A4FA5C2 
 136      E07B697F 
 136      DEFFB642 
 136      D5
 137 015e 33EBEADF 		.ascii	"3\353\352\337\323Y\243\230o\261\305?\260\211X\303\357"
 137      D359A398 
 137      6FB1C53F 
 137      B08958C3 
 137      EF
 138 016f 653D482F 		.ascii	"e=H/~\023\261\022\004m\20444\301\020\376NC\023\365\003"
 138      7E13B112 
 138      046D8434 
 138      34C110FE 
 138      4E4313F5 
 139 0184 DB70062C 		.ascii	"\333p\006,\274n\265<2\2645\347/-\005~na\343\225\337"
 139      BC6EB53C 
 139      32B435E7 
 139      2F2D057E 
 139      6E61E395 
 140 0199 37AF0241 		.ascii	"7\257\002AA<\030\303\212WC\020\314\344\325\342\250\315"
 140      413C18C3 
 140      8A574310 
 140      CCE4D5E2 
 140      A8CD
 141 01ab 5D717875 		.ascii	"]qxu\201V\217\221!\354\230\012\323\022\301\305(c\300"
 141      81568F91 
 141      21EC980A 
 141      D312C1C5 
 141      2863C0
 142 01be 0A6A6339 		.ascii	"\012jc9\307+h\273\222\017\252\244m\025\003\242\354\250"
 142      C72B68BB 
 142      920FAAA4 
 142      6D1503A2 
 142      ECA8
 143 01d0 E67D8CDC 		.ascii	"\346}\214\3345\014\256\245m\035\307\370&\352\031\320"
 143      350CAEA5 
 143      6D1DC7F8 
 143      26EA19D0 
 144 01e0 C0050831 		.ascii	"\300\005\0101\217rp\222\362R\342K\315A{\241\353\327"
 144      8F727092 
 144      F252E24B 
 144      CD417BA1 
 144      EBD7
 145 01f2 D4E7A42F 		.ascii	"\324\347\244/P\241@\271b\016\202\036K\333atakn\267w"
 145      50A140B9 
 145      620E821E 
 145      4BDB6174 
 145      616B6EB7 
 146 0207 650D9A1B 		.ascii	"e\015\232\033\005\324\036\003F\260m\304\2645,\202H1"
 146      05D41E03 
 146      46B06DC4 
 146      B4352C82 
 146      4831
 147 0219 0B891B41 		.ascii	"\013\211\033A\264\350@RO\307\225)\233H\0066\346l\261"
 147      B4E84052 
 147      4FC79529 
 147      9B480636 
 147      E66CB1
 148 022c CF79A9C4 		.ascii	"\317y\251\304-\201Y\203T\347\335\230\006\227!\370\321"
 148      2D815983 
 148      54E7DD98 
 148      069721F8 
 148      D1
 149 023d FCEB51CE 		.ascii	"\374\353Q\316 9\303^\370\001\342T\0131\\\252S\024\260"
 149      2039C35E 
 149      F801E254 
 149      0B315CAA 
 149      5314B0
 150 0250 FF6BE3EA 		.ascii	"\377k\343\352zz\007\276$\232\036\322\036\217\377\325"
 150      7A7A07BE 
 150      249A1ED2 
 150      1E8FFFD5 
 151 0260 019A367C 		.ascii	"\001\2326|\357\371\250\204Q\210\253d:Fo\302D\211\362"
 151      EFF9A884 
 151      5188AB64 
 151      3A466FC2 
 151      4489F2
 152 0273 9B596454 		.ascii	"\233YdTc.\225MW\342\3012\231\236\007<\333\024\370m)"
 152      632E954D 
 152      57E2C132 
 152      999E073C 
 152      DB14F86D 
 153 0288 2C7D3AB8 		.ascii	",}:\270\220,\212v\020^,\326\022\375\237P\261\205\316"
 153      902C8A76 
 153      105E2CD6 
 153      12FD9F50 
 153      B185CE
 154 029b C5D4161D 		.ascii	"\305\324\026\035]\021(3P X\302g\332W\036(\205\021\301"
 154      5D112833 
 154      502058C2 
 154      67DA571E 
 154      288511C1 
 155 02af C889DE22 		.ascii	"\310\211\336\"\262\202\275\214\354)!W2\273\202\2327"
 155      B282BD8C 
 155      EC292157 
 155      32BB829A 
 155      37
 156 02c0 96BF9E37 		.ascii	"\226\277\2367\265\267ry\273L\036\334\340\365\245\347"
 156      B5B77279 
 156      BB4C1EDC 
 156      E0F5A5E7 
 157 02d0 656D0B7E 		.ascii	"em\013~\312\367\313\321w@\351!\375\251o`\367Q8\262\377"
 157      CAF7CBD1 
 157      7740E921 
 157      FDA96F60 
 157      F75138B2 
 158 02e5 10BB2D38 		.ascii	"\020\273-8\007m\360#\365\026c\263o.\2179\353\207(`\303"
 158      076DF023 
 158      F51663B3 
 158      6F2E8F39 
 158      EB872860 
 159 02fa 79380A94 		.ascii	"y8\012\224\234F7\003\353u\271\037\351tU\250\021\223"
 159      9C463703 
 159      EB75B91F 
 159      E97455A8 
 159      1193
 160 030c B2425B64 		.ascii	"\262B[d*\265\302g\245\272c\357\024\276\255\273\206\265"
 160      2AB5C267 
 160      A5BA63EF 
 160      14BEADBB 
 160      86B5
 161 031e C4B4C257 		.ascii	"\304\264\302W%d\355;\205o{Q\307\354Z\255p\252\2440\376"
 161      2564ED3B 
 161      856F7B51 
 161      C7EC5AAD 
 161      70AAA430 
 162 0333 FF255DF8 		.ascii	"\377%]\370/I\331e\222.jI=%I\365,)\316\222\034\276S\216"
 162      2F49D965 
 162      922E6A49 
 162      3D2549F5 
 162      2C29CE92 
 163 034b CEA5BED0 		.ascii	"\316\245\276\320\361\006$\302:\214\027@\342}Y\247FP"
 163      F10624C2 
 163      3A8C1740 
 163      E27D59A7 
 163      4650
 164 035d 658D9DF8 		.ascii	"e\215\235\370\270\000\006\336\212uv\003Vnw\243ic\177"
 164      B80006DE 
 164      8A757603 
 164      566E77A3 
 164      69637F
 165 0370 AC6E34EB 		.ascii	"\254n4\353\355\027\033\360\264\220\300\277[\300\011"
 165      ED171BF0 
 165      B490C0BF 
 165      5BC009
 166 037f 990A4692 		.ascii	"\231\012F\222R\237\006X\332\327\337\017\236\217\350"
 166      529F0658 
 166      DAD7DF0F 
 166      9E8FE8
 167 038e D15B0563 		.ascii	"\321[\005cz\274\013\200\005Z..\015\316\023\263\000\330"
 167      7ABC0B80 
 167      055A2E2E 
 167      0DCE13B3 
 167      00D8
 168 03a0 1C8F2CE9 		.ascii	"\034\217,\351@\001\260+Q2\0142\260\330j2l\207\246\320"
 168      4001B02B 
 168      51320C32 
 168      B0D86A32 
 168      6C87A6D0 
 169 03b4 A3097F0A 		.ascii	"\243\011\177\012\355\271\351\211\260\316`\322q\363\022"
 169      EDB9E989 
 169      B0CE60D2 
 169      71F312
 170 03c3 30809F6B 		.ascii	"0\200\237kys\363\207\333\276\334\325\272sOK\353\256"
 170      7973F387 
 170      DBBEDCD5 
 170      BA734F4B 
 170      EBAE
 171 03d5 EDCDDB85 		.ascii	"\355\315\333\205\331\272\263\245u\033\354\203\275\260"
 171      D9BAB3A5 
 171      751BEC83 
 171      BDB0
 172 03e3 FB1F100D 		.ascii	"\373\037\020\015\312`"
 172      CA60
 173              		.text
 174              		.section	.gnu.lto_cordic_ctab.67a7bf0c,"",%progbits
 175 0000 789C4D92 		.ascii	"x\234M\222\353SRA\034\206\317\002^\360\332\375z\312"
 175      EB535241 
 175      1C86CF02 
 175      5EF0DAFD 
 175      7ACA
 176 0012 AFDDBE64 		.ascii	"\257\335\276d_\374\363p\224R\262\311&gp\032q\024,4\025"
 176      5FFCF370 
 176      9452B2C9 
 176      2667701A 
 176      71142C34 
 177 0027 50430445 		.ascii	"PC\004E\021D%1A%#o\330M\2471\007\205D\024\254w\317o"
 177      11442531 
 177      4125236F 
 177      D84DA731 
 177      07854414 
 178 003f 733A33CF 		.ascii	"s:3\317,\317y\017{\366\335\263\032\211I\3742i$\361K"
 178      2CCF790F 
 178      7BF6DDB3 
 178      1A8949FC 
 178      326924F1 
 179 0054 92F22AF6 		.ascii	"\222\362*\366\262\313\346.O\253\364j\211UA=u\275\016"
 179      B2CBE62E 
 179      4FABF46A 
 179      8955413D 
 179      75BD0E
 180 0067 A1B7A1E6 		.ascii	"\241\267\241\346\235\371P\001\351-\350\210\367W5\231"
 180      9DF95001 
 180      E92DE888 
 180      F7573599 
 181 0077 0C0B7579 		.ascii	"\014\013uyre\\\031+\200v\007\375.F\351Mh>\031\311\213"
 181      72655C19 
 181      2B807607 
 181      FD2E46E9 
 181      4D683E19 
 182 008d B404BABD 		.ascii	"\264\004\272\275\335\331RF\351\015\350~\316\344\322"
 182      DDD95246 
 182      E90DE87E 
 182      CEE4D2
 183 009c 527A099A 		.ascii	"Rz\011\2326\206\343\225\224^\207\036\273\327\315\032"
 183      3686E395 
 183      945E871E 
 183      BBD7CD1A 
 184 00ac 4AEF42F7 		.ascii	"J\357B\367\352\277'J)\275\006\235\332\262\3671J\243"
 184      EABF274A 
 184      29BD069D 
 184      DAB2F731 
 184      4AA3
 185 00be BC42CAA8 		.ascii	"\274B\312\250o,\246\370*t\2621\023,\241\330\302\340"
 185      6F2CA6F8 
 185      2A74B231 
 185      132CA1D8 
 185      C2E0
 186 00d0 BFB3863D 		.ascii	"\277\263\206=-\305W\240\261\3757\247\245\024O\253\340"
 186      2DC557A0 
 186      B1FD37A7 
 186      A5144FAB 
 186      E0
 187 00e1 5FADA7C6 		.ascii	"_\255\247\306B\212/C7^xg+(n*\370\177\241\222\262P\207"
 187      428A2F43 
 187      375E7867 
 187      2B286E2A 
 187      F87FA192 
 188 00f8 B33F21DE 		.ascii	"\263?!\336\335\312k\245\335\217\217+(\276\010\035w\005"
 188      DDCA6BA5 
 188      DD8F8F2B 
 188      28BE081D 
 188      7705
 189 010a B3C5143B 		.ascii	"\263\305\024;\370\343\003\211\334\230\206\342\013\320"
 189      F8E30389 
 189      DC9886E2 
 189      0BD0
 190 0118 D9E7C9A8 		.ascii	"\331\347\311\250\232\342\315;\360\206\231\215\230\330"
 190      9AE2CD3B 
 190      F086998D 
 190      98D8
 191 0126 B2F3D021 		.ascii	"\262\363\320!w</j\217+\315\026\223a\223(~\016\372\244"
 191      773C2F6A 
 191      8F2BCD16 
 191      93619328 
 191      7E0EFAA4 
 192 013a 2ED25448 		.ascii	".\322THy\336\314\253\331\016\3226\261\366J\2507\023"
 192      79DECCAB 
 192      D90ED236 
 192      B1F64AA8 
 192      3713
 193 014c A955517E 		.ascii	"\251UQ~\034\344\335\362k\265\247*\312+\240\206g\035"
 193      1CE4DDF2 
 193      6BB5A72A 
 193      CA2BA086 
 193      671D
 194 015e FE22CA53 		.ascii	"\376\"\312SOy9\313Ow@|\336r\276\221\346]O%\345?\214"
 194      4F7939CB 
 194      4F77407C 
 194      DE72BE91 
 194      E65D4F25 
 195 0175 BCDDC94E 		.ascii	"\274\335\311NK\\\254\257\014:7\350\374\267\263a;\257"
 195      4B5CACAF 
 195      0C3A37E8 
 195      FCB7B361 
 195      3BAF
 196 0187 B712AF77 		.ascii	"\267\022\257w\213\274\224\277.\324\220\021\237\274U"
 196      8BBC94BF 
 196      2ED49011 
 196      9FBC55
 197 0196 E9777606 		.ascii	"\351wv\006$\345\014\014m\347\255\242\237\235\012\366"
 197      24E50C0C 
 197      6DE7ADA2 
 197      9F9D0AF6 
 198 01a6 0EBFF688 		.ascii	"\016\277\366\210\011\264|\001+G[\342T,\345\224\206\313"
 198      09B47C01 
 198      2B475BE2 
 198      542CE594 
 198      86CB
 199 01b8 96E6F672 		.ascii	"\226\346\366r\272\023;R:\245\015\372\214\232\376R\004"
 199      BA133B52 
 199      3AA50DFA 
 199      8C9AFE52 
 199      04
 200 01c9 EDCCA41A 		.ascii	"\355\314\244\032\305\236\264\357*\245\276\235\364{\304"
 200      C59EB4EF 
 200      2AA5BE9D 
 200      F47BC4
 201 01d8 2729845A 		.ascii	"')\204Z\323m\013b\206-\273\322\352\354\334J\312\271"
 201      D36D0B62 
 201      862DBBD2 
 201      EAECDC4A 
 201      CAB9
 202 01ea 750E6617 		.ascii	"u\016f\027E\353\300\253>^+Z\357h\023\257\320@{\352\262"
 202      45EBC0AB 
 202      3E5E2B5A 
 202      EF6813AF 
 202      D0407BEA 
 203 01ff 09716296 		.ascii	"\011qb\226-S\274\227\377\300a\0253\250\241\276\371\332"
 203      2D53BC97 
 203      FFC06115 
 203      33A8A1BE 
 203      F9DA
 204 0211 51B186D5 		.ascii	"Q\261\206\325\344\356\002/\026\374\223\361\211\003\315"
 204      E4EE022F 
 204      16FC93F1 
 204      8903CD
 205 0220 171D0899 		.ascii	"\027\035\010\231R\242X\273\241\331\310\233\371\254\207"
 205      52A258BB 
 205      A1D9C89B 
 205      F9AC87
 206 022f 87E2960E 		.ascii	"\207\342\226\016\027\177j\"j\371\302j\206u\015\035:"
 206      177F6A22 
 206      6AF9C26A 
 206      86750D1D 
 206      3A
 207 0240 9D56AF56 		.ascii	"\235V\257V\261\2072\333d2\253\226\331\006\206u\260\006"
 207      B18732DB 
 207      6432AB96 
 207      D9068675 
 207      B006
 208 0252 56C16710 		.ascii	"V\301g\020\007\237\300\012\370\010b`\031,\201E\360H"
 208      079FC00A 
 208      F8086260 
 208      192C8145 
 208      F048
 209 0264 66510C11 		.ascii	"fQ\014\021\260\000>\200y\020\006s\340=\010\201Y0\003"
 209      B0003E80 
 209      79100673 
 209      E03D0881 
 209      593003
 210 0277 A641104C 		.ascii	"\246A\020L\201\000\360\203I\340\003\023`\034x\301\030"
 210      8100F083 
 210      49E00313 
 210      601C78C1 
 210      18
 211 0288 18051EE0 		.ascii	"\030\005\036\340\006#\300\005\206\201\023\274\003C`"
 211      0623C005 
 211      868113BC 
 211      034360
 212 0297 100C0007 		.ascii	"\020\014\000\007\260\003\033\350\007}\240\027\274\005"
 212      B0031BE8 
 212      077DA017 
 212      BC05
 213 02a5 0F64D683 		.ascii	"\017d\326\203\341\276\314\272i\260b\270'K,\301j\244"
 213      E1BECCBA 
 213      69B062B8 
 213      274B2CC1 
 213      6AA4
 214 02b7 BFF142A8 		.ascii	"\277\361B\250\231"
 214      99
 215              		.text
 216              		.section	.gnu.lto_absolute.67a7bf0c,"",%progbits
 217 0000 789C4D50 		.ascii	"x\234MP\277K\202Q\024\275\347\275\247\230\375 \250\361"
 217      BF4B8251 
 217      14BDE7BD 
 217      A798FD20 
 217      A8F1
 218 0012 13840671 		.ascii	"\023\204\006q\261\002\207\376\204\346\376\203\260 \207"
 218      B10287FE 
 218      84E6FE83 
 218      B02087
 219 0021 967068F3 		.ascii	"\226ph\363\351\367Y\233\264D`\256\246eQ\321TC\332\234"
 219      E9F7599B 
 219      B44460AE 
 219      A66551D1 
 219      5443DA9C 
 220 0035 0A6E1114 		.ascii	"\012n\021\024e\320\320\224V\320Rv\257.]\270\334{\336"
 220      65D0D094 
 220      56D05276 
 220      AF2E5DB8 
 220      DC7BDE
 221 0048 3BE7DC77 		.ascii	";\347\334w\237!\220\304\"\227i\256qN\370\010j\247E\224"
 221      9F2190C4 
 221      229769AE 
 221      714EF808 
 221      6AA74594 
 222 005c 0928A5DB 		.ascii	"\011(\245\333\016\331\240\251\315\223\035\3230\303c"
 222      0ED9A0A9 
 222      CD931DD3 
 222      30C363
 223 006b 03486303 		.ascii	"\003Hc\003\240\264\322\006i|\251\037\205\266wV\324\237"
 223      A0B4D206 
 223      697CA91F 
 223      85B67756 
 223      D49F
 224 007d 2AA70986 		.ascii	"*\247\011\206a\267Yx\231\020\010\204\031z\327\265{\023"
 224      61B75978 
 224      99100884 
 224      197AD7B5 
 224      7B13
 225 008f 2D5B8EA7 		.ascii	"-[\216\247Ro\341\242R79\255\250\257\010\0258(\303\221"
 225      526FE1A2 
 225      523739AD 
 225      A8AF0815 
 225      3828C391 
 226 00a3 D9878832 		.ascii	"\331\207\2102\267p\265\235\015\352)\020\367\231\203"
 226      B770B59D 
 226      0DEA2910 
 226      F79983
 227 00b2 EF5B1329 		.ascii	"\357[\023)\211\316>4`GX\205#\350\377B1B\025\021\341"
 227      89CE3E34 
 227      60475885 
 227      23E8FF42 
 227      31421511 
 228 00c7 77CE7F77 		.ascii	"w\316\177w\307\375\236\320\303\342\316\246\307\360\313"
 228      C7FD9ED0 
 228      C3E2CEA6 
 228      C7F0CB
 229 00d6 9AA74B75 		.ascii	"\232\247Ku\333\357\273\326~\3145g|\020\225\202\310\364"
 229      DBEFBBD6 
 229      7ECC3567 
 229      7C109582 
 229      C8F4
 230 00e8 C080DE39 		.ascii	"\300\200\3369e\257\256RR\3653\274\226[\315\373D\357"
 230      65AFAE52 
 230      52F533BC 
 230      965BCDFB 
 230      44EF
 231 00fa 6AD970AF 		.ascii	"j\331p\257s\223\037\015\355\333\000\273\015f\236 4\370"
 231      73931F0D 
 231      EDDB00BB 
 231      0D669E20 
 231      34F8
 232 010c BFAED2D4 		.ascii	"\277\256\322\324v\364+\262w[\217\305\370P\241]q\345"
 232      76F42BB2 
 232      775B8FC5 
 232      F850A15D 
 232      71E5
 233 011e 3B33B07B 		.ascii	";3\260{Cv\222\\-/\351\001|\255\031)\325\270\\\341\311"
 233      4376925C 
 233      2D2FE901 
 233      7CAD1929 
 233      D5B85CE1 
 234 0133 100AB327 		.ascii	"\020\012\263'c\261\331\345\215djm}5\225L\304\022\204"
 234      63B1D9E5 
 234      8D646A6D 
 234      7D35954C 
 234      C41284
 235 0146 CD3FBBBD 		.ascii	"\315?\273\275s\023"
 235      7313
 236              		.text
 237              		.section	.gnu.lto_square.67a7bf0c,"",%progbits
 238 0000 789C6D53 		.ascii	"x\234mS\335KTQ\020?s\346\334\217]wM\010\301`-_D\015"
 238      DD4B5451 
 238      103F73E6 
 238      DC8F5D77 
 238      4D08C160 
 239 0018 B2971EEA 		.ascii	"\262\227\036\352\245?\242\277\240P\311\205|Q\203\240"
 239      A53FA2BF 
 239      A050C985 
 239      7C5183A0 
 240 0028 07AFDEEB 		.ascii	"\007\257\336\353\032\270XD\237\272\370P\224\226\325"
 240      1AB85844 
 240      9FBAF850 
 240      9496D5
 241 0037 AE6D0586 		.ascii	"\256m\005\206\233\327\220\212\\M\261\007\215\\\312P"
 241      9BD7908A 
 241      5C4DB107 
 241      8D5CCA50 
 242 0047 A85E5C53 		.ascii	"\250^\\S\0222\2679\347^\241\244\003\367|\314\314of~"
 242      1232B739 
 242      E75EA1A4 
 242      03F77CCC 
 242      CC6F667E 
 243 005b 33730503 		.ascii	"3s\005\003&\327ydl?\235\255\364A\200\001\2774\315X\273"
 243      26D77964 
 243      6C3F9DAD 
 243      F4418001 
 243      BF34CD58 
 244 0070 C9417817 		.ascii	"\311Ax\027\364.\343\246\340Z\274\224YA\3359\306\254"
 244      F42EE3A6 
 244      E05ABC94 
 244      5941DD39 
 244      C6AC
 245 0082 9006BAA7 		.ascii	"\220\006\272\247\327\2711\375\226\221\334|\211$78&\262"
 245      D7B931FD 
 245      9691DC7C 
 245      89243738 
 245      26B2
 246 0094 EAB90EF4 		.ascii	"\352\271\016\3644\001\244\231e\002k\343(4\3350\241\215"
 246      3401A499 
 246      65026BE3 
 246      2834DD30 
 246      A18D
 247 00a6 0B06AE80 		.ascii	"\013\006\256\200j\025\177\203\377\3460\353\244\022\270"
 247      6A157F83 
 247      FFE630EB 
 247      A412B8
 248 00b5 CE3B9181 		.ascii	"\316;\221\201\240g~\252\367K\261|\002T\320\323y1\366"
 248      A0677EAA 
 248      F74BB17C 
 248      0254D0D3 
 248      7931F6
 249 00c8 41D40C58 		.ascii	"A\324\014X\264>-\377<\232\036tE'rV\340\014\006!\002"
 249      B43E2DFF 
 249      3C9A1E74 
 249      45277256 
 249      E00C0621 
 250 00dd 031091B9 		.ascii	"\003\020\221\271\337\203\032\262\355}\336\325\021\304"
 250      DF831AB2 
 250      ED7DDED5 
 250      11C4
 251 00eb BDC0E8DE 		.ascii	"\275\300\350\336~wsRT\335\2218k!\013V\200Pp\037\360"
 251      7E777352 
 251      54DD9138 
 251      6B210B56 
 251      8050701F 
 252 0100 6FA07404 		.ascii	"o\240t\004CP%\355\327\257\274\232\021X\252\260\335\316"
 252      435025ED 
 252      D7AFBC9A 
 252      1158AAB0 
 252      DDCE
 253 0112 DC65ACBC 		.ascii	"\334e\254\274-\241\356\\\027\336\264\\\247\242\023\021"
 253      2DA1EE5C 
 253      17DEB45C 
 253      A7A21311 
 254 0122 1EFC0B97 		.ascii	"\036\374\013\227\213\254\257\247\343\023!\334\247\220"
 254      8BACAFA7 
 254      E31321DC 
 254      A790
 255 0130 1FDFF54C 		.ascii	"\037\337\365L\031>r\266+\224\366\220\034\036\375\027"
 255      193E72B6 
 255      2B94F690 
 255      1C1EFD17 
 256 0140 B934BC7D 		.ascii	"\2714\274}5\254;\322\272\002\222P\011\017\241R2#B)\320"
 256      35AC3BD2 
 256      BA029250 
 256      090FA152 
 256      32234229 
 257 0155 A9457C47 		.ascii	"\251E|G\232<\341Z\205\202m\271cFr\363\227Y\014Lj\310"
 257      9A3CE15A 
 257      85826DB9 
 257      634672F3 
 257      97590C4C 
 258 016b 23E934C9 		.ascii	"#\3514\311C\007I\304\220WSn\001\245\012\312k\221\334"
 258      430749C4 
 258      9057536E 
 258      01A50ACA 
 258      6B91DC
 259 017e 420A1056 		.ascii	"B\012\020V\224\331*}C\032\035\234\016\314sd\313o\030"
 259      94D92A7D 
 259      431A1D9C 
 259      0ECC7364 
 259      CB6F18
 260 0191 AE803D13 		.ascii	"\256\200=\023[\351?.c\333\030\264\221v`$\275\026\233"
 260      5BE93F2E 
 260      63DB18B4 
 260      91766024 
 260      BD169B
 261 01a4 404F5844 		.ascii	"@OXD\022RIao,\013\2360Dr\"33\031[\024\345}\326\005\313"
 261      12524961 
 261      6F2C0B9E 
 261      30447222 
 261      3333195B 
 262 01be 2AA1A6EF 		.ascii	"*\241\246\357,PE\036\206rb\225\247\346\323D\240\202"
 262      2C50451E 
 262      86726295 
 262      A7E6D344 
 262      A082
 263 01d0 E7FA9B3D 		.ascii	"\347\372\233=\274\246\234\252H7b\357}\247\206\222\353"
 263      BCA69CAA 
 263      483762EF 
 263      7DA78692 
 263      EB
 264 01e1 EC3338D3 		.ascii	"\35438\323\366P\217\266\253Z\252@T\246\307\312V6ai\274"
 264      F6508FB6 
 264      AB5AAA40 
 264      54A6C7CA 
 264      56366169 
 265 01f6 A788A29B 		.ascii	"\247\210\242\233\024FEL\253\210l\015@\316T&3\277\307"
 265      1446454C 
 265      AB886C0D 
 265      40CE5426 
 265      33BFC7
 266 0209 CF0D76E7 		.ascii	"\317\015v\347\366\004\312y<s\222\210`6S\277\006r&\373"
 266      F604CA79 
 266      3C739288 
 266      603653BF 
 266      067226FB 
 267 021d 7E2C7E0D 		.ascii	"~,~\015\310!D\250\206\247\020\341\211L\231\215\001\034"
 267      C82144A8 
 267      86A710E1 
 267      894C998D 
 267      011C
 268 022f CD8C22D1 		.ascii	"\315\214\"\321\320X\274\224Xt\314\307r\211#^\022&\345"
 268      D058BC94 
 268      5874CCC7 
 268      7289235E 
 268      1226E5
 269 0242 A128EA8A 		.ascii	"\241(\352\212\"\345\275`'/\226yl\302\344rc+\371\035"
 269      22E5BD60 
 269      272F9679 
 269      6CC2E472 
 269      632BF91D 
 270 0256 FD1CB6B6 		.ascii	"\375\034\266\266\013\007\3744\334T\267\227\306\263\235"
 270      0B07FC34 
 270      DC54B797 
 270      C6B39D
 271 0265 84C3E449 		.ascii	"\204\303\344IdG\352\311\2476:\322H.\015F\177\031\252"
 271      6447EAC9 
 271      A7363AD2 
 271      482E0D46 
 271      7F19AA
 272 0278 4EE4FA73 		.ascii	"N\344\372s~\205\0026\315\325\241\210\254\320\274}\313"
 272      7E850236 
 272      CDD5A188 
 272      ACD0BC7D 
 272      CB
 273 0289 6F108783 		.ascii	"o\020\207\203\336t\345i\014\250\267\337\240\303]|\035"
 273      DE74E569 
 273      0CA8B7DF 
 273      A0C35D7C 
 273      1D
 274 029a F294EA9F 		.ascii	"\362\224\352\237_\345@\012\032\200\222\332\332\303\247"
 274      5FE5400A 
 274      1A8092DA 
 274      DAC3A7
 275 02a9 9AA3AD8D 		.ascii	"\232\243\255\215M\015\255\321\272\332:\006\347\360L"
 275      4D0DADD1 
 275      BADA3A06 
 275      E7F04C
 276 02b8 B4493B7D 		.ascii	"\264I;}\266\241\245\345\017\276U2\312"
 276      B6A1A5E5 
 276      0FBE5532 
 276      CA
 277              		.text
 278              		.section	.gnu.lto_getMean.67a7bf0c,"",%progbits
 279 0000 789C6552 		.ascii	"x\234eR\337KTA\030\2353\337\334\375\345\356\022\364"
 279      DF4B5441 
 279      189D33DF 
 279      DCFDE5EE 
 279      12F4
 280 0012 12B1962F 		.ascii	"\022\261\226/\262X`\317\201\377C\321_\220\250\220\220"
 280      B25860CF 
 280      81FF43D1 
 280      5F90A890 
 280      90
 281 0023 3DD4F6EC 		.ascii	"=\324\366\354\344\275k\020\022Ae\244\206\017%\232[\352"
 281      E4BD6B10 
 281      124165A4 
 281      860F259A 
 281      5BEA
 282 0035 BA950462 		.ascii	"\272\225\004b+BB\231\344\203\366\303\30020\220\036v"
 282      2B424299 
 282      E483F6C3 
 282      C0323090 
 282      1E76
 283 0047 C5A224DD 		.ascii	"\305\242$\335\276\357^\037\314\006\356\334\231s\317"
 283      BEEF5E1F 
 283      CC06EEDC 
 283      9973CF
 284 0056 39F37DE7 		.ascii	"9\363}\347\216QP2\322\244\324Q~\237\342\007!\005}c^"
 284      8E515032 
 284      D2A4D451 
 284      7E9FE207 
 284      21057D63 
 285 006b A92B110D 		.ascii	"\251+\021\015\023,(XLG\214\246\256Y\245l\314\361\302"
 285      132C2858 
 285      4C478CA6 
 285      AE59A56C 
 285      CCF1C2
 286 007e CAC61D40 		.ascii	"\312\306\035@p\033\201j\327d\034\264k\243P4\250\360"
 286      701B816A 
 286      D7641CB4 
 286      6BA35034 
 286      A8F0
 287 0090 20DFFA87 		.ascii	" \337\372\207\336\326X\360\306\372hSgI\301\360\266\374"
 287      DED658F0 
 287      C6FA6853 
 287      6749C1F0 
 287      B6FC
 288 00a2 A6E76B52 		.ascii	"\246\347kR\266@\015o\275\251\027\037M\335\240\345\361"
 288      B6400D6F 
 288      BDA9171F 
 288      4DDDA0E5 
 288      F1
 289 00b3 399B3B59 		.ascii	"9\233;Y\030*\232,iU\321\012CHa\020))\353!\352\230\233"
 289      182A9A2C 
 289      6955D10A 
 289      43486110 
 289      2929EB21 
 290 00ca FB393B09 		.ascii	"\3739;\011:\010\305\353\355\351o\213:=`m\207\265+\315"
 290      3A08C5EB 
 290      EDE96F8B 
 290      3A3D606D 
 290      87B52BCD 
 291 00de 369A25C2 		.ascii	"6\232%\3020h\257\216!\205\034\322\302\266\267\272\223"
 291      3068AF8E 
 291      21851CD2 
 291      C2B6B7BA 
 291      93
 292 00ef 74C8570E 		.ascii	"t\310W\016\317,\314\221(y\334l\021\245\301\243\375J"
 292      CF2CCC91 
 292      2879DC6C 
 292      11A5C1A3 
 292      FD4A
 293 0101 EEE431D2 		.ascii	"\356\3441\322B\177\277\336;\256\351\260/\335z\220]\015"
 293      427FBFDE 
 293      3BAEE9B0 
 293      2FDD7A90 
 293      5D0D
 294 0113 D7DE1765 		.ascii	"\327\336\027eq\371Z\274`\213^\015W\213\221\177\3452"
 294      71F95ABC 
 294      608B5E0D 
 294      578B917F 
 294      E532
 295 0125 98BD9ADF 		.ascii	"\230\275\232\337\271\235\010y\302\256\301(j\245)\356"
 295      B99D0879 
 295      C2AEC128 
 295      6AA529EE 
 296 0135 650C210E 		.ascii	"e\014!\016^\013\302\244\201\3273SI:\342\333\257\317"
 296      5E0BC2A4 
 296      81D73353 
 296      493AE2DB 
 296      AFCF
 297 0147 E79723BB 		.ascii	"\347\227#\273\366+\257\022w\003{\203\374\377\366\030"
 297      F62BAF12 
 297      77037B83 
 297      FCFFF618 
 298 0157 47EDE899 		.ascii	"G\355\350\231\242\255T\\[\374\020\233\3735\022MB\211"
 298      A2AD545C 
 298      5BFC109B 
 298      FB35124D 
 298      4289
 299 0169 A7F6BF71 		.ascii	"\247\366\277q\272\\\277\341N\034G\246\020$\211\260d"
 299      BA5CBFE1 
 299      4E1C47A6 
 299      102489B0 
 299      64
 300 017a 12E549C7 		.ascii	"\022\345I\307|n\225\317\215\013\220\220I\251\022?\374"
 300      7C6E95CF 
 300      8D0B9090 
 300      49A9123F 
 300      FC
 301 018b 774B5AF3 		.ascii	"wKZ\363\213\312\232\024\377rZC\307\306\325\227\271\206"
 301      8BCA9A14 
 301      FF725A43 
 301      C7C6D597 
 301      B986
 302 019d FD4DB1D8 		.ascii	"\375M\261\330\357\207\353) \344\222q\331c\015nO(\330"
 302      EF87EB29 
 302      20E49271 
 302      D9630D6E 
 302      4F28D8
 303 01b0 3B0CEDBD 		.ascii	";\014\355\275\001\016\014\236p\007L\351\333\245\204"
 303      010E0C9E 
 303      70074CE9 
 303      DBA584
 304 01bf 5D122243 		.ascii	"]\022\"C\035[\261\000\212\262d\364\373\363\337\011\221"
 304      1D5BB100 
 304      8AB264F4 
 304      FBF3DF09 
 304      91
 305 01d0 909FCC84 		.ascii	"\220\237\314\2047\271i\372q\017\\$k\360Tb\3003\364C"
 305      37B969FA 
 305      710F5C24 
 305      6BF05462 
 305      C033F443 
 306 01e4 BCBA3B1B 		.ascii	"\274\272;\033\002e\314%\260>\300v\2063\001Z\305U\341"
 306      0265CC25 
 306      B03EC076 
 306      8633015A 
 306      C555E1
 307 01f7 B8E456E6 		.ascii	"\270\344V\346\033\312w\226\276\300\233wwOc?\377\262"
 307      1BCA7796 
 307      BEC09B77 
 307      774F633F 
 307      FFB2
 308 0209 6E007CD0 		.ascii	"n\000|\320\235\325\351\353U\325\2756\302\210\004\202"
 308      9DD5E9EB 
 308      55D5BD36 
 308      C2880482 
 309 0219 0954EB4F 		.ascii	"\011T\353O\213g\331\233\272\336\2456\240q,\245\377,"
 309      8B67D99B 
 309      BADEA536 
 309      A0712CA5 
 309      FF2C
 310 022b 9E675B1A 		.ascii	"\236g[\032\012\263\243#Aq\365K\235K\271\323\022\206"
 310      0AB3A323 
 310      4171F54B 
 310      9D4BB9D3 
 310      1286
 311 023d 4B71B1E4 		.ascii	"Kq\261\344\032\336v\316!@\022~aq\265\316\372\000\220"
 311      1ADE76CE 
 311      2140127E 
 311      6171B5CE 
 311      FA0090
 312 0250 234B1A2C 		.ascii	"#K\032,\346\304\017\324\327\237h\274\330\2329\327\326"
 312      E6C40FD4 
 312      D79F68BC 
 312      D89A39D7 
 312      D6
 313 0261 92696DAA 		.ascii	"\222im\252oR\246\2711\323\210\013t\351r\033Z\377\002"
 313      6F52A6B9 
 313      31D3880B 
 313      74E9721B 
 313      5AFF02
 314 0274 2F7C0835 		.ascii	"/|\0105"
 315              		.text
 316              		.section	.gnu.lto_getSigma.67a7bf0c,"",%progbits
 317 0000 789C6D53 		.ascii	"x\234mS\335KTA\024\237\337\314\334\335\273\237\256\365"
 317      DD4B5441 
 317      149FDFCC 
 317      DCDDBB9F 
 317      AEF5
 318 0012 52B18550 		.ascii	"R\261\205P\"\026\330s\020\375\013A\317=\264\230\220"
 318      2216D873 
 318      10FD0B41 
 318      CF3DB498 
 318      90
 319 0023 903D943D 		.ascii	"\220=\224=;\355\336\335B\"\204\264\017-\202\312\334"
 319      3BEDDEDD 
 319      422284B4 
 319      0F2D82CA 
 319      DC
 320 0034 B23235AB 		.ascii	"\26225\253-\251\225\036\244/i\037\012)\037\312\240D"
 320      2DA9951E 
 320      A42F691F 
 320      0A291FCA 
 320      A044
 321 0046 245CB1A0 		.ascii	"$\\\261\240\300\266s\346\032\2305p\317\235\371\335\363"
 321      C0B673E6 
 321      1A983570 
 321      CF9DF9DD 
 321      F3
 322 0057 3B1FBF33 		.ascii	";\037\2773W\013\010^a-\304\026z\357\246\007\001\001"
 322      570B085E 
 322      612DC416 
 322      7AEFA607 
 322      0101
 323 0069 D93121C4 		.ascii	"\3311!\3041WB\373\033\345o\306\\-\325\311q!L\330\361"
 323      315742FB 
 323      1BE56FC6 
 323      5C2DD5C9 
 323      71214CD8 
 324 007e 82C2441D 		.ascii	"\202\302D\035\200q\343B\264I\245\035\264I-P\324\250"
 324      8071E342 
 324      B449A51D 
 324      B4492D50 
 324      D4A8
 325 0090 D05236F4 		.ascii	"\320R6\3647\271$Q\362\356\\P\2132\253\0044\035\313\257"
 325      37B92451 
 325      F2EE5C50 
 325      8B32AB04 
 325      341DCBAF 
 326 00a4 BA3FC5F9 		.ascii	"\272?\305\371\010\324\320\321{\374\344\235\256\3573"
 326      08D4D0D1 
 326      7BFCE49D 
 326      AEEF33
 327 00b3 B43EF45E 		.ascii	"\264>\364^\3361\234/\352\254\222\242\"\005\362H\242"
 327      DE319C2F 
 327      EAAC92A2 
 327      2205F248 
 327      A2
 328 00c4 0F492EEB 		.ascii	"\017I.\353:\352\311\267\377\373\370(\324Z\010\332/\215"
 328      3AEAC9B7 
 328      FFFBF828 
 328      D45A08DA 
 328      2F8D
 329 00d6 7D7923EB 		.ascii	"}y#\353z\215I\033S\336oBY\245p\003j%\217 \201~\324\261"
 329      7A8D491B 
 329      53DE6F42 
 329      59A57003 
 329      6A258F20 
 330 00ee B7E93C13 		.ascii	"\267\351<\023W\353,\363\306\323\322K\305LZ]M\314\324"
 330      57EB2CF3 
 330      C6D3D24B 
 330      C54C5A5D 
 330      4DCCD4
 331 0101 B8B99A49 		.ascii	"\270\271\232I\235\334B\035\273O\316\366\014I\265\301"
 331      9DDC421D 
 331      BB4FCEF6 
 331      0C49B5C1 
 332 0111 527F5ECD 		.ascii	"R\177^\315N\007k\2570\263x\266=:l\212^\015U\213\333"
 332      4E076BAF 
 332      30B378B6 
 332      3D3A6C8A 
 332      5E0D558B 
 333 0126 7FD37991 		.ascii	"\177\323y\221\367\353I/\015\265\3112\373\276<\033\211"
 333      F7EB492F 
 333      0DB5C932 
 333      FBBE3C1B 
 333      89
 334 0137 2F333B9F 		.ascii	"/3;\237\2577\035\307\\&\336\371/qz\360WW,\340\261s\015"
 334      AF371DC7 
 334      5C26DEF9 
 334      2F717AF0 
 334      57572CE0 
 335 014e 06518B01 		.ascii	"\006Q\213\001\324\262\"$\304\020\00245\365\007%\347"
 335      D4B22224 
 335      C4100234 
 335      35F50725 
 335      E7
 336 015f DE174F1F 		.ascii	"\336\027O\037\307\325f\233evb\360\275\273\234\245\347"
 336      C7D5669B 
 336      657662F0 
 336      BDBB9CA5 
 336      E7
 337 0170 79ECBC5F 		.ascii	"y\354\274_\237\306\360\277ip\027\265\003{\212\246R\311"
 337      9FC6F0BF 
 337      697017B5 
 337      037B8AA6 
 337      52C9
 338 0182 98E2E9F0 		.ascii	"\230\342\351\360\253\311k\2415\020\034S\332o\032,\035"
 338      ABC96BA1 
 338      35101C53 
 338      DA6F1A2C 
 338      1D
 339 0193 CD9864A0 		.ascii	"\315\230d\240KA\371\202$\213\343\262\011\261\264a22"
 339      4B41F982 
 339      248BE3B2 
 339      09B1B461 
 339      3232
 340 01a5 C226CA26 		.ascii	"\302&\312&f\271q\313\255b \301\246\232\215\020\363\364"
 340      66B971CB 
 340      AD6220C1 
 340      A69A8D10 
 340      F3F4
 341 01b7 D09D294B 		.ascii	"\320\235)KI/5\203l\261\253=\312\275dT\200\312.\024\346"
 341      492F3583 
 341      6CB1AB3D 
 341      CABD6454 
 341      80CA2E14 
 342 01cc DE07DB96 		.ascii	"\336\007\333\226\314\011c\022Y\025\250Hj\021#h\023\031"
 342      CC096312 
 342      5915A848 
 342      6A112368 
 342      1319
 343 01de A533CAC9 		.ascii	"\2453\312\311\252 \025\\\226J\320\365S\237\221^8\376"
 343      AA20155C 
 343      964AD0F5 
 343      539F915E 
 343      38FE
 344 01f0 3DBF6BB5 		.ascii	"=\277k\265N\224\327\312C\324{\0348\230\241\314\237\221"
 344      4E94D7CA 
 344      43D47B1C 
 344      3898A1CC 
 344      9F91
 345 0202 E90EF867 		.ascii	"\351\016\370g\227\240\225\267\321\201\306}\022\203\\"
 345      97A095B7 
 345      D181C67D 
 345      12835C
 346 0211 2E2CBB84 		.ascii	".,\273\204l>\227\240\364\317\260\017\205\21120W\370"
 346      6C3E97A0 
 346      F4CFB00F 
 346      85893230 
 346      57F8
 347 0223 11638AB2 		.ascii	"\021c\212\262\"\337\367F\027\365%\\\004\265F\034<`E"
 347      22DFF746 
 347      17F5255C 
 347      04B5461C 
 347      3C6045
 348 0236 51C02570 		.ascii	"Q\300%p\254s\271E\355S#\304\246\376l\015\271)\345\203"
 348      AC73B945 
 348      ED5323C4 
 348      A6FE6C0D 
 348      B929E583 
 349 024a 518B4718 		.ascii	"Q\213G\030<\223\333\351c\261\214\002}\361\261\257\371"
 349      3C93DBE9 
 349      63B18C02 
 349      7DF1B1AF 
 349      F9
 350 025b 561F8D53 		.ascii	"V\037\215S\375\330\226\264\235kA\177\232\372\010o\""
 350      FDD896B4 
 350      9D6B417F 
 350      9AFA086F 
 350      22
 351 026c B35C1765 		.ascii	"\263\\\027evx\214\013\000\225tvz\354Tdc\217q\011a\301"
 351      76788C0B 
 351      00957476 
 351      7AEC5464 
 351      638F7109 
 352 0282 F1101BE5 		.ascii	"\361\020\033\345hi\037\305Vs\245\344\002$\266&\345T"
 352      68691FC5 
 352      5673A5E4 
 352      0224B626 
 352      E554
 353 0294 E9208555 		.ascii	"\351 \205Uy\036\204\303\203\240>\337\346&\256\357\365"
 353      791E84C3 
 353      83A03EDF 
 353      E626AEEF 
 353      F5
 354 02a5 2751C521 		.ascii	"'Q\305!\251\206\327\271\227\360\221\204-\254J\314\220"
 354      A986D7B9 
 354      97F09184 
 354      2DAC4ACC 
 354      90
 355 02b6 5416A8FE 		.ascii	"T\026\250\376gXn\205f*\360\310\016\213\316!1K\311|g"
 355      67586E85 
 355      662AF0C8 
 355      0E8BCE21 
 355      314BC97C 
 356 02cb AE6F9E66 		.ascii	"\256o\236f\351\005\311%\321\320\260=u\270\271\365@K"
 356      E905C925 
 356      D1D0B03D 
 356      75B8B9F5 
 356      404B
 357 02dd 536B7363 		.ascii	"SkscC\243\320\373S\255)\034RG\216\266\350\226\246\324"
 357      43A3D0FB 
 357      53AD291C 
 357      52478EB6 
 357      E896A6D4 
 358 02f1 2134FF06 		.ascii	"!4\377\006\345\311J\373"
 358      E5C94AFB 
 359              		.text
 360              		.section	.gnu.lto_.symbol_nodes.67a7bf0c,"",%progbits
 361 0000 789C55CA 		.ascii	"x\234U\312\251\015\200@\024E\321;+\236\006\010\225P"
 361      A90D8040 
 361      1445D13B 
 361      2B9E0608 
 361      9550
 362 0012 DA1F8745 		.ascii	"\332\037\207E\242)\003\305.\251\201\240\251\2010\310"
 362      A22903C5 
 362      2EA981A0 
 362      A98130C8 
 363 0022 FFCC4D4E 		.ascii	"\377\314MN\236\307\320\223g'\004\272\223?c\252\263\314"
 363      9EC7D093 
 363      672704BA 
 363      933F63AA 
 363      B3CC
 364 0034 88D1B220 		.ascii	"\210\321\262 VIhH%8\273\"N\1777\304k9\220\240eG\242"
 364      56496848 
 364      2538BB22 
 364      4E7F37C4 
 364      6B3990A0 
 365 004b 12574486 		.ascii	"\022WD\206\3535\256\010\334\355S\361\001@\001&\004"
 365      EB35AE08 
 365      DCED53F1 
 365      01400126 
 365      04
 366              		.text
 367              		.section	.gnu.lto_.refs.67a7bf0c,"",%progbits
 368 0000 789C6361 		.ascii	"x\234ca`d\340d```bb`\346g`\026e\000\000\001\213\000"
 368      6064E064 
 368      60606062 
 368      6260E667 
 368      60166500 
 369 0018 3D       		.ascii	"="
 370              		.text
 371              		.section	.gnu.lto_.decls.67a7bf0c,"",%progbits
 372 0000 789C9555 		.ascii	"x\234\225UkLTG\024\276\347\316eY\326e1`\2141$%\006\022"
 372      6B4C5447 
 372      14BEE7CE 
 372      6559D665 
 372      31608C31 
 373 0018 7E614CFF 		.ascii	"~aL\377\324\177VM\032\177\330\322\227\355?\263l7\262"
 373      D47F564D 
 373      1A7FD8D2 
 373      97ED3FB3 
 373      6C37B2
 374 002b 09AFE2D2 		.ascii	"\011\257\342\322\330_\035\037\210\2665ekq\025\241A\252"
 374      D85F1D1F 
 374      88B63565 
 374      6B7115A1 
 374      41AA
 375 003d 42011104 		.ascii	"B\001\021\004\301\007.W\004\026\360\001\250P\025y\010"
 375      C1072E57 
 375      0416F001 
 375      A8501579 
 375      08
 376 004e 6A634C1B 		.ascii	"jcL\033$\250)\006\266gf\356\365^\350B\322I\316\2359"
 376      24A82906 
 376      B66766EE 
 376      F55EE842 
 376      D249CE9D 
 377 0063 33DFF9E6 		.ascii	"3\337\371\346;gfg\025\011$\326\266Z%\351\000\366\357"
 377      3B676667 
 377      150924D6 
 377      B65A25E9 
 377      00F6EF
 378 0076 C99214C2 		.ascii	"\311\222\024\302\026\205\343mhlu\223$Z$Z\000MEkG\353"
 378      1685E36D 
 378      686C7593 
 378      245A245A 
 378      004D456B 
 379 008c 42EB41EB 		.ascii	"B\353A\353E\353\327\260#\322\374\306\360\026\215+\026"
 379      45EBD7B0 
 379      23D2FCC6 
 379      F0168D2B 
 379      16
 380 009d 6D05DA05 		.ascii	"m\005\332\005\215\263\011\015\267\223\352\321\032\265"
 380      8DB3090D 
 380      B793EAD1 
 380      1AB5
 381 00ab F880F4DF 		.ascii	"\370\200\364\337\246\376O\0165\014\007\323k5\305\247"
 381      A6FE4F0E 
 381      350C07D3 
 381      6B35C5A7 
 382 00bb A27D8136 		.ascii	"\242}\2016\2126\2166\214\366P\303\202\206\017\227\017"
 382      8A368E36 
 382      8CF650C3 
 382      82860F97 
 382      0F
 383 00cc F3898963 		.ascii	"\363\211\211c8\314^z\353\322\260\372\236z\035A[[\330"
 383      38CC5E7A 
 383      EBD2B0FA 
 383      9E7A1D41 
 383      5B5BD8
 384 00df 582D9505 		.ascii	"X-\225\005\370TSLO\230\030V{\313\202\230\215Z\334G\246"
 384      F854534C 
 384      4F981856 
 384      7BCB8298 
 384      8D5ADC47 
 385 00f4 D8DE30B1 		.ascii	"\330\3360\261\354\314lK\304N\240\335B{\214\026\324b"
 385      ECCC6C4B 
 385      C44EA0DD 
 385      427B8C16 
 385      D462
 386 0106 8816D7BB 		.ascii	"\210\026\327\273\210\236Y\031\246\007\252\357F\016\301"
 386      889E5919 
 386      A607AAEF 
 386      460EC1
 387 0115 7D90415C 		.ascii	"}\220A\\.\354D\017\360\326\330\207\017%\220\031\012"
 387      2EEC440F 
 387      F0D6D887 
 387      0F259019 
 387      0A
 388 0126 24630A4C 		.ascii	"$c\012L@N\241\017\215tx\004h}Ho\000\372f\360\266\351"
 388      404EA10F 
 388      8D747804 
 388      687D486F 
 388      00FA66F0 
 389 013c 0160048B 		.ascii	"\001`\004\213e\331`\325\\=\300\340\323\244\2324\011"
 389      65D960D5 
 389      5C3DC0E0 
 389      D3A49A34 
 389      09
 390 014d 4192590B 		.ascii	"A\222Y\013Oz\244\363L\233\215`\3068\356\373s\366\011"
 390      4F7AA4F3 
 390      4C9B8D60 
 390      C638EEFB 
 390      73F609
 391 0160 A4D4506C 		.ascii	"\244\324Pl\205\224\312\253\215\322\364\357\253+!\323"
 391      8594CAAB 
 391      8DD2F4EF 
 391      AB2B21D3 
 392 0170 32C4DA40 		.ascii	"2\304\332@A\367\305\315\342\011\007\272+l\220\200n\361"
 392      41F7C5CD 
 392      E20907BA 
 392      2B6C9080 
 392      6EF1
 393 0182 F8D993D1 		.ascii	"\370\331\223\321$\216s\224U\225\357'd%\037\027_\236"
 393      248E7394 
 393      5595EF27 
 393      64251F17 
 393      5F9E
 394 0194 EE891051 		.ascii	"\356\211\020QVt\233\377\256n\216\026Q*[\256\257\036"
 394      56749BFF 
 394      AE6E8E16 
 394      512A5BAE 
 394      AF1E
 395 01a6 381E4592 		.ascii	"8\036E\222\030Tysl\177\203\015\022\343\222\023\313\331"
 395      18547973 
 395      6C7F830D 
 395      12E39213 
 395      CBD9
 396 01b8 F663F5A7 		.ascii	"\366c\365\247\034G\237Rz\320\002\233\226A\015\0208\007"
 396      1C479F52 
 396      7AD0029B 
 396      96410D10 
 396      3807
 397 01ca 71500DF1 		.ascii	"qP\015\361P\005\361\022\254\215\307\014\326\341G\362"
 397      5005F112 
 397      AC8DC70C 
 397      D6E147F2 
 398 01da 71B12AA5 		.ascii	"q\261*\245\340\225\340,\256\327\262\3653Z\300\357\220"
 398      E095E02C 
 398      AED7B2F5 
 398      335AC0EF 
 398      90
 399 01eb 020D900C 		.ascii	"\002\015\220\014\365\220\010\215\220\310\2639\315\""
 399      F590088D 
 399      90C8B339 
 399      CD22
 400 01f9 545FC10A 		.ascii	"T_\301\012J\255\014$1\224\226)\337[-*\2607Pu\037a[\327"
 400      4AAD0C24 
 400      31949629 
 400      DF5B2D2A 
 400      B0375075 
 401 0211 85DD1A3D 		.ascii	"\205\335\032=Q\227\201\246\352\327\021\344]\226\202"
 401      519781A6 
 401      EAD711E4 
 401      5D9682
 402 0220 FC53D12F 		.ascii	"\374S\321/U\012\304%\207\227\324\2142\226\226\344\017"
 402      550AC425 
 402      8797D48C 
 402      329696E4 
 402      0F
 403 0231 0293D484 		.ascii	"\002\223\324\204\240\363\270\253P\305\025\362\255f\036"
 403      A0F3B8AB 
 403      50C515F2 
 403      AD661E
 404 0240 4C8DC7D8 		.ascii	"L\215\307\330\277\247t\017-\334Kc\273\034\034\251\353"
 404      BFA7740F 
 404      2DDC4B63 
 404      BB1C1CA9 
 404      EB
 405 0251 92E002D8 		.ascii	"\222\340\002\330\265\303zy\256\277\306\242\310b\016"
 405      B5C37A79 
 405      AEBFC6A2 
 405      C8620E
 406 0260 D2145EEB 		.ascii	"\322\024^\353\037\033\217\313o\347.\002\237\354\010"
 406      1F1B8FCB 
 406      6FE72E02 
 406      9FEC08
 407 026f BD5663C4 		.ascii	"\275Vc\304\371\310\350\336\236\274Q\272L\234\317rt{"
 407      F9C8E8DE 
 407      9EBC51BA 
 407      4C9CCF72 
 407      747B
 408 0281 CF0D5C8B 		.ascii	"\317\015\\\213\\u\204i\243{i\202\014\333VB\013nw\231"
 408      5C758469 
 408      A37B6982 
 408      0CDB5642 
 408      0B6E7799 
 409 0295 6F770556 		.ascii	"ow\005V\341\367\022(b\317\332\271\322&\262\246\214\226"
 409      E1F71228 
 409      62CFDAB9 
 409      D226B2A6 
 409      8C96
 410 02a7 D5D1B117 		.ascii	"\325\321\261\027\317\326\035\243\352\036\014\223\031"
 410      CFD61DA3 
 410      EA1E0C93 
 410      19
 411 02b4 0C2A8D6C 		.ascii	"\014*\215lp\310\272\012\030\302\353\030\2005\030\031"
 411      70C8BA0A 
 411      18C2EB18 
 411      80351819 
 412 02c4 28F1D510 		.ascii	"(\361\325\020\262\205_\230\352\221\341\227V\301\242"
 412      B2855F98 
 412      EA91E197 
 412      56C1A2
 413 02d3 5E72D37C 		.ascii	"^r\323|\244P8E\253A\321j\246P9\305\375\356\023=\012"
 413      A4503845 
 413      AB41D16A 
 413      A65039C5 
 413      FDEE133D 
 414 02e8 F99853D4 		.ascii	"\371\230S\324\326\274\251\263\361DSmZ\356s\005\323\255"
 414      D6BCA9B3 
 414      F144536D 
 414      5AEE7305 
 414      D3AD
 415 02fa 31E64470 		.ascii	"1\346Dp\305H\344\032O\244MO\344\316U\337\017,\221:\224"
 415      C548E41A 
 415      4FA44D4F 
 415      E4CE55DF 
 415      0F2C913A 
 416 030f 303B60A7 		.ascii	"0;`\247}\030\264\201\201\340\252\241\341\252YC;\327"
 416      7D18B481 
 416      81E0AAA1 
 416      E1AA5943 
 416      3BD7
 417 0321 30E70F1C 		.ascii	"0\347\017\034\265\220/\027h\300\033\264\210\006\\14"
 417      B5902F17 
 417      68C01BB4 
 417      88065C31 
 417      34
 418 0332 04B9864E 		.ascii	"\004\271\206N]Cp\344R\011\3230\211\032\016\007\211("
 418      5D4370E4 
 418      5209D330 
 418      891A0E07 
 418      8928
 419 0344 E66E99C1 		.ascii	"\346n\231\301\240\303P\321aV\321\305U\324\374\325\372"
 419      A0C350D1 
 419      6156D1C5 
 419      55D4FCD5 
 419      FA
 420 0355 4C264EAE 		.ascii	"L&N\256\302\3372E\035\032K \250g\3028\272\015\216n3"
 420      C2DF3245 
 420      1D1A4B20 
 420      A867C238 
 420      BA0D8E6E 
 421 036a 470FE7A8 		.ascii	"G\017\347\250,\272u\304A\322\027\253\346\243\212'y|"
 421      2CBA75C4 
 421      41D217AB 
 421      E6A38A27 
 421      797C
 422 037c 66A31D6E 		.ascii	"f\243\035n\210{\324Y\024xM\026M\356\026O\356\246\236"
 422      887BD459 
 422      14784D16 
 422      4DEE164F 
 422      EEA69E
 423 038f 9C6FB43D 		.ascii	"\234o\264=\024\201\262\306P\326\275\036!KU\030\012\256"
 423      1481B2C6 
 423      50D6BD1E 
 423      214B5518 
 423      0AAE
 424 03a1 1BBAAE9B 		.ascii	"\033\272\256\233u\365r]-3\245\347\355$\207\353:\364"
 424      75F5725D 
 424      2D33A5E7 
 424      ED2487EB 
 424      3AF4
 425 03b3 68AFCFAE 		.ascii	"h\257\317\256]\224\237\347\223\364\031$}f\222~Nr\357"
 425      5D949FE7 
 425      93F41924 
 425      7D66927E 
 425      4E72EF
 426 03c6 E0A90E85 		.ascii	"\340\251\016\205|\313I\232\236vw\332\304\365\247\200"
 426      7CCB499A 
 426      9E7677DA 
 426      C4F5A780 
 427 03d6 FEECE0F3 		.ascii	"\376\354\340\363v\020\367\237\262\367\352\360\311\332"
 427      7610F79F 
 427      B2F7EAF0 
 427      C9DA
 428 03e4 8BD162FD 		.ascii	"\213\321b\375\035t\333\324\251\367m\007\370\217[\374"
 428      1D74DBD4 
 428      A9F76D07 
 428      F88F5BFC 
 429 03f4 FE70DEF8 		.ascii	"\376p\336\370\371\015\002\376#\341\353\000\003\350\262"
 429      F90D02FE 
 429      23E1EB00 
 429      03E8B2
 430 0403 B7B4DF3F 		.ascii	"\267\264\337?\010\261\205\332[\272\301\313\012x\027"
 430      08B185DA 
 430      5BBAC1CB 
 430      0A7817
 431 0412 D17738FA 		.ascii	"\321w8\372\017\210\325c\0308\377\320\031?S\202\030\366"
 431      0F88D563 
 431      1838FFD0 
 431      193F5382 
 431      18F6
 432 0424 7C47E2D4 		.ascii	"|G\342\324\343\311\231&EL1\216]85\352oSe\222\017B|\345"
 432      E3C99926 
 432      454C318E 
 432      5D3835EA 
 432      6F536592 
 433 043c AFCF20F9 		.ascii	"\257\317 \371\264\376V\363\003z\300\363\325\337\354"
 433      B4FE56F3 
 433      037AC0F3 
 433      D5DFEC
 434 044b D050F160 		.ascii	"\320P\361`\224.\270\020\005K\306+6\204/\020\006\260"
 434      942EB810 
 434      054BC62B 
 434      36842F10 
 434      06B0
 435 045d 3AE1FF5D 		.ascii	":\341\377]<\334\023\242\375]\257\272\243\314\242\037"
 435      3CDC13A2 
 435      FD5DAFBA 
 435      A3CCA21F 
 436 046d C212AA4F 		.ascii	"\302\022\252O\\\317?\346H\372\215\366\225Q\365|%\354"
 436      5CCF3FE6 
 436      48FA8DF6 
 436      9551F57C 
 436      25EC
 437 047f 6627300C 		.ascii	"f'0\014\261p[\234\200)\220\315|\206\032G iV&%\255w\232"
 437      B1705B9C 
 437      802990CD 
 437      7C861A47 
 437      20695626 
 438 0497 09D8E201 		.ascii	"\011\330\342\001\327\301TP\311T\316Q^\316G\350\217\241"
 438      D7C15450 
 438      C954CE51 
 438      5ECE47E8 
 438      8FA1
 439 04a9 5F4C1136 		.ascii	"_L\0216\031\012}\207\265\341K|\202\372\3127\037\360"
 439      190A7D87 
 439      B5E14B7C 
 439      82FACA37 
 439      1FF0
 440 04bb ADE613EC 		.ascii	"\255\346\023\354\203\222^=\254\252\260\315{$\231 \203"
 440      83925E3D 
 440      ACAAB0CD 
 440      7B249920 
 440      83
 441 04cc 765C3C92 		.ascii	"v\\<\222\254G\364?\373\372\212\311<4\273@\006zBCOp\364"
 441      AC47F43F 
 441      FBFA8AC9 
 441      3C34BB40 
 441      067A4243 
 442 04e3 F382C373 		.ascii	"\363\202\303sQ\363\320\301y\350\307\032\232\365\221"
 442      51F3D0C1 
 442      79E8C71A 
 442      9AF591
 443 04f2 AE9C8C5D 		.ascii	"\256\234\214]\233=\337X?\370\360\363\204M\353\327K\362"
 443      9B3DDF58 
 443      3FF8F0F3 
 443      844DEBD7 
 443      4BF2
 444 0504 276E872B 		.ascii	"'n\207+;3'\303\275k{V^f\232;W\336\222iKIY\233\351\364"
 444      3B3327C3 
 444      BD6B7B56 
 444      5E669A3B 
 444      57DE9269 
 445 051e 64A5A44B 		.ascii	"d\245\244K\012\013X\216\2763\327\343M\317t{=\256\024"
 445      0A0B588E 
 445      BE33D7E3 
 445      4DCF747B 
 445      3DAE14
 446 0531 97A0D99A 		.ascii	"\227\240\331\232\227aqe\347~\345qY\235i;\2633\362\274"
 446      97617165 
 446      E77EE571 
 446      599D693B 
 446      B333F2BC 
 447 0545 6ECBCEAF 		.ascii	"n\313\316\257\363\234\271\356\310\035n\357V\2673\313"
 447      F39CB9EE 
 447      C81D6EEF 
 447      56B733CB 
 448 0555 8AFDA79E 		.ascii	"\212\375\247\236\035\231\316e\002\267\335\345u\246\021"
 448      1D99CE65 
 448      02B7DDE5 
 448      75A611
 449 0564 4F96F75F 		.ascii	"O\226\367_t\354\263-"
 449      74ECB32D 
 450              		.text
 451              		.section	.gnu.lto_.symtab.67a7bf0c,"",%progbits
 452 0000 63706C78 		.ascii	"cplxDiv\000"
 452      44697600 
 453 0008 00       		.ascii	"\000"
 454 0009 00       		.ascii	"\000"
 455 000a 00       		.ascii	"\000"
 456 000b 00000000 		.ascii	"\000\000\000\000\000\000\000\000"
 456      00000000 
 457 0013 BE000000 		.ascii	"\276\000\000\000"
 458 0017 63706C78 		.ascii	"cplxMul\000"
 458      4D756C00 
 459 001f 00       		.ascii	"\000"
 460 0020 00       		.ascii	"\000"
 461 0021 00       		.ascii	"\000"
 462 0022 00000000 		.ascii	"\000\000\000\000\000\000\000\000"
 462      00000000 
 463 002a C0000000 		.ascii	"\300\000\000\000"
 464 002e 636F7264 		.ascii	"cordic\000"
 464      696300
 465 0035 00       		.ascii	"\000"
 466 0036 00       		.ascii	"\000"
 467 0037 00       		.ascii	"\000"
 468 0038 00000000 		.ascii	"\000\000\000\000\000\000\000\000"
 468      00000000 
 469 0040 C4000000 		.ascii	"\304\000\000\000"
 470 0044 6162736F 		.ascii	"absolute\000"
 470      6C757465 
 470      00
 471 004d 00       		.ascii	"\000"
 472 004e 00       		.ascii	"\000"
 473 004f 00       		.ascii	"\000"
 474 0050 00000000 		.ascii	"\000\000\000\000\000\000\000\000"
 474      00000000 
 475 0058 C8000000 		.ascii	"\310\000\000\000"
 476 005c 73717561 		.ascii	"square\000"
 476      726500
 477 0063 00       		.ascii	"\000"
 478 0064 00       		.ascii	"\000"
 479 0065 00       		.ascii	"\000"
 480 0066 00000000 		.ascii	"\000\000\000\000\000\000\000\000"
 480      00000000 
 481 006e CA000000 		.ascii	"\312\000\000\000"
 482 0072 6765744D 		.ascii	"getMean\000"
 482      65616E00 
 483 007a 00       		.ascii	"\000"
 484 007b 00       		.ascii	"\000"
 485 007c 00       		.ascii	"\000"
 486 007d 00000000 		.ascii	"\000\000\000\000\000\000\000\000"
 486      00000000 
 487 0085 CF000000 		.ascii	"\317\000\000\000"
 488 0089 67657453 		.ascii	"getSigma\000"
 488      69676D61 
 488      00
 489 0092 00       		.ascii	"\000"
 490 0093 00       		.ascii	"\000"
 491 0094 00       		.ascii	"\000"
 492 0095 00000000 		.ascii	"\000\000\000\000\000\000\000\000"
 492      00000000 
 493 009d D1000000 		.ascii	"\321\000\000\000"
 494              		.text
 495              		.section	.gnu.lto_.opts,"",%progbits
 496 0000 272D666E 		.ascii	"'-fno-math-errno' '-fno-signed-zeros' '-fno-trappin"
 496      6F2D6D61 
 496      74682D65 
 496      72726E6F 
 496      2720272D 
 497 0033 672D6D61 		.ascii	"g-math' '-fno-trapv' '-fno-openmp' '-fno-openacc' '"
 497      74682720 
 497      272D666E 
 497      6F2D7472 
 497      61707627 
 498 0066 2D6D6370 		.ascii	"-mcpu=cortex-m3' '-march=armv7-m' '-mthumb' '-mlitt"
 498      753D636F 
 498      72746578 
 498      2D6D3327 
 498      20272D6D 
 499 0099 6C652D65 		.ascii	"le-endian' '-munaligned-access' '-Os' '-fmessage-le"
 499      6E646961 
 499      6E272027 
 499      2D6D756E 
 499      616C6967 
 500 00cc 6E677468 		.ascii	"ngth=0' '-fsigned-char' '-ffunction-sections' '-fda"
 500      3D302720 
 500      272D6673 
 500      69676E65 
 500      642D6368 
 501 00ff 74612D73 		.ascii	"ta-sections' '-fsingle-precision-constant' '-flto' "
 501      65637469 
 501      6F6E7327 
 501      20272D66 
 501      73696E67 
 502 0132 272D6666 		.ascii	"'-ffast-math'\000"
 502      6173742D 
 502      6D617468 
 502      2700
 503              		.text
 504              		.comm	__gnu_lto_v1,1,1
 505              		.comm	__gnu_lto_slim,1,1
 506              		.ident	"GCC: (GNU Tools for ARM Embedded Processors) 5.4.1 20160919 (release) [ARM/embedded-5-bran
DEFINED SYMBOLS
                            *ABS*:00000000 arithmetic.c
                            *COM*:00000001 __gnu_lto_v1
                            *COM*:00000001 __gnu_lto_slim

NO UNDEFINED SYMBOLS
