   1              		.syntax unified
   2              		.cpu cortex-m3
   3              		.fpu softvfp
   4              		.eabi_attribute 23, 1
   5              		.eabi_attribute 24, 1
   6              		.eabi_attribute 25, 1
   7              		.eabi_attribute 26, 1
   8              		.eabi_attribute 30, 4
   9              		.eabi_attribute 34, 1
  10              		.eabi_attribute 18, 4
  11              		.thumb
  12              		.syntax unified
  13              		.file	"flash.c"
  14              		.section	.gnu.lto_.profile.67a7ab84,"",%progbits
  15 0000 789C6361 		.ascii	"x\234ca`d`a`\000\222\365N\000\001\252\000\314"
  15      60646061 
  15      600092F5 
  15      4E0001AA 
  15      00CC
  16              		.text
  17              		.section	.gnu.lto_.icf.67a7ab84,"",%progbits
  18 0000 789C6361 		.ascii	"x\234ca`d\000\001\035\006\004`g\270\264u\367z.\306\376"
  18      60640001 
  18      1D060460 
  18      67B8B475 
  18      F77A2EC6 
  19 0015 C59F1E72 		.ascii	"\305\237\036r3\235}\366x\022#\363\231\216\303\263XX"
  19      339D7DF6 
  19      781223F3 
  19      998EC3B3 
  19      5858
  20 0027 D6CF5CB9 		.ascii	"\326\317\\\271\212\223u\335\312\311\217\270\330\236"
  20      8A9375DD 
  20      CAC98FB8 
  20      D89E
  21 0035 CC6DDECB 		.ascii	"\314m\336\313\303\000\000\334\234\024~"
  21      C30000DC 
  21      9C147E
  22              		.text
  23              		.section	.gnu.lto_.jmpfuncs.67a7ab84,"",%progbits
  24 0000 789C45CB 		.ascii	"x\234E\313\333\011\000 \014C\321\333\207v\"\347\313"
  24      DB090020 
  24      0C43D1DB 
  24      877622E7 
  24      CB
  25 0011 EAD68FE2 		.ascii	"\352\326\217\342\201@\010$1\236\303W\035k\302! \335"
  25      81400824 
  25      319EC357 
  25      1D6BC221 
  25      20DD
  26 0023 2C2458D1 		.ascii	",$X\321kI\332S\3109]}\204\004\366"
  26      6B49DA53 
  26      C8395D7D 
  26      8404F6
  27              		.text
  28              		.section	.gnu.lto_.inline.67a7ab84,"",%progbits
  29 0000 789C6361 		.ascii	"x\234ca`d\000\201\213\014\010\300\316\300\300\306\312"
  29      60640081 
  29      8B0C08C0 
  29      CEC0C0C6 
  29      CA
  30 0011 C8C0C4F6 		.ascii	"\310\300\304\366A\217\201m\201<\023H\214\221Ap\016#"
  30      418F816D 
  30      813C1348 
  30      8C914170 
  30      0E23
  31 0023 504C62CF 		.ascii	"PLb\317wf\270 \0237P3\023\003+\013P\202e\201<\\\234"
  31      7766B820 
  31      13375033 
  31      13032B0B 
  31      50826581 
  32 003a 19533F0B 		.ascii	"\031S?\013\203\320*&F&\006\005\240\016F\020\301$\366"
  32      83D02A26 
  32      46260605 
  32      A00E4610 
  32      C124F6
  33 004d 62311B9A 		.ascii	"b1\033\232I \202\225\201\347\001\003T!\023\210`\026"
  33      49208295 
  33      81E70103 
  33      54211388 
  33      6016
  34 005f 98D0CF05 		.ascii	"\230\320\317\005Q\310tn-#\007H9\033\203\300#FFF\260"
  34      51C8746E 
  34      2D230748 
  34      391B83C0 
  34      23464646 
  35 0074 3C13429E 		.ascii	"<\023B\236\005\344P.\220\003x\200\326O\360\233\340\007"
  35      05E4502E 
  35      90037880 
  35      D64FF09B 
  35      E007
  36 0086 E6310000 		.ascii	"\3461\000\000\321\367\027\035"
  36      D1F7171D 
  37              		.text
  38              		.section	.gnu.lto_.pureconst.67a7ab84,"",%progbits
  39 0000 789C6361 		.ascii	"x\234ca`d\340g```g\220b\224b\222b\226b\221b\225b\223"
  39      6064E067 
  39      60606067 
  39      90629462 
  39      92629662 
  40 0019 04000777 		.ascii	"\004\000\007w\000\346"
  40      00E6
  41              		.text
  42              		.section	.gnu.lto_flash_ready.67a7ab84,"",%progbits
  43 0000 789C2D8F 		.ascii	"x\234-\217\277N\002A\020\306\347\233=\216\213\312\023"
  43      BF4E0241 
  43      10C6E79B 
  43      3D8E8BCA 
  43      13
  44 0011 48414B21 		.ascii	"HAK!g\342\233X\330\033\023ca\347\003\260\002\207$Z\330"
  44      67E29B58 
  44      D81B1363 
  44      61E703B0 
  44      0287245A 
  45 0026 A095A104 		.ascii	"\240\225\241\004\377 1\241\321\212\020P\023\023}\005"
  45      FF2031A1 
  45      D18A1050 
  45      13137D05 
  46 0036 3448612C 		.ascii	"4Ha,\304h\210\212\2343\234\223\354\316\316\316/\337"
  46      C468888A 
  46      9C339C93 
  46      ECCECECE 
  46      2FDF
  47 0048 37E31048 		.ascii	"7\343\020HcERB\362\274\034\030\002\357\337\023m{\014"
  47      63455242 
  47      F2BC1C18 
  47      02EFDF13 
  47      6D7B0C
  48 005b E8C37AA0 		.ascii	"\350\303z\240,#\213O\376e\334\215n\367f\322Uks\266\027"
  48      2C238B4F 
  48      FE65DC8D 
  48      6EF766D2 
  48      556B73B6 
  49 0070 5CCF1DD6 		.ascii	"\\\317\035\326Z\010\014Q\310\204\245$\026\223*QE\232"
  49      5A080C51 
  49      C884A524 
  49      16932A51 
  49      459A
  50 0082 047DBA98 		.ascii	"\004}\272\230\224\023n\301J\244\024\220N\015\256Z6\226"
  50      94136EC1 
  50      4AA41490 
  50      4E0DAE5A 
  50      3696
  51 0094 5B360CF3 		.ascii	"[6\014\363\326\216Rp\231\002#\256r9rq\214T\217\336\204"
  51      D68E5270 
  51      990223AE 
  51      72397271 
  51      8C548FDE 
  52 00a9 57F721B3 		.ascii	"W\367!\263f3@\373\352qA\005\362F\3478\010\332\017\361"
  52      663340FB 
  52      EA714105 
  52      F246E738 
  52      08DA0FF1 
  53 00bd 0F0E8C81 		.ascii	"\017\016\214\201z}?ww\275\250\264\255\222u\344\253<"
  53      7A7D3F77 
  53      77BDA8B4 
  53      AD9275E4 
  53      AB3C
  54 00cf EE0FB982 		.ascii	"\356\017\271\202#\231\317\301\011\2228\206L'\215\237"
  54      2399CFC1 
  54      09923886 
  54      4C278D9F 
  55 00df 52AFE0F9 		.ascii	"R\257\340\371u[\220N\014\247\250`\242\303\021\316\340"
  55      755B904E 
  55      0CA7A860 
  55      A2C311CE 
  55      E0
  56 00f0 D300F971 		.ascii	"\323\000\371q\261\343FF&\362jvn\212SqH\324EE\240\346"
  56      B1E34646 
  56      26F26A76 
  56      6E8A5371 
  56      48D44545 
  57 0106 4EDF8920 		.ascii	"N\337\211 G8\201\032\257\227_\211\010\"\234O\241\334"
  57      4738811A 
  57      AF975F89 
  57      08229C4F 
  57      A1DC
  58 0118 7B3C4262 		.ascii	"{<BbB\321\013\370\277\242\351~\320\275\304x6\223\361"
  58      42D10BF8 
  58      BFA2E97E 
  58      D0BDC478 
  58      3693F1
  59 012b D73757B7 		.ascii	"\3277W\26762k\364\007\347SqG"
  59      36326BF4 
  59      07E75371 
  59      47
  60              		.text
  61              		.section	.gnu.lto_flash_erase_page.67a7ab84,"",%progbits
  62 0000 789C9D53 		.ascii	"x\234\235SMOSA\024\275g\346\365\365\025\372\301\306"
  62      4D4F5341 
  62      14BD67E6 
  62      F5F515FA 
  62      C1C6
  63 0012 95C4B023 		.ascii	"\225\304\260#lh\374\011n\374\001\376\003b1.\\\311\017"
  63      6C68FC09 
  63      6EFC01FE 
  63      0362312E 
  63      5CC90F
  64 0025 E894D76A 		.ascii	"\350\224\327j\023\025u\001\013\242!.\014U\304RP\261"
  64      13157501 
  64      0BA2212E 
  64      0C55C452 
  64      50B1
  65 0037 28FAC454 		.ascii	"(\372\304TWb\210\256t\203_\304\030\2026j\374\002\236"
  65      576288AE 
  65      74835FC4 
  65      1882366A 
  65      FC029E
  66 004a F7761A5F 		.ascii	"\367v\032_4q\001\223\274;w&w\3169\367\344>\207@\262"
  66      34710193 
  66      BC3B7726 
  66      77CE39F7 
  66      E43E8740 
  67 005f 3E6BA23D 		.ascii	">k\242=\274\037\344\017.A\235[&*x\012\332&Z\305N?&2"
  67      BC1FE40F 
  67      2E419D5B 
  67      262A780A 
  67      DA265AC5 
  68 0077 1D4E314E 		.ascii	"\035N1N&\031\263\367\007\034@v\343\201\362J\307\034"
  68      2619B3F7 
  68      071C4076 
  68      E381F24A 
  68      C71C
  69 0089 7024BBBE 		.ascii	"p$\273\276\252-\205\245\223ku\3257ix\2556NhS\011P\342"
  69      AA2D85A5 
  69      936B75D5 
  69      376978AD 
  69      364E6853 
  70 00a0 8250D91A 		.ascii	"\202P\331\032L\242\217\253V\2123\027\364\027U\322\200"
  70      4CA28FAB 
  70      568A3317 
  70      F41755D2 
  70      80
  71 00b1 C3C7E693 		.ascii	"\303\307\346\223\3617i9*\364\360\361y\355\343\262\322"
  71      F1376939 
  71      2AF4F0F1 
  71      79EDE3B2 
  71      D2
  72 00c2 6910E753 		.ascii	"i\020\347S\033\217\236y\275\227\215\0316\346\374\240"
  72      1B8F9E79 
  72      BD978D19 
  72      36E6FCA0 
  73 00d2 4994B4C6 		.ascii	"I\224\264\306Uh\306\303\025t\243\202n\342+\302\024z"
  73      5568C6C3 
  73      1574A382 
  73      6EE22BC2 
  73      147A
  74 00e4 A5FC756D 		.ascii	"\245\374um{4\345\026\205\276\307\222\342\032\\\351\270"
  74      7B34E516 
  74      85BEC792 
  74      E21A5CE9 
  74      B8
  75 00f5 7A283061 		.ascii	"z(0a\350\0333\267\277\242\2724\277r\034\011.\344\255"
  75      E81B33B7 
  75      BFA2BA34 
  75      BF721C09 
  75      2EE4AD
  76 0108 27694242 		.ascii	"'iBB\222C,%YZ\002\321'Fa\013\232J\361\246\327\260\264"
  76      92432C25 
  76      595A02D1 
  76      2746610B 
  76      9A4AF1A6 
  77 011f D03CB357 		.ascii	"\320<\263WP}\255\231q\254\264\3644.\332\335\226\336"
  77      507DAD99 
  77      71ACB4F4 
  77      342EDADD 
  77      96DE
  78 0131 9FEF1AA7 		.ascii	"\237\357\032\247<{4A\331Hw\243\233o\233j\002\027\331"
  78      3C7B3441 
  78      D94877A3 
  78      9B6F9B6A 
  78      0217D9
  79 0144 8838AEB3 		.ascii	"\2108\256\263\350i\026-\265\277\312\253E/;m\212\005"
  79      E869162D 
  79      B5BFCAAB 
  79      452F3B6D 
  79      8A05
  80 0156 D355D21E 		.ascii	"\323U\322\036\252\230\300v\313(\314 Kk\360\277\273\226"
  80      AA98C076 
  80      CB28CC20 
  80      4B6BF0BF 
  80      BB96
  81 0168 C8B15C8D 		.ascii	"\310\261\\\215\360[\220\021p\007\0125Fa5c\220\222\235"
  81      F05B9011 
  81      70070A35 
  81      46613563 
  81      90929D
  82 017b D0CC4634 		.ascii	"\320\314F4s\3102\270\300\214\327F\272\377\001*\210\213"
  82      73C832B8 
  82      C08CD746 
  82      BAFF012A 
  82      888B
  83 018d 99FFA241 		.ascii	"\231\377\242A\260n\264\260\304_\334\024,\227Z\006\215"
  83      B06EB4B0 
  83      C45FDC14 
  83      2C975A06 
  83      8D
  84 019e B40DF276 		.ascii	"\264\015\362v\242\353V\244k\376\357\366\023\026i~cj"
  84      A2EB56A4 
  84      6BFEEFF6 
  84      1316697E 
  84      636A
  85 01b0 3E65DB0F 		.ascii	">e\333\017\010\267w\333\177=\342Y\020\315\011\316\232"
  85      08B777DB 
  85      7F3DE259 
  85      10CD09CE 
  85      9A
  86 01c1 3CC53CD7 		.ascii	"<\305<\327\372=\374`1gY\223\374\266^_\177\031\317o\231"
  86      FA3DFC60 
  86      31675993 
  86      FCB65E5F 
  86      7F19CF6F 
  87 01d6 B291B789 		.ascii	"\262\221\267\211PZ\305\035\344y4:\350\025\212/\374}"
  87      505AC51D 
  87      E479343A 
  87      E8158A2F 
  87      FC7D
  88 01e8 517175BD 		.ascii	"Qqu\275\376\243\245/\006\302]a'\031\237\030\361\217"
  88      FEA3A52F 
  88      06C25D61 
  88      27199F18 
  88      F18F
  89 01fa 84A672FE 		.ascii	"\204\246r\376\314\317\331\266=\251\235\310^\214d\337"
  89      CCCFD9B6 
  89      3DA99DC8 
  89      5E8C64DF 
  90 020a B3F66CB6 		.ascii	"\263\366l\266\355I[\244\331\207\376\245Nk\317V\030\206"
  90      ED495BA4 
  90      D987FEA5 
  90      4E6BCF56 
  90      1886
  91 021c 19DCDFAD 		.ascii	"\031\334\337\255CAD\365@\034J\323\007\014\007+\216\340"
  91      434144F5 
  91      401C4AD3 
  91      070C072B 
  91      8EE0
  92 022e B49B0237 		.ascii	"\264\233\0027\303\025\235\375\375\331#\307\006\206\216"
  92      C3159DFD 
  92      FDD923C7 
  92      06868E
  93 023d F61FA6F8 		.ascii	"\366\037\246\370@.w|ph\3507v\026P\313"
  93      402E777C 
  93      7068E837 
  93      761650CB 
  94              		.text
  95              		.section	.gnu.lto_flash_unlock.67a7ab84,"",%progbits
  96 0000 789C8590 		.ascii	"x\234\205\220\261J\003A\020\206\347\237=\342\201\006"
  96      B14A0341 
  96      1086E79F 
  96      3DE28106 
  97 0010 1FC01469 		.ascii	"\037\300\024i\003r\367.\276A\020\304\302\316\007\310"
  97      0372F72E 
  97      BE4110C4 
  97      C2CE07C8 
  98 0020 26E63068 		.ascii	"&\3460h#\310Y)),\022=cLi#!\020K\363\012A4J\032\023\214"
  98      23C85929 
  98      292C123D 
  98      634C6923 
  98      21104BF3 
  99 003b 086A1267 		.ascii	"\010j\022g\356\004\261r`\231\335\235\231\377\373w\035"
  99      EE04B172 
  99      6099DD9D 
  99      99FFFB77 
  99      1D
 100 004c 0269E425 		.ascii	"\002i\344%\245%\257\310\202!\360\301\035Q\321e@7\326"
 100      A525AFC8 
 100      8221F0C1 
 100      1D51D165 
 100      4037D6
 101 005f 05151805 		.ascii	"\005\025\030\005\274\361\224\321\331\035\\s\256f%\372"
 101      BCF194D1 
 101      D91D5C73 
 101      AE6625FA 
 102 006f DD3D63EB 		.ascii	"\335=c\353m\004\206h\316\261\022\241\206\034I\333}k"
 102      6D048668 
 102      CEB112A1 
 102      861C49DB 
 102      7D6B
 103 0081 16A65365 		.ascii	"\026\246Sem\313&E\324\221R\\s\255m\347\363\035k_\263"
 103      6DCB2645 
 103      D491525C 
 103      73AD6DE7 
 103      F31D6B5F 
 104 0096 70884652 		.ascii	"p\210FRS\312\230Y\263\031\2403\351\257j\263\250\034"
 104      53CA9859 
 104      B319A033 
 104      E9AF6AB3 
 104      A81C
 105 00a8 059DDEC2 		.ascii	"\005\235\336\302\204\003\003\250\350\307cw\337M\216"
 105      840303A8 
 105      E8C76377 
 105      DF4D8E
 106 00b7 B65DB18E 		.ascii	"\266]\261\216\\\205_\017c\256\342\244\250\244\020\024"
 106      5C855F0F 
 106      63AEE2A4 
 106      A8A41014 
 107 00c7 18C63932 		.ascii	"\030\306928C\206t\344\263\322/\273~\303\226\305\245"
 107      38438674 
 107      E4B3D22F 
 107      BB7EC396 
 107      C5A5
 108 00d9 41842A66 		.ascii	"A\204*f\261S\\\300\227rk\372\376\234RE\007\247\245\343"
 108      B1535CC0 
 108      97726BFA 
 108      FE9C5245 
 108      07A7A5E3 
 109 00ed C84143E6 		.ascii	"\310AC\346b\013\267\370\361\360\2070\375\217p\371Kh"
 109      620BB7F8 
 109      F1F08730 
 109      FD8F70F9 
 109      4B68
 110 00ff C68461F3 		.ascii	"\306\204a\363i\260\234\020\242\303\233\227%\\\311\334"
 110      69B09C10 
 110      A2C39B97 
 110      255CC9DC 
 111 010f 10256B54 		.ascii	"\020%kT?\376\263\021C\237.S\213\236\347ol\345\2677\275"
 111      3FFEB311 
 111      439F2E53 
 111      8B9EE76F 
 111      6CE5B737 
 112 0124 75FA0684 		.ascii	"u\372\006\204\341\202|"
 112      E1827C
 113              		.text
 114              		.section	.gnu.lto_flash_lock.67a7ab84,"",%progbits
 115 0000 789C9590 		.ascii	"x\234\225\220=K\003A\020\206\347\235=\317C\011\330\033"
 115      3D4B0341 
 115      1086E79D 
 115      3DCF4309 
 115      D81B
 116 0012 306D9ABB 		.ascii	"0m\232\273\377bk%\202X\330\371\003\262\361\3560\220"
 116      FF626B25 
 116      8258D8F9 
 116      03B2F1EE 
 116      3090
 117 0024 C626E924 		.ascii	"\306&\351$e\342G\0146\202V\307\201\202\215\226i\243"
 117      65E2470C 
 117      368256C7 
 117      81828D96 
 117      69A3
 118 0036 E8155609 		.ascii	"\350\025V\011(\210\0379g\356\012k\007vg?\336}\237\231"
 118      28881F39 
 118      67EE0A6B 
 118      0776673F 
 118      DE7D9F99 
 119 004a 7508A4B1 		.ascii	"u\010\244\261!\251\"yU\006\014\201\017\357\211\232\036"
 119      21A92279 
 119      55060C81 
 119      0FEF899A 
 119      1E
 120 005b 03BAB01E 		.ascii	"\003\272\260\036\250\301h\340\235\177\030\351Av\305"
 120      A8C168E0 
 120      9D7F18E9 
 120      4176C5
 121 006a F5BE9598 		.ascii	"\365\276\225\230\304mc\007\011bC\224s\341D\350\243N"
 121      C46D6307 
 121      09624394 
 121      73E144E8 
 121      A34E
 122 007c 227BBA98 		.ascii	"\"{\272\230w*n\244\262Zy\211\001\\\305\215\326\023\233"
 122      772A6EA4 
 122      B25A7989 
 122      015CC58D 
 122      D6139B
 123 008f E7A1B5E3 		.ascii	"\347\241\265\343\032\026\230b#D\231\210\246\242R\336"
 123      1A169862 
 123      23449988 
 123      A6A252DE 
 124 009f 8C59B3C9 		.ascii	"\214Y\263\311\220^?\256\351\263\320(\271\033\247\017"
 124      905E3FAE 
 124      E9B3D028 
 124      B91BA70F 
 125 00af 8B6F1C1B 		.ascii	"\213o\034\033\206\022>_n\332^\271\265I\313:r\324\371"
 125      86123E5F 
 125      6EDA5EB9 
 125      B549CB3A 
 125      72D4F9
 126 00c2 7E9E710F 		.ascii	"~\236q\017GR\221\301\011\2528F\225T\373\325\232D^0\264"
 126      475291C1 
 126      09AA3846 
 126      9554FBD5 
 126      9A445E30 
 127 00d7 51D3AEC4 		.ascii	"Q\323\256\304\306\301)z\230\027\025\343\014\001e\010"
 127      C6C1297A 
 127      981715E3 
 127      0C016508 
 128 00e7 3FDC1264 		.ascii	"?\334\022dJ\326evw\273\244\346\200\005\206b#\325t\241"
 128      4AD66576 
 128      77BBA4E6 
 128      80058662 
 128      23D574A1 
 129 00fb 9AFF70CE 		.ascii	"\232\377p\316\3778#\004\342N\257\330\267Fm\212\337\232"
 129      FF382304 
 129      E24EAFD8 
 129      B7466D8A 
 129      DF9A
 130 010d 4A2BD2AA 		.ascii	"J+\322\252(\226}?\330\336\335\334\333\361\267\350\027"
 130      28967D3F 
 130      D8DEDDDC 
 130      DBF1B7E8 
 130      17
 131 011e 9A5375A8 		.ascii	"\232Su\250"
 132              		.text
 133              		.section	.gnu.lto_flash_write_word.67a7ab84,"",%progbits
 134 0000 789C9D52 		.ascii	"x\234\235R[KTQ\024^\337\336\3476\027\035%\350!,|\023"
 134      5B4B5451 
 134      145EDFDE 
 134      E736171D 
 134      25E8212C 
 135 0016 5F1CA25F 		.ascii	"_\034\242_\340_\350\037\014\215\321C/e\357\263\365\314"
 135      E05FE81F 
 135      0C8DD143 
 135      2F65EFB3 
 135      F5CC
 136 0028 A4A0503D 		.ascii	"\244\240P=(\024\206\004\205\226\231N\331e\314j\220L"
 136      28148604 
 136      8596994E 
 136      D965CC6A 
 136      904C
 137 003a 2832C29E 		.ascii	"(2\302\236\012J\273\014\021RMh7u\246\265\317>8=\330"
 137      0A4ABB0C 
 137      11524D68 
 137      3775A6B5 
 137      CF3E383D 
 138 004f 836D387B 		.ascii	"\203m8{\257\275\366\267.\337\267\216E \275~H\242=|\036"
 138      AFBDF6B7 
 138      2EDFB78E 
 138      4520BD7E 
 138      48A23D7C 
 139 0064 E30F1182 		.ascii	"\343\017\021\2028\275@\324\345\011HcH\341\365\317\023"
 139      38BD40D4 
 139      E5094863 
 139      48E1F5CF 
 139      13
 140 0075 A9A89575 		.ascii	"\251\250\225uI\305=\343o\267`\233w[\270\346\335\011"
 140      49C53DE3 
 140      6FB7609B 
 140      775BB8E6 
 140      DD09
 141 0087 DE5DE36F 		.ascii	"\336]\343ow\000}*\017\224\021\322\263l\327AFJ2\313\016"
 141      77007D2A 
 141      0F9411D2 
 141      B36CD741 
 141      464A32CB 
 142 009c CF35B129 		.ascii	"\3175\261)0\333S*\210\326\021\305ki\256O\252\321\"r"
 142      30DB532A 
 142      88D611C5 
 142      6B69AE4F 
 142      AAD12272 
 143 00b0 0CAC0A83 		.ascii	"\014\254\012\203\301\010Z\031\365<;9$WEN\002\026_\313"
 143      C1085A19 
 143      F53C3B39 
 143      2457454E 
 143      02165FCB 
 144 00c4 4FCFBDAB 		.ascii	"O\317\275\253\327W\201f\276\276\310\177Y\020\262\036"
 144      D7578166 
 144      BEBEC87F 
 144      5910B21E 
 145 00d4 C4F6D8E7 		.ascii	"\304\366\330\347G\213^\313%\245\272\225:\323\241\"9"
 145      478B5ECB 
 145      25A5BA95 
 145      3AD3A122 
 145      39
 146 00e5 29710592 		.ascii	")q\005\222\363\3412\2320\212&b\027a\014-\032\375}~\006"
 146      F3E1329A 
 146      308A2662 
 146      17610C2D 
 146      1AFD7D7E 
 147 00fa 727710F9 		.ascii	"rw\020\371\273\257\342;a\344b\030yu\233\310q\264h\370"
 147      BBAFE23B 
 147      61E46218 
 147      79759BC8 
 147      71B468F8 
 148 010e DB7C65A0 		.ascii	"\333|e\240\316\311\352\306\233M\273\270\006G\313:q\260"
 148      CEC9EAC6 
 148      9B4DBBB8 
 148      0647CB3A 
 148      71B0
 149 0120 A8AA555F 		.ascii	"\250\252U_\2517\373\037\213]\026GY\266\336<\336\354"
 149      A937FB1F 
 149      8B5D1647 
 149      59B6DE3C 
 149      DEEC
 150 0132 0874E928 		.ascii	"\010t\351(\233N\014:W\234M7\241\237\0324\250QoD_9!K"
 150      9B4E0C3A 
 150      579C4D37 
 150      A19F1A34 
 150      A8516F44 
 151 014a 5A16820F 		.ascii	"Z\026\202\017Y\302\354t~\250I\027\360\245\026`07\373"
 151      59C2EC74 
 151      7EA84917 
 151      F0A51660 
 151      3037FB
 152 015d CCD50278 		.ascii	"\314\325\002x\246\365\017s}\236\271\252b\257\322\210"
 152      A6F50F73 
 152      7D9EB9AA 
 152      62AFD288 
 153 016d 818DF765 		.ascii	"\201\215\367e1\214\363\254f\004\223\334\377\004\367"
 153      318CF3AC 
 153      660493DC 
 153      FF04F7
 154 017c AFB1EBBD 		.ascii	"\257\261\353\275KY/9\256\262]\252!'\243\310c\030\225"
 154      4B592F39 
 154      AEB25DAA 
 154      2127A3C8 
 154      631895
 155 018f 406D5C47 		.ascii	"@m\\G\222J\360\177:\246\220mjM=\234?\031$\267\000\334"
 155      924AF07F 
 155      3AA6906D 
 155      6A4D3D9C 
 155      3F1924B7 
 156 01a5 E02CDCCD 		.ascii	"\340,\334\315 4d'e\246jen\"\311\311\331*\013I\374\237"
 156      20346427 
 156      65A66A65 
 156      6E22C9C9 
 156      D92A0B49 
 157 01bb C88FF08B 		.ascii	"\310\217\360\213kiS\324\343\330Ba\345\225\233\331T\275"
 157      6B6953D4 
 157      E3D84261 
 157      E5959BD9 
 157      54BD
 158 01cd 4AC7C6AA 		.ascii	"J\307\306\252\202U\305-dX\2328-#\373\322\337W\003O\254"
 158      8255C52D 
 158      64589A38 
 158      2D23FBD2 
 158      DF57034F 
 159 01e2 147ED5E9 		.ascii	"\024~\325\351\366l\020n\353\352\244\345\363\210\177"
 159      F66C106E 
 159      EBEAA4E5 
 159      F3887F
 160 01f1 4C948565 		.ascii	"L\224\205e\364\353\376\326S:`\202\242\276\214P\340Y"
 160      F4EBFED6 
 160      533A6082 
 160      A2BE8C50 
 160      E059
 161 0203 91C613F7 		.ascii	"\221\306\023\367e,`\265\2747\244\265\245\257\023\350"
 161      652C60B5 
 161      BC37A4B5 
 161      A5AF13E8 
 162 0213 7BA17CF6 		.ascii	"{\241|\366\224d\226]\314F\3319Y\307YpG\327B\201yq\206"
 162      9464965D 
 162      CC46D939 
 162      59C75970 
 162      47D74281 
 163 022a 808DBDC5 		.ascii	"\200\215\275\305f3d\223\370\027\233\351m\330$\376j\337"
 163      66336493 
 163      F8179BE9 
 163      6DD824FE 
 163      6ADF
 164 023c 0DDB77B6 		.ascii	"\015\333w\266\306\1771\034\177\303NT\277[S}\306\014"
 164      C67F311C 
 164      7FC34E54 
 164      BF5B537D 
 164      C60C
 165 024e 77231C6E 		.ascii	"w#\034n\243\311\364\372I\377z\275\031n\245Z\255&p\357"
 165      A3C9F4FA 
 165      49FF7ABD 
 165      196EA55A 
 165      AD2670EF 
 166 0262 7F077CBF 		.ascii	"\177\007|\277V\352\201\036p#}Bwq\300\326yBR`2\214\210"
 166      56EA811E 
 166      70237D42 
 166      7771C0D6 
 166      79425260 
 167 0279 B5B5250F 		.ascii	"\265\265%\017\037Mu\036i;Dn*\235>\336\321\331i\245S"
 167      1F4D751E 
 167      693B446E 
 167      2A9D3EDE 
 167      D1D969A5 
 168 028e 27527F00 		.ascii	"'R\177\000\000gV\343"
 168      006756E3 
 169              		.text
 170              		.section	.gnu.lto_flash_read.67a7ab84,"",%progbits
 171 0000 789C6553 		.ascii	"x\234eS[KTQ\024\336\337\336\347\2349s\321\351\251\227"
 171      5B4B5451 
 171      14DEDFDE 
 171      E79C3973 
 171      D1E9A997 
 172 0014 E6C187C4 		.ascii	"\346\301\207\304,2\372\013\375\201\240\177 \316D\202"
 172      2C32FA0B 
 172      FD81A07F 
 172      20CE4482 
 173 0024 F4E0F8E2 		.ascii	"\364\340\370\342\223\33393^*(\210\004\305\013\"\242"
 173      93DB3933 
 173      5E2A2888 
 173      04C50B22 
 173      A2
 174 0035 A5A593DD 		.ascii	"\245\245\223\335\246\2078\2326P4\022\331S\004Z1\220"
 174      A687389A 
 174      36503412 
 174      D953045A 
 174      3190
 175 0047 48A56882 		.ascii	"H\245h\202\220\323Z\373\314C\331\202Yg\357\265\327\367"
 175      90D35AFB 
 175      CC43D982 
 175      5967EFB5 
 175      D7F7
 176 0059 ADF5ADBD 		.ascii	"\255\365\255\275\307\022\020l\235J\210F\372^\244\037"
 176      C712106C 
 176      9D4A8846 
 176      FA5EA41F 
 177 0069 1C0179AB 		.ascii	"\034\001y\253$D\267+a\005\013\025,\026]K\252\033E!t"
 177      2444B72B 
 177      61050B15 
 177      2C165D4B 
 177      AA1B4521 
 178 007e C4CE8684 		.ascii	"\304\316\206\204\216\331\000\307\265\013\321%\225e\243"
 178      8ED900C7 
 178      B50BD125 
 178      9565A3
 179 008d 4B5A02BE 		.ascii	"KZ\002\276\205\012Y\310P\357\311\337\022K\275\345\202"
 179      850A59C8 
 179      50EFC9DF 
 179      124BBDE5 
 179      82
 180 009e 6C9CD264 		.ascii	"l\234\322d\353\271\333JO\373\310Q\311\2124)\002Sh\244"
 180      EBB9DB4A 
 180      4FFBC851 
 180      C98A3429 
 180      025368A4 
 181 00b2 AC77D9F9 		.ascii	"\254w\331\371a\265+s\012\260h\273\375v\350K-o%\352h"
 181      61B52B73 
 181      0AB068BB 
 181      FD76E84B 
 181      2D6F25EA 
 182 00c7 BB96FF51 		.ascii	"\273\226\377Q\222\252\026\202\3263\337_\275w\033&\265"
 182      92AA1682 
 182      D633DF5F 
 182      BD771B26 
 182      B5
 183 00d8 CE68BD97 		.ascii	"\316h\275\227\324\341\234R\270\007E|\270\213\004\246"
 183      D4E19C52 
 183      B807457C 
 183      B88B04A6 
 184 00e8 91101412 		.ascii	"\221\020\024\022\230A\003e\037\214\256\364;\352\270"
 184      98410365 
 184      1F8CAEF4 
 184      3BEAB8
 185 00f7 418E5EBB 		.ascii	"A\216^\273>\254\252\310\205\024#-\314\036E\222\206\373"
 185      3EACAAC8 
 185      8514232D 
 185      CC1E4592 
 185      86FB
 186 0109 0639F149 		.ascii	"\0069\361I/B\2350\310\255\255\356o\021F\222}0H\033\017"
 186      2F429D30 
 186      C8ADADEE 
 186      6F114692 
 186      7D30481B 
 187 011e 8E226D81 		.ascii	"\216\"m\20194p\372\362\354x\177D\2354\320bau\335\255"
 187      393470FA 
 187      F2EC787F 
 187      449D34D0 
 187      626175DD 
 188 0133 9FE0A2FE 		.ascii	"\237\340\242\376H\001\203\332\317\326\345\224\203\371"
 188      480183DA 
 188      CFD6E594 
 188      83F9
 189 0141 7FE16C94 		.ascii	"\177\341l\224\3759\177x\247\306\311r\235:\344Q\037\214"
 189      FD397F78 
 189      A7C6C972 
 189      9D3AE451 
 189      1F8C
 190 0153 090FE1D0 		.ascii	"\011\017\341\320eI\216P\322\344\233\227/j\325)C\277"
 190      65498E50 
 190      D2E49B97 
 190      2F6AD529 
 190      43BF
 191 0165 59CA7F34 		.ascii	"Y\312\1774\364Z\373c\255Uv\033\013\377\263\343\021\352"
 191      F45AFB63 
 191      AD55761B 
 191      0BFFB3E3 
 191      11EA
 192 0177 E72EF9BA 		.ascii	"\347.\371\272R\361\264?x\276\230\267\217\301\004i\344"
 192      52F1B43F 
 192      78BE98B7 
 192      8FC10469 
 192      E4
 193 0188 A4D8024F 		.ascii	"\244\330\002O\2144P\215\020X\211\313\232\302\344B\021"
 193      8C34508D 
 193      105889CB 
 193      9AC2E442 
 193      11
 194 0199 7651726E 		.ascii	"vQrn\214\234SC.\0347X!~R\203\364\036\266\245\244\217"
 194      8C9C5343 
 194      2E1C3758 
 194      217E5283 
 194      F41EB6A5 
 195 01af 2A23B3D3 		.ascii	"*#\263\323\373\353\253\315\035{\312\366h\234\202\316"
 195      FBEBABCD 
 195      1D7BCAF6 
 195      689C82CE 
 196 01bf 94A09713 		.ascii	"\224\240\227\023\034\036\356\206\217\352d\036\006P\217"
 196      1C1EEE86 
 196      8FEA641E 
 196      06508F
 197 01ce 8F1916F6 		.ascii	"\217\031\026\366\024D\031\336\220\023\354#\024\"\314"
 197      144419DE 
 197      9013EC23 
 197      1422CC
 198 01dd 4A65DF8F 		.ascii	"Je\337\217\363\233\010A\342\011\251\242\224\341jJ\324"
 198      F39B0841 
 198      E209A9A2 
 198      94E16A4A 
 198      D4
 199 01ee 538A124D 		.ascii	"S\212\022M\250g\271\032\214\231\0168\270t\020\011B5"
 199      A867B91A 
 199      8C990E38 
 199      B8741009 
 199      4235
 200 0200 C433905B 		.ascii	"\3043\220[Z\0151\217c&8\276=xS\215a\244;K\357\222J\305"
 200      5A0D318F 
 200      632638BE 
 200      3D78538D 
 200      61A43B4B 
 201 0218 F0942786 		.ascii	"\360\224'\206g\030\343.2\003\033g\031\3737\3205\300"
 201      6718E32E 
 201      32031B67 
 201      19FB37D0 
 201      35C0
 202 022a FDE2EBBE 		.ascii	"\375\342\353\276\030\003Y\005\345\346\270\213(\012\006"
 202      18035905 
 202      E5E6B88B 
 202      280A06
 203 0239 FD9CD054 		.ascii	"\375\234\320T\216\033\032\350Y\266\202\352q\022\206"
 203      8E1B1AE8 
 203      59B682EA 
 203      711286
 204 0248 33093312 		.ascii	"3\0113\022K\320\277\207F\342\355\364\254\251\340\330"
 204      4BD0BF87 
 204      46E2EDF4 
 204      ACA9E0D8 
 205 0258 F5481A1D 		.ascii	"\365H\032\035o [\362\252\015\023\211\313\267\267\003"
 205      6F205BF2 
 205      AA0D1389 
 205      CBB7B703 
 206 0268 E074424E 		.ascii	"\340tBN\223\312\270\352\013\023\201\315\363\336D\306"
 206      93CAB8EA 
 206      0B1381CD 
 206      F3DE44C6 
 207 0278 CFDBC1F0 		.ascii	"\317\333\301\360\004_\006(J7\022mj:w\271\2559}\245\251"
 207      045F0628 
 207      4A37126D 
 207      6A3A77B9 
 207      AD397DA5 
 208 028d 45849A93 		.ascii	"E\204\232\223\311\366T:m%S\351\016\267-u\365BgG*\255"
 208      C9F6543A 
 208      6D2553E9 
 208      0EB72D75 
 208      F5426747 
 209 02a3 D2ED2D68 		.ascii	"\322\355-h\375\003\375\215%3"
 209      FD03FD8D 
 209      2533
 210              		.text
 211              		.section	.gnu.lto_flash_write.67a7ab84,"",%progbits
 212 0000 789C7553 		.ascii	"x\234uS]K\024Q\030>\31793\263\263\337J]t\261\2017\266"
 212      5D4B1451 
 212      183ECF39 
 212      33B3B3DF 
 212      4A5D74B1 
 213 0017 5860BFA1 		.ascii	"X`\277\241\376@\320?\220\326H\220.\322\233\256\366\350"
 213      FE40D03F 
 213      90D64890 
 213      2ED29BAE 
 213      F6E8
 214 0029 ECAA175D 		.ascii	"\354\252\027]t\223\240\030^\210hY~\364\241n_\314\032"
 214      7493A018 
 214      5E886859 
 214      7EF4A16E 
 214      5FCC1A
 215 003c 26145A06 		.ascii	"&\024Z\006]\204\010}\241f\022\255XR`\323\373\236\331"
 215      5D84087D 
 215      A16612AD 
 215      585260D3 
 215      FB9ED9
 216 004f A08C0ECC 		.ascii	"\240\214\016\314\231s\336\363>\317<\357\373\234\261"
 216      9973DEF3 
 216      3ECF3CEF 
 216      FB9CB1
 217 005e 04048F3E 		.ascii	"\004\004\217>%D\226\336\247\350\201# //\011\321\341"
 217      254496DE 
 217      A7E88123 
 217      202F2F09 
 217      D1E1
 218 0070 4A58E142 		.ascii	"JX\341B\205\213\262kIuiA\010\035\263\013\021\241\023"
 218      858BB26B 
 218      49756941 
 218      081DB30B 
 218      11A113
 219 0083 36C071ED 		.ascii	"6\300q\355B\344\245\262l\344\245%\340[\010h(C\375U\356"
 219      42E4A5B2 
 219      6CE4A525 
 219      E05B0868 
 219      2843FD55 
 220 0098 49CC75AF 		.ascii	"I\314u\257\225d\303\210\246\361f\276W\351Q\037E:\016"
 220      9564C388 
 220      A6F166BE 
 220      57E9511F 
 220      453A0E
 221 00ab A4491118 		.ascii	"\244I\021\030A\003e-\027&\007\324\216,*\300\242me\261"
 221      4103652D 
 221      172607D4 
 221      8E2C2AC0 
 221      A26D65B1 
 222 00bf FF7D8AB7 		.ascii	"\377}\212\267\022u\264]_\374>\356\250\024\004\255?\227"
 222      1275B45D 
 222      5FFC3EEE 
 222      A81404AD 
 222      3F97
 223 00d1 3FBD8867 		.ascii	"?\275\210g\207\265\356\324z7\247\243E\245p\035\212\370"
 223      87B5EED4 
 223      7A37A7A3 
 223      45A5701D 
 223      8AF8
 224 00e3 700D198C 		.ascii	"p\015\031\214\"#($0\206,e\217}[x\000u\310 \367\312\353"
 224      22232824 
 224      30862C65 
 224      8F7D5B78 
 224      0075C820 
 225 00fa AF641579 		.ascii	"\257d\025y\277\231\221\026n\354GR\0157\015rhU\227\241"
 225      BF999116 
 225      6EEC4752 
 225      0D370D72 
 225      685597A1 
 226 010e 0E1BE4D6 		.ascii	"\016\033\344\326V\307\307\030#i\254\032\244\215\361"
 226      56C7C718 
 226      2369AC1A 
 226      A48DF1
 227 011d FD485B60 		.ascii	"\375H[`\002YN\1777\365\363J\322)pv]X(&\341P\273A\207"
 227      02594E7F 
 227      37F5F34A 
 227      D2297076 
 227      5D582826 
 228 0136 C3CF1E3F 		.ascii	"\303\317\036?J\251#\206wsij\305\255\037\342D\177\271"
 228      4AA92386 
 228      7773696A 
 228      C5AD1FE2 
 228      447FB9
 229 0149 A54FFB85 		.ascii	"\245O\373\205:\246\236\372\233\332\264\351\026\352'"
 229      3AA69EFA 
 229      9BDAB4E9 
 229      16EA27
 230 0158 4EFB3A08 		.ascii	"N\373:\010<\355\317\330%u\000&F\375\"\271\016\370\323"
 230      3CEDCFD8 
 230      25750026 
 230      46FD22B9 
 230      0EF8D3
 231 016b 1112E1B8 		.ascii	"\021\022\341\270\340\312\243\274\214\261\2508M\221\004"
 231      E0CAA3BC 
 231      8CB1A838 
 231      4D9104
 232 017a 4F499ADC 		.ascii	"OI\232\334\024M\3214\237\326\032\274\020_H\037\031Z"
 232      144DD134 
 232      9FD61ABC 
 232      105F481F 
 232      195A
 233 018c 91925E6A 		.ascii	"\221\222^j\003\236\3770\312rY_\251\264\265\022\311\357"
 233      039EFF30 
 233      CA72595F 
 233      A9B4B512 
 233      C9EF
 234 019e E91EAD6B 		.ascii	"\351\036\255k\212*\026H\256\3416\362\204\217\223\250"
 234      8A2A1648 
 234      AEE136F2 
 234      848F93A8 
 235 01ae 8A5482AE 		.ascii	"\212T\202\256\204ZC\347v\367Kg_\345\206\3360\011\334"
 235      845A43E7 
 235      76F74B67 
 235      5FE586DE 
 235      3009DC
 236 01c1 81E3A988 		.ascii	"\201\343\251\210\247 \326\340\365:\341>jB.\207\266\273"
 236      A720D6E0 
 236      F53AE13E 
 236      6A422E87 
 236      B6BB
 237 01d3 76AC3018 		.ascii	"v\2540\030\243$\034\313\010\303\371\241\032\214S\234"
 237      A3241CCB 
 237      08C3F9A1 
 237      1A8C539C 
 238 01e3 D3FAABC8 		.ascii	"\323\372\253\310\004\205\350k\363\301\256\237\346[\022"
 238      0485E86B 
 238      F3C1AE9F 
 238      E65B12
 239 01f2 81C45D30 		.ascii	"\201\304]0\310\033\250\246$=\245(\221y~\304\302P\212"
 239      C81BA8A6 
 239      243DA528 
 239      91797EC4 
 239      C2508A
 240 0205 20BDC5B9 		.ascii	" \275\305\271\347\021\206\270\306\200\335\205\247=\211"
 240      E71186B8 
 240      C680DD85 
 240      A73D89
 241 0214 415CA52B 		.ascii	"A\\\245+I\234ILs\2731\203A\204\002\016\206\3104\201"
 241      499C494C 
 241      73BB3183 
 241      4184020E 
 241      86C83481 
 242 0228 C5066CDE 		.ascii	"\305\006l\336\375\333\227d@\275\023\230\245\276\230"
 242      FDDB9764 
 242      40BD1398 
 242      A5BE98
 243 0237 A2D245CA 		.ascii	"\242\322E\312\346:\273\236LGB\202Z\252\352O\3016\011"
 243      E63ABB9E 
 243      4C474282 
 243      5AAAEA4F 
 243      C13609
 244 024a 2E196B2B 		.ascii	".\031k+\364\327\320\177\244\336\242\260\344U\205\302"
 244      F4D7D07F 
 244      A4DEA2B0 
 244      E45585C2 
 245 025a 530E9BBE 		.ascii	"S\016\233\276\015\340hF\216R!\265j\226=\262\177{\364"
 245      0DE06846 
 245      8E5221B5 
 245      6A963DB2 
 245      7F7BF4
 246 026d FA3F1EA5 		.ascii	"\372?\036\245\003\362D\340\236\361\250Fl\242\323_\265"
 246      03F244E0 
 246      9EF1A846 
 246      6CA2D35F 
 246      B5
 247 027e 4313047B 		.ascii	"C\023\004{\015\" \261\361\306\306\343g[\233\332\316"
 247      0D2220B1 
 247      F1C6C6E3 
 247      675B9BDA 
 247      CE
 248 028f 359E1151 		.ascii	"5\236\021Q\2638\221\313]\260rM\355Mnk\363\371\223\027"
 248      B33891CB 
 248      5DB0724D 
 248      ED4D6E6B 
 248      F3F99317 
 249 02a3 DB9BDBD0 		.ascii	"\333\233\333\320\362\013|\2410b"
 249      F20B7CA1 
 249      3062
 250              		.text
 251              		.section	.gnu.lto_.symbol_nodes.67a7ab84,"",%progbits
 252 0000 789C55C8 		.ascii	"x\234U\3101\016\202@\020\205\341\177w\226\275\006\341"
 252      310E8240 
 252      1085E17F 
 252      7796BD06 
 252      E1
 253 0011 009C81A3 		.ascii	"\000\234\201\243\215\261\261\365\014\034\201\222\204"
 253      8DB1B1F5 
 253      0C1C8192 
 253      84
 254 001e 0457A5F4 		.ascii	"\004W\245\364\006&v6\304#\240#\335\274\346\177\371\022"
 254      06267636 
 254      C423A023 
 254      DDBCE67F 
 254      F912
 255 0030 81015BEC 		.ascii	"\201\001[\354\024\316\017\260\214\207\306`F\203\227"
 255      14CE0FB0 
 255      8C87C660 
 255      468397
 256 003f 0B1ABD14 		.ascii	"\013\032\275\024T\274\\\321\344\345\206V^\356hv\"\001"
 256      54BC5CD1 
 256      E4E58656 
 256      5EEE6876 
 256      2201
 257 0051 8ECBFB59 		.ascii	"\216\313\373YI\2623}\332\177\373\035r\244\177mAr\242"
 257      49B2337D 
 257      DA7FFB1D 
 257      72A47F6D 
 257      4172A2
 258 0064 2CDFC940 		.ascii	",\337\311@(\247\265\346\007\037_0\232"
 258      28A7B5E6 
 258      071F5F30 
 258      9A
 259              		.text
 260              		.section	.gnu.lto_.refs.67a7ab84,"",%progbits
 261 0000 789C6361 		.ascii	"x\234ca`\004B \000\000\0009\000\007"
 261      60044220 
 261      00000039 
 261      0007
 262              		.text
 263              		.section	.gnu.lto_.decls.67a7ab84,"",%progbits
 264 0000 789CAD56 		.ascii	"x\234\255VkPT\347\031>\3579\013,\313\002\0263-\235a"
 264      6B5054E7 
 264      193EEF39 
 264      0B2CCB02 
 264      16332D9D 
 265 0015 3ADB0C03 		.ascii	":\333\014\003\364\207\010\230:I\376\0315\265M\2462K"
 265      F4870898 
 265      3A49FE19 
 265      35B54DA6 
 265      324B
 266 0027 B4D399ED 		.ascii	"\264\323\231\355\354\254\354Ah\271eY\032\355\257#\027"
 266      ECACEC41 
 266      68B96559 
 266      1AEDAF23 
 266      17
 267 0038 21742C4A 		.ascii	"!t,J\322\210\264Q\352\240\202 \"`\224h\314\032\005A"
 267      D288B451 
 267      EAA08220 
 267      22609468 
 267      CC1A0541 
 268 004c 450501C1 		.ascii	"E\005\001\301K\004\005L\002*Q\304\260h\351\373]\226"
 268      4B04054C 
 268      022A51C4 
 268      B068E9FB 
 268      5D96
 269 005e 73962CA9 		.ascii	"s\226,\251\323\351\231y\317w9\317\367>\317\373~\227"
 269      D3E99979 
 269      CF7739CF 
 269      F73ECFFB 
 269      7E97
 270 0070 F3E90410 		.ascii	"\363\351\004\020\310\363\363`A\320\213\202\240\240\315"
 270      C8F3F360 
 270      41D08B82 
 270      A0A0CD
 271 007f E2A3C7BE 		.ascii	"\342\243\307\276\365\202\372\004\240\035E;\203\326\206"
 271      F582FA04 
 271      A01D453B 
 271      83D686
 272 008e D6817609 		.ascii	"\326\201v\011\255\007\255O\370\376C\260\376hMh\321h"
 272      AD07AD4F 
 272      F8FE43B0 
 272      FE684D68 
 272      D168
 273 00a0 FD686EB4 		.ascii	"\375hn\264i\264\333h\204u\234\227G}\214'<A\\C\030\332"
 273      69B4DB68 
 273      84759C97 
 273      477D8C27 
 273      3C415C43 
 274 00b6 4B682EEE 		.ascii	"Kh.\356+b\236\257\031\264f4\224.L\241=\344\3653\013"
 274      2B629EAF 
 274      19B46634 
 274      942E4CA1 
 274      3DE4F533 
 275 00cb F826FAFD 		.ascii	"\370&\372\375\270o\255\237h\256\3471/\333|\214\355\320"
 275      B86FAD9F 
 275      68AEE731 
 275      2FDB7C8C 
 275      EDD0
 276 00dd 8C8DF611 		.ascii	"\214\215\366\021\323\024/;|\214%\371\012\371\201\230"
 276      D3142F3B 
 276      7C8C25F9 
 276      0AF98198 
 277 00ed FC7060D4 		.ascii	"\374p`\324\002\261\351@\365/r_\276b#\363a\364\301\261"
 277      02B1E940 
 277      F52F725F 
 277      BE6223F3 
 277      61F4C1B1 
 278 0101 0E2D9173 		.ascii	"\016-\221s\254\305\322\237s\021\277\"[\002\324\177\217"
 278      ACC5D29F 
 278      7311BF22 
 278      5B02D47F 
 278      8F
 279 0112 0F9F647E 		.ascii	"\017\237d~\177\364\003>\211~\255\317\000,[\005\346W"
 279      7FF4033E 
 279      897EADCF 
 279      002C5B05 
 279      E657
 280 0124 8FD689F5 		.ascii	"\217\326\211\365@,\015\234G\307}\266\3618|\345\352\271"
 280      402C0D9C 
 280      47C77DB6 
 280      F1387CE5 
 280      EAB9
 281 0136 0893BDB5 		.ascii	"\010\223\275\265=\0017`\000\320\0170}\300J\2009#/Z\025"
 281      3D013760 
 281      00D00F30 
 281      7DC04A80 
 281      39232F5A 
 282 014b 4014788E 		.ascii	"@\024x\216<]\240\001R\027\236\252\032.\035\001\274\234"
 282      3C5DA001 
 282      52179EAA 
 282      1A2E1D01 
 282      BC9C
 283 015d F53C001E 		.ascii	"\365<\000\0362\230{<\0034\271b\237E\325+oz\006\250\376"
 283      32987B3C 
 283      0334B962 
 283      9F45D52B 
 283      6F7A06A8 
 284 0172 B8548D26 		.ascii	"\270T\215&&H\320j\241A_=\327\377\226\204\001c\365\312"
 284      2648D06A 
 284      A1415F3D 
 284      D7FF9684 
 284      0163F5CA 
 285 0186 BDE72310 		.ascii	"\275\347#\020[\247\340\263]Q\304\237\251\231i\235}\352"
 285      5BA7E0B3 
 285      5D51C49F 
 285      A999699D 
 285      7DEA
 286 0198 0A9D1421 		.ascii	"\012\235\024!\314\000\"6\273'.~\034\204\315\227\014"
 286      CC002236 
 286      BB272E7E 
 286      1C84CD97 
 286      0C
 287 01a9 B0089B87 		.ascii	"\260\010\233\207\013\207k\364\330\2140\300,\220\366"
 287      0B876BF4 
 287      D88C30C0 
 287      2C90F6
 288 01b8 78CB7430 		.ascii	"x\313t0k\223\301\315\256\307\207t\322OH]\354j\032h\015"
 288      6B93C1CD 
 288      AEC78774 
 288      D24F485D 
 288      EC6A1A68 
 289 01cd 8418C37E 		.ascii	"\204\030\303~B2\370\301\223\025\371\212\002\320\000"
 289      4232F8C1 
 289      9315F98A 
 289      02D000
 290 01dc 06A80709 		.ascii	"\006\250\007\011j \226H\2130\340\273XQ\362\224\211\275"
 290      6A209648 
 290      8B30E0BB 
 290      5851F294 
 290      89BD
 291 01ee 8A7FB800 		.ascii	"\212\177\270\000\313\" .B\200\303\020C|\022\024\034"
 291      CB22202E 
 291      4280C310 
 291      437C1214 
 291      1C
 292 01ff 8208A883 		.ascii	"\202\010\250\203\010\342\277fO\365\331`\251\004(\301"
 292      08E2BF66 
 292      4FF5D960 
 292      A90428C1 
 293 020f FD0FC78A 		.ascii	"\375\017\307\212\2459\202\336\222\210ZEY\004MHpD%@>"
 293      A53982DE 
 293      92885A45 
 293      59044D48 
 293      70442540 
 294 0224 DF0C8DBE 		.ascii	"\337\014\215\276\031:\212.\364\370\205\177D\\*\371\212"
 294      193A8A2E 
 294      F4F8857F 
 294      445C2AF9 
 294      8A
 295 0235 49A4FE6A 		.ascii	"I\244\376j\361\373A\374.@3\204\343{\203\216\345\252"
 295      F1FB41FC 
 295      2E403384 
 295      E37B838E 
 295      E5AA
 296 0247 B6B46CC8 		.ascii	"\266\264l\310\377\345Je\260A\031\354*5\356jT\224B\034"
 296      FFE54A65 
 296      B04119EC 
 296      2A35EE6A 
 296      5494421C 
 297 025b A72330A8 		.ascii	"\247#0\250VE`\225\024\007\340\006\316\314Qx\031\207"
 297      56456095 
 297      1407E006 
 297      CECC5178 
 297      1987
 298 026d 56EF3C57 		.ascii	"V\357<Wj\224\236\321H\340V{M\255\204Y\214\306\254\342"
 298      6A949ED1 
 298      48E0567B 
 298      4DAD8459 
 298      8CC6ACE2 
 299 0281 13AA496C 		.ascii	"\023\252Il4Klw\351\243\252\000i\033\233\274\256\202"
 299      344B6C77 
 299      E9A3AA00 
 299      691B9BBC 
 299      AE82
 300 0293 867F4A6C 		.ascii	"\206\177Jl\212t\330\374\266\263\342n\010\233\"\023\246"
 300      8A74D8FC 
 300      B6B3E26E 
 300      089B2213 
 300      A6
 301 02a4 A56D5B53 		.ascii	"\245m[Sc\220\232\367}\306\026\222\226\3170\214\026U"
 301      63909AF7 
 301      7DC61692 
 301      96CF308C 
 301      1655
 302 02b6 51F45C56 		.ascii	"Q\364\\V\266\347+a\355!\002\234\300\030?\305\030\341"
 302      B6E72B61 
 302      ED21029C 
 302      C0183FC5 
 302      18E1
 303 02c8 2426269A 		.ascii	"$&&\232'\3468v\036\343\251\257\332\261\327_*\247\012"
 303      27E63876 
 303      1EE3A9AF 
 303      DAB1D75F 
 303      2AA70A
 304 02db C45DCD07 		.ascii	"\304]\315\007\237\0324\251\177\245\216p\270\220\343"
 304      9F1A34A9 
 304      7FA58E70 
 304      B890E3
 305 02ea 94CAF119 		.ascii	"\224\312\361\031,L\362\271o\222\242\361\252>Q\207g\020"
 305      2C4CF2B9 
 305      6F92A2F1 
 305      AA3E5187 
 305      6710
 306 02fc F58569C6 		.ascii	"\365\205i\306\276\262\223\273\277\012\326\316\310\372"
 306      BEB293BB 
 306      BF0AD6CE 
 306      C8FA
 307 030a 1F6B26E4 		.ascii	"\037k&\344\013:!\247\201\317H\351\250;\017pF*\351\214"
 307      0B3A21A7 
 307      81CF48E9 
 307      A83B0F70 
 307      462AE98C 
 308 031e 047F94AF 		.ascii	"\004\177\224\257T\3430\023\201\301'\252\264O\264\023"
 308      54E33013 
 308      81C127AA 
 308      B44FB413 
 309 032e 72864EC8 		.ascii	"r\206N\310\324\300\324\221\020\351_,\303c\247v\315."
 309      D4C0D491 
 309      10E95F2C 
 309      C363A776 
 309      CD2E
 310 0340 CCD9EAB5 		.ascii	"\314\331\352\265\010\266=p\037\011f\213\300\325c\347"
 310      08B63D70 
 310      1F09668B 
 310      C0D563E7 
 311 0350 0B002170 		.ascii	"\013\000!pV\345;\253\345k\243|wN\217\017\006J\365/\302"
 311      56E53BAB 
 311      E56BA37C 
 311      774E8F0F 
 311      064AF52F 
 312 0365 D74EF8F8 		.ascii	"\327N\370\370\366\334\376uA\201\310\331\372=l\010\200"
 312      F6DCFE75 
 312      4181C8D9 
 312      FA3D6C08 
 312      80
 313 0376 732ADB39 		.ascii	"s*\3339-[\007ek\314\337^\240\227Z\030\233\257,\017\337"
 313      2D5B0765 
 313      6BCCDF5E 
 313      A0975A18 
 313      9BAF2C0F 
 314 038b 3C3D103A 		.ascii	"<=\020:\327w\001hgQ\363\316\343\272\005eu\3224\\\364"
 314      D7770168 
 314      6751F3CE 
 314      E3BA0565 
 314      75D2345C 
 315 03a0 A47EFAFE 		.ascii	"\244~\372\376\355<\276\031\\7=\312\020\003\347Ue\347"
 315      ED3CBE19 
 315      5C373DCA 
 315      1003E755 
 315      65E7
 316 03b2 B5CA2E51 		.ascii	"\265\312.Qe\007+*z@:\317\224\325\327\3154\030\250\212"
 316      65072B2A 
 316      7A403ACF 
 316      94D5D7CD 
 316      3418A88A 
 317 03c6 448FB0A1 		.ascii	"D\217\260\241\003#\271\264g\235\021\2560Ym\015\217]"
 317      0323B9B4 
 317      679D11AE 
 317      30596D0D 
 317      8F5D
 318 03d8 FA39AD5D 		.ascii	"\3729\255]\254s\274\251<{A\251W\251\324n\217\324\316"
 318      AC73BCA9 
 318      3C7B41A9 
 318      57A9D46E 
 318      8FD4CE
 319 03eb 67C78E19 		.ascii	"g\307\216\031\331*q\225\313\\*b\340\262*\365\262Vj\017"
 319      D92A7195 
 319      CB5C2A62 
 319      E0B22AF5 
 319      B2566A0F 
 320 03ff 95DA73F1 		.ascii	"\225\332s\361Z\277N\352eR\335M\267\177\312]4k]\364\252"
 320      5ABF4EEA 
 320      6552DD4D 
 320      B77FCA5D 
 320      346B5DF4 
 321 0414 2E7AB52E 		.ascii	".z\265.\372\250\213\316\326\253\345\001\322\020u\241"
 321      FAA88BCE 
 321      D6ABE501 
 321      D21075A1 
 322 0424 1BAE6FEE 		.ascii	"\033\256o\356\223 0\002P'\304\024\3213*\257\322\364"
 322      93203002 
 322      5027C414 
 322      D1332AAF 
 322      D2F4
 323 0436 EEDC1975 		.ascii	"\356\334\031u\003wI?\004\242\217\001\204\\\307P*\024"
 323      0377493F 
 323      04A28F01 
 323      845CC750 
 323      2A14
 324 0448 3DEDA950 		.ascii	"=\355\251P\212\311\216#\325\375\236C\\ M\270FI\331\301"
 324      8AC98E23 
 324      D5FD9E43 
 324      5C204DB8 
 324      4649D9C1 
 325 045c 8F6DCDF9 		.ascii	"\217m\315\371\020F\317\007xP02\030\304\232\341\330\034"
 325      1046CF07 
 325      78503032 
 325      18C49AE1 
 325      D81C
 326 046e AD6AB924 		.ascii	"\255j\271$J\367\370o\341@\361\025\311PLR\370\242[\366"
 326      4AF7F86F 
 326      E140F115 
 326      C9504C52 
 326      F8A25BF6 
 327 0482 C1176569 		.ascii	"\301\027ei\322\030\033\356\371Y\204\261\237\305\365"
 327      D2181BEE 
 327      F95984B1 
 327      9FC5F5
 328 0491 C6A1217F 		.ascii	"\306\241!\177rPQ\327\237\016\216\204HOY\243\342\304"
 328      725051D7 
 328      9F0E8E84 
 328      484F59A3 
 328      E2C4
 329 04a3 E4793F06 		.ascii	"\344y?\006\324c\363QE\333\230Ar\263o\377\250?X I\317"
 329      D463F351 
 329      45DB9841 
 329      72B36FFF 
 329      A83F5820 
 330 04b9 59E3E6C9 		.ascii	"Y\343\346\311-gC\244B\2116\206\366\344\015\373I%\254"
 330      2D6743A4 
 330      42893686 
 330      F6E40DFB 
 330      4925AC
 331 04cc F1DDC9AE 		.ascii	"\361\335\311\256\275\"s\021I\226\221\353\257\355\022"
 331      BD227311 
 331      499691EB 
 331      AFED12
 332 04db 3B042BC9 		.ascii	";\004+\311\177k\377\345\351\017A\372\033\305\006\215"
 332      7F6BFFE5 
 332      E90F41FA 
 332      1BC5068D 
 333 04eb 76F7F7F8 		.ascii	"v\367\367\370C$}\026GF\306D\356U\012\362\225\301k\327"
 333      43247D16 
 333      4746C644 
 333      EE550AF2 
 333      95C16BD7 
 334 04ff D7EFEE1E 		.ascii	"\327\357\356\036V\2242#\334\306\2054\2023\367\010\026"
 334      56943223 
 334      DCC68534 
 334      8233F708 
 334      16
 335 0510 AB110FD3 		.ascii	"\253\021\017\323\265s\202\274\005:\3025\371\227]\212"
 335      B57382BC 
 335      053AC235 
 335      F9975D8A 
 336 0520 AB40A2F0 		.ascii	"\253@\242\360\261\371\360\233\024\036\257\242{4\350"
 336      B1F9F09B 
 336      141EAFA2 
 336      7B34E8
 337 052f AFE6A397 		.ascii	"\257\346\243\227\316\003\177\251\001\337\231\017\036"
 337      CE037FA9 
 337      01DF990F 
 337      1E
 338 053c FA9E927E 		.ascii	"\372\236\222~\015|\324\267p\215\363\011\015zp>\372\226"
 338      0D7CD4B7 
 338      708DF309 
 338      0D7A703E 
 338      FA96
 339 054e 8ADEC1D7 		.ascii	"\212\336\301\327\222\002N\001\276A\300\327\364\033\201"
 339      92024E01 
 339      BE41C0D7 
 339      F41B81
 340 055d E3BCC313 		.ascii	"\343\274\303\023\\\002\017 \022\036\243M\240\215\243"
 340      5C020F20 
 340      121EA34D 
 340      A08DA3
 341 056c 4DA13D44 		.ascii	"M\241=D\373\026m\022\355>D\322\305\307\210\3734\304"
 341      FB166D12 
 341      ED3E44D2 
 341      C5C788FB 
 341      34C4
 342 057e F77CA640 		.ascii	"\367|\246@\033\324#\015\372K\3372\031\234\256yW\227"
 342      1BD4230D 
 342      FA4BDF32 
 342      199CAE79 
 342      5797
 343 0590 7BCD1672 		.ascii	"{\315\026r\247@\230\300\367\234\312|\313\275\246,_i"
 343      A74098C0 
 343      F79CCA7C 
 343      CBBDA62C 
 343      5F69
 344 05a2 8FA3CEEE 		.ascii	"\217\243\316\356\372N(\215\031\027\313\326\001\245?"
 344      FA4E288D 
 344      1917CBD6 
 344      01A53F
 345 05b1 48BA4717 		.ascii	"H\272G\027\213x\267\353\233=\241\020\263\230q\354\234"
 345      8B78B7EB 
 345      9B3DA110 
 345      B39871EC 
 345      9C
 346 05c2 095770CF 		.ascii	"\011Wp\317M\343\340\247\352\316&\214\013d\013\276\303"
 346      4DE3E0A7 
 346      EACE268C 
 346      0B640BBE 
 346      C3
 347 05d3 24FD2F09 		.ascii	"$\375/\011C\035\307?\030\276\2433\226\250\177L\312\353"
 347      431DC73F 
 347      18BEA333 
 347      96A87F4C 
 347      CAEB
 348 05e5 112D801B 		.ascii	"\021-\200\033\214t_cI\266C\371\356f?/4\271v\250\350"
 348      8C745F63 
 348      49B643F9 
 348      EE663F2F 
 348      34B976A8 
 349 05fa 198E9EA1 		.ascii	"\031\216\236\241\350}\356\231\011\262A\242\310\035C"
 349      E87DEE99 
 349      09B241A2 
 349      C81D43
 350 0609 D2DC30A2 		.ascii	"\322\3340\242\330\015\343\363\013\035\373\215\322\023"
 350      D80DE3F3 
 350      0B1DFB8D 
 350      D213
 351 0617 96832A57 		.ascii	"\226\203*W^!\200!\206\376\274\36100T\343I\3409NA\021"
 351      5E218021 
 351      86FEBCF1 
 351      303054E3 
 351      49E0394E 
 352 062d 63C8287A 		.ascii	"c\310(z\022<\307\316g\330\311o\033\367\177Coy\263\230"
 352      123CC7CE 
 352      67D8C96F 
 352      1BF77F43 
 352      6F79B398 
 353 0641 F37FABE9 		.ascii	"\363\177\253\351\2122\260\370N\355\2701j\220\360\240"
 353      8A32B0F8 
 353      4EEDB831 
 353      6A90F0A0 
 354 0651 241C3513 		.ascii	"$\0345\023\027\353B\027\344\310_\220\243\267$\212\336"
 354      17EB4217 
 354      E4C85F90 
 354      A3B7248A 
 354      DE
 355 0662 36F24403 		.ascii	"6\362D\003l\021\3478f\201\223\034?\374\367C!\354\014"
 355      6C11E738 
 355      6681931C 
 355      3FFCF743 
 355      21EC0C
 356 0675 7B21AF38 		.ascii	"{!\2578\244\362BE\245w&\013\320\271\232\311B\221e\022"
 356      A4F24245 
 356      A577260B 
 356      D0B99AC9 
 356      42916512 
 357 0689 4B448F9C 		.ascii	"KD\217\234r\3573z\241\363\274\320[9z+E\217V7U\206x\241"
 357      72EF337A 
 357      A1F3BCD0 
 357      5B397A2B 
 357      458F5637 
 358 06a1 5BBD66A9 		.ascii	"[\275f\251\210\243\213(\372\341\255c\351^\340N/p1\007"
 358      88A38B28 
 358      FAE1AD63 
 358      E95EE04E 
 358      2F703107 
 359 06b5 172FE0BA 		.ascii	"\027/\340\272\335\013\375>G\277O\321wZ\006{\003\377"
 359      DD0BFD3E 
 359      47BF4FD1 
 359      775A067B 
 359      03FF
 360 06c7 FB1D034A 		.ascii	"\373\035\003J\304p!(%\335\226\223ju\3106\373f\375\257"
 360      C4702128 
 360      25DD9693 
 360      6A75C836 
 360      FB66FDAF 
 361 06db 7EBBCEB4 		.ascii	"~\273\316\264\362\265\327\204@\25357-\323\371\252\325"
 361      F2B5D784 
 361      40AB3537 
 361      2DD3F9AA 
 361      D5
 362 06ec 999AFCBA 		.ascii	"\231\232\374\272%\333\221\265\321a\3130\245\244\245"
 362      25DB91B5 
 362      D161CB30 
 362      A5A4A5
 363 06fb CB39A698 		.ascii	"\3139\246\230M\257.\377\205ecf\256\311\231\225\225\236"
 363      4DAF2EFF 
 363      85656366 
 363      AEC99995 
 363      959E
 364 070d 63B23932 		.ascii	"c\26292Lr\306\006\331n\227\355\226_\306\276bJ\210\213"
 364      4C72C606 
 364      D96E97ED 
 364      965FC6BE 
 364      624A888B 
 365 0721 5FFEEE32 		.ascii	"_\376\3562\013\366/\311\314\312\224\227\310\266\015"
 365      0BF62FC9 
 365      CCCA9497 
 365      C8B60D
 366 0730 6996B4CC 		.ascii	"i\226\264\314\344\364\\\273l\311\260%\247\246e\312\026"
 366      E4F45CBB 
 366      6CC9B025 
 366      A7A665CA 
 366      16
 367 0741 AB5D4EB1 		.ascii	"\253]N\261\345\246;\255\316\315\331rNl\252\020\300\011"
 367      E5A63BAD 
 367      CECDD972 
 367      4E6CAA10 
 367      C009
 368 0753 FFF07F26 		.ascii	"\377\360\177&\314\331\234c\261\3468\355\350\035Y\202"
 368      CCD99C63 
 368      B1E638ED 
 368      E81D5982 
 369 0763 626397D2 		.ascii	"bc\227\322\200c\223\205E,r\331a\313\221\255\331\266"
 369      80639385 
 369      452C72D9 
 369      61CB91AD 
 369      D9B6
 370 0775 8DB28145 		.ascii	"\215\262\201E\275,\301\352\324{*F\006\312\315L\317J"
 370      BD2CC1EA 
 370      D47B2A46 
 370      06CACD4C 
 370      CF4A
 371 0787 FE938135 		.ascii	"\376\223\2015H\225\017~\317\221\346\224\255\357e9\354"
 371      48950F7E 
 371      CF91E694 
 371      ADEF6539 
 371      EC
 372 0798 06358F41 		.ascii	"\0065\217A\232o~\3267P\264\264\366\015\263\336\274:"
 372      9A6F7ED6 
 372      3750B4B4 
 372      F60DB3DE 
 372      BC3A
 373 07aa 69B579FD 		.ascii	"i\265y\375\352U\342\012\263\270\322,&\231\003\326&\276"
 373      EA55E20A 
 373      B3B8D22C 
 373      269903D6 
 373      26BE
 374 07bc F3D6EADF 		.ascii	"\363\326\352\337\233u\344%\255Xi\326\375\316\234hNZ"
 374      9B75E425 
 374      AD5869D6 
 374      FDCE9C68 
 374      4E5A
 375 07ce F5BA     		.ascii	"\365\272"
 376 07d0 E5D77FB6 		.ascii	"\345\327\177\266eZ\022\035Y\177\224\223\2359\026\363"
 376      655A121D 
 376      597F9493 
 376      9D3916F3 
 377 07e0 DB2B9764 		.ascii	"\333+\227d\310N\331aq\244'\323\212uyB\334\206\370\004"
 377      C84ED961 
 377      71A427D3 
 377      8A757942 
 377      DC86F804 
 378 07f4 6B8E23D9 		.ascii	"k\216#\331\222\344\264'\312\216\264\354T\2142cY\302"
 378      92E4B427 
 378      CA8EB4EC 
 378      548C3263 
 378      59C2
 379 0806 9BF19B36 		.ascii	"\233\361\2336\221\340\227\322VJ|\334&\014;\370\315\267"
 379      91E097D2 
 379      564A7CDC 
 379      260C3BF8 
 379      CDB7
 380 0818 5724ADB1 		.ascii	"W$\255\261\276\203\271^%\247\3608\343\227\3638I\345"
 380      BE83B95E 
 380      25A7F038 
 380      E397F338 
 380      49E5
 381 082a 3F8968AC 		.ascii	"?\211h\254\332"
 381      DA
 382              		.text
 383              		.section	.gnu.lto_.symtab.67a7ab84,"",%progbits
 384 0000 666C6173 		.ascii	"flash_ready\000"
 384      685F7265 
 384      61647900 
 385 000c 00       		.ascii	"\000"
 386 000d 00       		.ascii	"\000"
 387 000e 00       		.ascii	"\000"
 388 000f 00000000 		.ascii	"\000\000\000\000\000\000\000\000"
 388      00000000 
 389 0017 B5000000 		.ascii	"\265\000\000\000"
 390 001b 666C6173 		.ascii	"flash_erase_page\000"
 390      685F6572 
 390      6173655F 
 390      70616765 
 390      00
 391 002c 00       		.ascii	"\000"
 392 002d 00       		.ascii	"\000"
 393 002e 00       		.ascii	"\000"
 394 002f 00000000 		.ascii	"\000\000\000\000\000\000\000\000"
 394      00000000 
 395 0037 C3000000 		.ascii	"\303\000\000\000"
 396 003b 666C6173 		.ascii	"flash_unlock\000"
 396      685F756E 
 396      6C6F636B 
 396      00
 397 0048 00       		.ascii	"\000"
 398 0049 00       		.ascii	"\000"
 399 004a 00       		.ascii	"\000"
 400 004b 00000000 		.ascii	"\000\000\000\000\000\000\000\000"
 400      00000000 
 401 0053 C6000000 		.ascii	"\306\000\000\000"
 402 0057 666C6173 		.ascii	"flash_lock\000"
 402      685F6C6F 
 402      636B00
 403 0062 00       		.ascii	"\000"
 404 0063 00       		.ascii	"\000"
 405 0064 00       		.ascii	"\000"
 406 0065 00000000 		.ascii	"\000\000\000\000\000\000\000\000"
 406      00000000 
 407 006d C9000000 		.ascii	"\311\000\000\000"
 408 0071 666C6173 		.ascii	"flash_write_word\000"
 408      685F7772 
 408      6974655F 
 408      776F7264 
 408      00
 409 0082 00       		.ascii	"\000"
 410 0083 00       		.ascii	"\000"
 411 0084 00       		.ascii	"\000"
 412 0085 00000000 		.ascii	"\000\000\000\000\000\000\000\000"
 412      00000000 
 413 008d CE000000 		.ascii	"\316\000\000\000"
 414 0091 666C6173 		.ascii	"flash_read\000"
 414      685F7265 
 414      616400
 415 009c 00       		.ascii	"\000"
 416 009d 00       		.ascii	"\000"
 417 009e 00       		.ascii	"\000"
 418 009f 00000000 		.ascii	"\000\000\000\000\000\000\000\000"
 418      00000000 
 419 00a7 D4000000 		.ascii	"\324\000\000\000"
 420 00ab 666C6173 		.ascii	"flash_write\000"
 420      685F7772 
 420      69746500 
 421 00b7 00       		.ascii	"\000"
 422 00b8 00       		.ascii	"\000"
 423 00b9 00       		.ascii	"\000"
 424 00ba 00000000 		.ascii	"\000\000\000\000\000\000\000\000"
 424      00000000 
 425 00c2 D6000000 		.ascii	"\326\000\000\000"
 426              		.text
 427              		.section	.gnu.lto_.opts,"",%progbits
 428 0000 272D666E 		.ascii	"'-fno-math-errno' '-fno-signed-zeros' '-fno-trappin"
 428      6F2D6D61 
 428      74682D65 
 428      72726E6F 
 428      2720272D 
 429 0033 672D6D61 		.ascii	"g-math' '-fno-trapv' '-fno-openmp' '-fno-openacc' '"
 429      74682720 
 429      272D666E 
 429      6F2D7472 
 429      61707627 
 430 0066 2D6D6370 		.ascii	"-mcpu=cortex-m3' '-march=armv7-m' '-mthumb' '-mlitt"
 430      753D636F 
 430      72746578 
 430      2D6D3327 
 430      20272D6D 
 431 0099 6C652D65 		.ascii	"le-endian' '-munaligned-access' '-Os' '-fmessage-le"
 431      6E646961 
 431      6E272027 
 431      2D6D756E 
 431      616C6967 
 432 00cc 6E677468 		.ascii	"ngth=0' '-fsigned-char' '-ffunction-sections' '-fda"
 432      3D302720 
 432      272D6673 
 432      69676E65 
 432      642D6368 
 433 00ff 74612D73 		.ascii	"ta-sections' '-fsingle-precision-constant' '-flto' "
 433      65637469 
 433      6F6E7327 
 433      20272D66 
 433      73696E67 
 434 0132 272D6666 		.ascii	"'-ffast-math'\000"
 434      6173742D 
 434      6D617468 
 434      2700
 435              		.text
 436              		.comm	__gnu_lto_v1,1,1
 437              		.comm	__gnu_lto_slim,1,1
 438              		.ident	"GCC: (GNU Tools for ARM Embedded Processors) 5.4.1 20160919 (release) [ARM/embedded-5-bran
DEFINED SYMBOLS
                            *ABS*:00000000 flash.c
                            *COM*:00000001 __gnu_lto_v1
                            *COM*:00000001 __gnu_lto_slim

NO UNDEFINED SYMBOLS
