   1              		.syntax unified
   2              		.cpu cortex-m3
   3              		.fpu softvfp
   4              		.eabi_attribute 23, 1
   5              		.eabi_attribute 24, 1
   6              		.eabi_attribute 25, 1
   7              		.eabi_attribute 26, 1
   8              		.eabi_attribute 30, 4
   9              		.eabi_attribute 34, 1
  10              		.eabi_attribute 18, 4
  11              		.thumb
  12              		.syntax unified
  13              		.file	"SPI_communication.c"
  14              		.section	.gnu.lto_.profile.8632aff9,"",%progbits
  15 0000 789C6361 		.ascii	"x\234ca`d`e`\000\222}\214\206\000\002[\000\314"
  15      60646065 
  15      6000927D 
  15      8C860002 
  15      5B00CC
  16              		.text
  17              		.section	.gnu.lto_.icf.8632aff9,"",%progbits
  18 0000 789C6361 		.ascii	"x\234ca`d\000\001a\006\004`fX\365\370\321\016~\306\355"
  18      60640001 
  18      61060460 
  18      6658F5F8 
  18      D10E7EC6 
  19 0015 BB163EE4 		.ascii	"\273\026>\344bz\376n\225\036\003\000[\276\010\377"
  19      627AFE6E 
  19      951E0300 
  19      5BBE08FF 
  20              		.text
  21              		.section	.gnu.lto_.jmpfuncs.8632aff9,"",%progbits
  22 0000 789C5591 		.ascii	"x\234U\221\315+Da\024\306\337\347\336;\346\303G\263"
  22      CD2B4461 
  22      14C6DFE7 
  22      DE3BE6C3 
  22      47B3
  23 0012 9C7817D7 		.ascii	"\234x\027\327n\312\306\237`k\247\374\003\310\224)I\261"
  23      6ECAC69F 
  23      606BA7FC 
  23      03C89429 
  23      49B1
  24 0024 B299AB66 		.ascii	"\262\231\253fF\312\327\316\220P\024f\306\014c\006\323"
  24      46CAD7CE 
  24      90501466 
  24      C60C6306 
  24      D3
  25 0035 4816F231 		.ascii	"H\026\3621\244d!\224X\220\005\013\261Q\224s\356{\211"
  25      A4642194 
  25      5890050B 
  25      B1519473 
  25      EE7B89
  26 0048 B7EE5BEF 		.ascii	"\267\356[\357s\316\371\235s\236k\010\010>AM\010)\324"
  26      73CEF99D 
  26      739E6B08 
  26      083E414D 
  26      0829D4
  27 005b D1E933F0 		.ascii	"\321\3513\360\245!\033?\272\250\251\307\234\2250c$\222"
  27      A5211B3F 
  27      BAA8A9C7 
  27      9C953063 
  27      2492
  28 006d 927B3DDB 		.ascii	"\222{=\333\325#_V\302\262\3741\035XB\275\020XF\204n"
  28      D5235F56 
  28      C2B2FC31 
  28      1D5842BD 
  28      10584684 
  29 0082 3448A7EE 		.ascii	"4H\247\356\361\340r\330\365\256\305t\015\326D\3242\260"
  29      F1E072D8 
  29      F5AEC574 
  29      0DD644D4 
  29      32B0
  30 0094 0229E021 		.ascii	"\002)\340!2\030\222\337?\214{8L\000$!\375\244\355\314"
  30      321892DF 
  30      3F8C7B38 
  30      4C002421 
  30      FDA4EDCC 
  31 00a8 8DACF858 		.ascii	"\215\254\370X3\240!\005\031 \255p\262w\355f\315\205"
  31      33A02105 
  31      1920AD70 
  31      B277ED66 
  31      CD85
  32 00ba 20D29030 		.ascii	" \322\2200\024\376\346\374>\345u\360\011\306\257\376"
  32      14FEE6FC 
  32      3EE575F0 
  32      09C6AFFE 
  33 00ca C3DFEEE5 		.ascii	"\303\337\356\345\026\2528\\\201'\201\214\342\017\317"
  33      16AA385C 
  33      8127818C 
  33      E20FCF
  34 00d9 4CA5DC8A 		.ascii	"L\245\334\212\257#\253\370o\351\313q\237\342\007\260"
  34      AF23ABF8 
  34      6FE9CB71 
  34      9FE207B0 
  35 00e9 66F3C985 		.ascii	"f\363\311\205\237.\237\217\363\263\225\034u\303\272"
  35      9F2E9F8F 
  35      F3B3951C 
  35      75C3BA
  36 00f8 E32EEB4E 		.ascii	"\343.\353N\027\257\335%\373\\\374\250VK\010\344T\223"
  36      17AFDD25 
  36      FB5CFCA8 
  36      564B08E4 
  36      5493
  37 010a ABC1D145 		.ascii	"\253\301\321EG\213j\330\20049\322\310W\023/\332B9\223"
  37      478B6AD8 
  37      803439D2 
  37      C857132F 
  37      DA423993 
  38 011e 2F1FB52A 		.ascii	"/\037\265*\205\220y\3106\322\246K\357e\227\022=(@\366"
  38      859079C8 
  38      36D2A64B 
  38      EF659712 
  38      3D2840F6 
  39 0132 7285C543 		.ascii	"r\205\305C\034\227'\227\235]\334\330\3743\"9\207\210"
  39      1C972797 
  39      9D5DDCD8 
  39      FC332239 
  39      8788
  40 0144 81DFA1D8 		.ascii	"\201\337\241\330\371\237\007\027\026\206N\327\355\335"
  40      F99F0717 
  40      16864ED7 
  40      EDDD
  41 0152 3C94B845 		.ascii	"<\224\270E:\327Q\312\377?\221y\230J\032\012\177'\260"
  41      3AD751CA 
  41      FF3F9179 
  41      984A1A0A 
  41      7F27B0
  42 0165 4D5BD8DE 		.ascii	"M[\330\336;f\3306\224\306R%;\305\213\021\023E&9@QW\355"
  42      3B66D836 
  42      94C65225 
  42      3BC58B11 
  42      13452639 
  43 017d 6B6D6936 		.ascii	"kmi6\273\332\373\314\216P\250\307\014\367\204\373\303"
  43      BBDAFBCC 
  43      8E50A8C7 
  43      0CF784FB 
  43      C3
  44 018e EDDDE181 		.ascii	"\355\335\341\201P\247\370\006\340\232\232U"
  44      50A7F806 
  44      E09A9A55 
  45              		.text
  46              		.section	.gnu.lto_.inline.8632aff9,"",%progbits
  47 0000 789C6361 		.ascii	"x\234ca`d\000\2016\006\004`f\020S\272\016\024g\222\333"
  47      60640081 
  47      36060460 
  47      661053BA 
  47      0E146792 
  48 0015 F08A9181 		.ascii	"\360\212\221\201m\201<\023X\224\207\201\201\011\235"
  48      6D813C13 
  48      58948781 
  48      81099D
  49 0024 62E26600 		.ascii	"b\342f\000*D\34102pJ122(0\202\305\320\264O\360\203\251"
  49      2A44E130 
  49      32704A31 
  49      32322830 
  49      82C5D0B4 
  50 003c 65E19105 		.ascii	"e\341\221\005\332\300\366A\017\207\005\014\000\321\007"
  50      DAC0F641 
  50      0F87050C 
  50      00D107
  51 004b 08D0     		.ascii	"\010\320"
  52              		.text
  53              		.section	.gnu.lto_.pureconst.8632aff9,"",%progbits
  54 0000 789C6361 		.ascii	"x\234ca`d`g```f\220`\224`\222\000\000\001\232\000["
  54      60646067 
  54      60606066 
  54      90609460 
  54      92000001 
  55              		.text
  56              		.section	.gnu.lto_setup_SPI.8632aff9,"",%progbits
  57 0000 789C7D55 		.ascii	"x\234}U\337O\024W\030\275g\356\354\017\026\027\320\376"
  57      DF4F1457 
  57      18BD67EE 
  57      EC0F1617 
  57      D0FE
  58 0012 D02AA96B 		.ascii	"\320*\251k\032\022)\006\036\372B\323\246\217&}k\332"
  58      1A122906 
  58      1EFA42D3 
  58      A68F267D 
  58      6BDA
  59 0024 3FA0414A 		.ascii	"?\240AJ\322M*\220\212/M\232\275\330\035\253\251MI\251"
  59      D24D2A90 
  59      8A2F4D9A 
  59      BDD81DAB 
  59      A94D49A9 
  60 0038 15C45613 		.ascii	"\025\304V\023I\204\", XWA\246HQQi\321\266\250\230\206"
  60      4984222C 
  60      20585741 
  60      A6485151 
  60      69D1B6A8 
  61 004e 9684D0C6 		.ascii	"\226\204\320\3066K\301&$\312\364~\367\316\326m:\314"
  61      364BC126 
  61      24CAF47E 
  61      F7CED66D 
  61      3ACC
  62 0060 BCCCDC7B 		.ascii	"\274\314\334{\3179\337=g\276;c20\272\020b\354\025y\337"
  62      CF39DF3D 
  62      67BE3B63 
  62      3230BA10 
  62      62EC1579 
  63 0075 42CF9CC1 		.ascii	"B\317\234\301h\232d\2541l\000\364 \302`\011\003\011"
  63      689A64AC 
  63      316C00F4 
  63      20C26009 
  63      0309
  64 0087 3C301E19 		.ascii	"<0\036\031\030\375p>m\224\236\022\362\232\265\232\271"
  64      18FD703E 
  64      6D949E12 
  64      F29AB59A 
  64      B9
  65 0098 E8B06171 		.ascii	"\350\260aq\306\034\203i\251S(e\0226\225\354=\306\227"
  65      C61C8369 
  65      A9532865 
  65      123695EC 
  65      3DC697
  66 00ab 0D8B03A6 		.ascii	"\015\213\003\246\034.\3368:W@C\00319\2744\351\234\213"
  66      1C2EDE38 
  66      3A574043 
  66      033139BC 
  66      34E99C8B 
  67 00bf F0CD20E4 		.ascii	"\360\315 \344g\315\303'\012JN\012[\010\373\213n4\012"
  67      67CDC327 
  67      0A4A4E0A 
  67      5B08FB8B 
  67      6E340A
  68 00d2 3B19B338 		.ascii	";\031\2638\307W\340R\024\235(F\007\212\225\270D\367"
  68      C757E052 
  68      149D2846 
  68      078A95B8 
  68      44F7
  69 00e4 CD3E1C32 		.ascii	"\315>\0342\265\356\0069\\\032\353X*\324\272M\220\343"
  69      B5EE0639 
  69      5C1AEB58 
  69      2AD4BA4D 
  69      90E3
  70 00f6 B9B6F3B7 		.ascii	"\271\266\363\267M\276U\011\037\352}\320\036t\205\333"
  70      4DBE5509 
  70      1FEA7DD0 
  70      1E7485DB 
  71 0106 3AB3C226 		.ascii	":\263\302&z\264p\267\024>\375X\370\327\276\325\303\321"
  71      7AB470B7 
  71      143EFD58 
  71      F8D7BED5 
  71      C3D1
  72 0118 60927CC5 		.ascii	"`\222|\305\220B\011\272P\242]\241\027A\231\223\221\235"
  72      904209BA 
  72      50A25DA1 
  72      17419993 
  72      919D
  73 012a 4DBD6E0B 		.ascii	"M\275n\013\307\371@\330\255/\216\266\355|\206\261\214"
  73      C7F940D8 
  73      AD2F8EB6 
  73      ED7C86B1 
  73      8C
  74 013b 4451508B 		.ascii	"DQP\213\206Aw\276\200\244}&\217h$\234N\337\237\011%"
  74      864177BE 
  74      80A47D26 
  74      8F68249C 
  74      4EDF9F09 
  75 0150 1E890342 		.ascii	"\036\211\003B\024Y<\340\030R\013}H\320\332o\355\235"
  75      14593CE0 
  75      18520B7D 
  75      48D0DA6F 
  75      ED9D
  76 0162 BB12EF5B 		.ascii	"\273\022\357[<\250\264\211\200~$,\036b\363\330\267\234"
  76      3CA8B489 
  76      807E242C 
  76      1E62F3D8 
  76      B79C
  77 0174 E9DE4173 		.ascii	"\351\336As\022\367\327\\s}E7\355M\344[<L\350U\0258\316"
  77      12F7D75C 
  77      737D4537 
  77      ED4DE45B 
  77      3C4CE855 
  78 018b A042AEA7 		.ascii	"\240B\256\247\356\247W\242\024C\036\030\006\244)\242"
  78      EEA757A2 
  78      14431E18 
  78      06A429A2 
  79 019b F7F66CF5 		.ascii	"\367\366l\365\243\323\253\307\240\242\337i\374\270\335"
  79      A3D3ABC7 
  79      A0A2DF69 
  79      FCB8DD
  80 01aa A5270D9C 		.ascii	"\245'\015\234u\371\231\2362?\276\212\346kT<\256\227"
  80      75F9999E 
  80      323FBE8A 
  80      E66B543C 
  80      AE97
  81 01bc F2ADC709 		.ascii	"\362\255\307\011\177.\007\237\361\307\233\204O\253\375"
  81      7F2E079F 
  81      F1C79B84 
  81      4FABFD
  82 01cb 0D8C5DDE 		.ascii	"\015\214]\336\037\326\373\003\316g\313\015<\353G\017"
  82      1FD6FB03 
  82      CE67CB0D 
  82      3CEB470F 
  83 01db 10FD82A2 		.ascii	"\020\375\202\242\037\371ce\263f\013\023C\331\352\003"
  83      1FF96365 
  83      B3660B13 
  83      43D9EA03 
  84 01eb 2FFBD183 		.ascii	"/\373\321\203D\037V\364\243\027\226'\002\232\037\306"
  84      441F56F4 
  84      A3179627 
  84      029A1FC6 
  85 01fb C56CF541 		.ascii	"\305l\365A\337pBD\037\3115;X\351\207\017\023\336V\345"
  85      DF704244 
  85      1FC9353B 
  85      58E9870F 
  85      13DE56E5 
  86 020f AE4E1CE9 		.ascii	"\256N\034\351XG\345\302\010\341\033I_\200e\317\254\321"
  86      5847E5C2 
  86      08E11B49 
  86      5F8065CF 
  86      ACD1
  87 0221 4E1187DE 		.ascii	"N\021\207\336\003Fu;=\234?\361e>Q\363!f\223\322\354"
  87      0346753B 
  87      3D9C3FF1 
  87      653E51F3 
  87      216693D2 
  88 0236 25147B77 		.ascii	"%\024{w\331\030u\331:F\235\232\201\267t\324\241W\206"
  88      D91875D9 
  88      3A469D9A 
  88      81B774D4 
  88      A15786
  89 0249 6FB5F4E2 		.ascii	"o\265\364\342\237\207mN\"\005t\004\264\3108\211\024"
  89      9F876D4E 
  89      22057404 
  89      B4C83889 
  89      14
  90 025a 6A7B43A5 		.ascii	"j{C\245\256\275\324\315\277?*t\375E-^D\360U#\217\374"
  90      AEBDD4CD 
  90      BF3F2A74 
  90      FD452D5E 
  90      44F05523 
  91 0270 5D56FE96 		.ascii	"]V\376\226NO\177\022\241M\026a\023\256d\343\034\336"
  91      4E4F7F12 
  91      A14D1661 
  91      13AE64E3 
  91      1CDE
  92 0282 EECD0F6B 		.ascii	"\356\315\017k~\204\370W\025\377g\273\377\244\233\317"
  92      7E84F857 
  92      15FF67BB 
  92      FFA49BCF 
  93 0292 02C34436 		.ascii	"\002\303D6\337\341\347\275\005\326k\201|\022\270\246"
  93      DFE1E7BD 
  93      05D66B81 
  93      7C12B8A6 
  94 02a2 040E1E6B 		.ascii	"\004\016\036k\355\012\221\300zp\\w\003^Y#\340\015\016"
  94      ED0A91C0 
  94      7A705C77 
  94      035E5923 
  94      E00D0E
  95 02b5 35226EE8 		.ascii	"5\"n\350\024f\246~\351\312#\352\023\020-\024\360\244"
  95      1466A67E 
  95      E9CA23EA 
  95      13102D14 
  95      F0A4
  96 02c7 0AD82B9C 		.ascii	"\012\330+\234\357(\234'\265\271\221\035\036{{\341\277"
  96      EF289C27 
  96      B5B9911D 
  96      1E7B7BE1 
  96      BF
  97 02d8 E17CAFF6 		.ascii	"\341|\257\3666x\315\276\033\322\341l\307T\326\333H\231"
  97      3678CDBE 
  97      1BD2E16C 
  97      C754D6DB 
  97      4899
  98 02ea 373F379C 		.ascii	"7?7\234\233\262\331\376=\032cS\001oFn\032\267T\305\241"
  98      9BB2D9FE 
  98      3D1A6353 
  98      016F466E 
  98      1AB754C5 
  99 02ff E3873A23 		.ascii	"\343\207:#:\015\003?\270i4\217\033\276q\374\250\343"
  99      3A0D033F 
  99      B869348F 
  99      1BBE71FC 
  99      A8E3
 100 0311 981F9F3E 		.ascii	"\230\037\237>\030p\343h\2428~Z3\216i\035\007\211\177"
 100      1870E368 
 100      A2387E5A 
 100      338E691D 
 100      07897F
 101 0324 1EF4D67E 		.ascii	"\036\364\326~\312\241C\213\333Z;\265\377\312\255\202"
 101      CAA1438B 
 101      DB5A3BB5 
 101      FFCAAD82 
 102 0334 6DCF1D17 		.ascii	"m\317\035\027-\362\243\3754\315\364/N^\344\022\335\""
 102      2DF2A3FD 
 102      34CDF42F 
 102      4E5EE412 
 102      DD22
 103 0346 ADBC64F1 		.ascii	"\255\274d\361\215\270\203mZ\374\256\3749\225\025[|\223"
 103      8DB8836D 
 103      5AFCAEFC 
 103      3995155B 
 103      7C93
 104 0358 743F7A4F 		.ascii	"t?zOY\247V\227\234\326Y\373\323@\345Yq@\376\244L\206"
 104      59A75697 
 104      9CD659FB 
 104      D340E559 
 104      7140FEA4 
 105 036e 1954E640 		.ascii	"\031T\346@\272\376\007\221\377\276{\022\362;\366\331"
 105      BAFE0791 
 105      FFBE7B12 
 105      F23BF6D9 
 106 037e 6D3B9536 		.ascii	"m;\2256]\031\371\255\224\337uy\3206\226\227W\274\361"
 106      5D19F9AD 
 106      94DF7579 
 106      D0369697 
 106      57BCF1
 107 0391 DAAB6F56 		.ascii	"\332\253oV\327\355\336\275\2676^]\325\020\257\253-\257"
 107      D7EDDEBD 
 107      B7365E5D 
 107      D510AFAB 
 107      2DAF
 108 03a3 66667DDD 		.ascii	"ff}\335\273\015|O}|K4\"\327coW\355\211\355\252\251\251"
 108      BB0D7C4F 
 108      7D7C4B34 
 108      22D7636F 
 108      57ED89ED 
 109 03ba 8DC56BE3 		.ascii	"\215\305k\343\015\361\252w\342\357\325\274\305\376\001"
 109      0DF1AA77 
 109      E2EFD5BC 
 109      C5FE01
 110 03c9 214B81CD 		.ascii	"!K\201\315"
 111              		.text
 112              		.section	.gnu.lto_begin_SPI.8632aff9,"",%progbits
 113 0000 789C6D4F 		.ascii	"x\234mO\277/\203Q\024\275\347\275\257\355WRl\202\016"
 113      BF2F8351 
 113      14BDE7BD 
 113      AFED5752 
 113      6C820E
 114 0013 C2205DAA 		.ascii	"\302 ]\252\177\205\304&\374\001\322\224\301@\023Jl}"
 114      7F85C426 
 114      FC01D294 
 114      C140134A 
 114      6C7D
 115 0025 DA7E6AB4 		.ascii	"\332~j\264XhD\"\342\267\352 \322\355\213\304\"H\214"
 115      58684422 
 115      E2B7EA20 
 115      D2ED8BC4 
 115      22488C
 116 0038 48A42169 		.ascii	"H\244!i\2441\250\020\213\372\334\313\352&/\367\307;"
 116      A431A810 
 116      8BFADCCB 
 116      EA262FF7 
 116      C73B
 117 004a E7DC732D 		.ascii	"\347\334s-\002I\314s\352\341\334\305\017\232\240\226"
 117      0249CC73 
 117      EAE1DCC5 
 117      0F9AA096 
 118 005a AF89166C 		.ascii	"\257\211\026l\005HalPZ!\215\017\325P8\313W\313*\262"
 118      0548616C 
 118      505A218D 
 118      0FD55038 
 118      CB57CB2A 
 119 006f 6D382AE7 		.ascii	"m8*\347O1\263\343\302\321D\236\372U\"l#\302\250\233"
 119      4F31B3E3 
 119      C2D1449E 
 119      FA55226C 
 119      23C2A89B 
 120 0083 DC7141BF 		.ascii	"\334qA\277+G\003\026\267\365\253\325\247\026i\025\272"
 120      2B470316 
 120      B7F5ABD5 
 120      A7166915 
 120      BA
 121 0094 B9BD2BD6 		.ascii	"\271\275+\3266C\272\023\304u\341s\343\241\265oK\364"
 121      3643BA13 
 121      C475E173 
 121      E3A1B56F 
 121      4BF4
 122 00a6 CCED9809 		.ascii	"\314\355\230\011:Zc\017\232\365\260\2130v\020&\036\021"
 122      3A5A630F 
 122      9AF5B08B 
 122      30761026 
 122      1E11
 123 00b8 F6D127F0 		.ascii	"\366\321'\360\307\322\367J\310\237\023t\367\337R\034"
 123      C7D2F74A 
 123      C89F1374 
 123      F7DF521C 
 124 00c8 C02F6714 		.ascii	"\300/g\024\207]\343yYc\032\261\265^?/f\206\305\\\213"
 124      875DE379 
 124      59631AB1 
 124      B55E3F2F 
 124      6686C55C 
 125 00dd E8957172 		.ascii	"\350\225qrI])\311\372\031\216[Z\2040E\263\\~\271\017"
 125      495D29C9 
 125      FA198E5B 
 125      5A843045 
 125      B35C7EB9 
 126 00f2 A41B66C9 		.ascii	"\244\033f\311\2306G\373<\305r8DZ\376\276\252\033\353"
 126      983647FB 
 126      3CC57238 
 126      445AFEBE 
 126      AA1BEB
 127 0105 CDE2DC0F 		.ascii	"\315\342\334\017S\311\031\013G\010\363\370$\177Yj\222"
 127      53C9190B 
 127      4708F3F8 
 127      247F596A 
 127      92
 128 0116 71004011 		.ascii	"q\000@\021aG\333TE\346-\177\321!\252Yme\331\3643|\377"
 128      6147DB54 
 128      45E62D7F 
 128      D121AA59 
 128      6D65D9F4 
 129 012d EF087AEC 		.ascii	"\357\010z\354\204p\314;D\220\341\216n\242\0322\356\351"
 129      8470CC3B 
 129      4490E18E 
 129      6EA21A32 
 129      EEE9
 130 013f C02F43E2 		.ascii	"\300/C\342\225}\260[\006\266G\243\375#C\203\243\211"
 130      957DB05B 
 130      06B647A3 
 130      FD234383 
 130      A389
 131 0151 E4E4E4EC 		.ascii	"\344\344\344\354\324D\"\236\232HNE\023d\247\306gR\243"
 131      D444229E 
 131      9A484E45 
 131      1364A7C6 
 131      6752A3
 132 0164 73F1E91F 		.ascii	"s\361\351\037\231\277\213\276"
 132      99BF8BBE 
 133              		.text
 134              		.section	.gnu.lto_GPIOInit.8632aff9,"",%progbits
 135 0000 789C7592 		.ascii	"x\234u\222\277kSQ\024\307\357\367\336\227\227\327h\212"
 135      BF6B5351 
 135      14C7EFF7 
 135      DE9797D7 
 135      688A
 136 0012 8B281A24 		.ascii	"\213(\032$K\207.\211c\377\002\301\311R\335E2uh\273\250"
 136      4B872E89 
 136      63FF02C1 
 136      C952DD45 
 136      327568BB 
 137 0027 9BBCDB36 		.ascii	"\233\274\3336\327V(Z\004\207\212 \242\320_i\233\264"
 137      D756285A 
 137      04878A20 
 137      A2D05F69 
 137      9BB4
 138 0039 6934D4E1 		.ascii	"i4\324\341\266C'\0252h\006;\004\265Q\304!\305\212\240"
 138      B6432715 
 138      3268063B 
 138      04B551C4 
 138      21C58AA0 
 139 004d 24CF736E 		.ascii	"$\317snp\314\201\307}\347\336\357\371\234\037\367z\002"
 139      70CC81C7 
 139      7DE7DEEF 
 139      F99C1FF7 
 139      7A02
 140 005f 82EDB614 		.ascii	"\202\355\266\024\342\002\255\347\351\203\022\220\363"
 140      E202ADE7 
 140      E9831290 
 140      F3
 141 006c EF84980C 		.ascii	"\357\204\230\014$\300?:\200\010%B\374\222m\211\275\231"
 141      24C03F3A 
 141      80082542 
 141      FC926D89 
 141      BD99
 142 007e 66550E2E 		.ascii	"fU\016.j\262\306\341\327\213z\311\302(!\"\351H\002\213"
 142      6AB2C6E1 
 142      D78B7AC9 
 142      C2282122 
 142      E948028B 
 143 0092 181424AB 		.ascii	"\030\024$\253\345\213O\324\2614\012\360\310=z\373\370"
 143      E58B4FD4 
 143      B1340AF0 
 143      C83D7AFB 
 143      F8
 144 00a3 733FBB12 		.ascii	"s?\273\022irw+_^@\235\003+7\247\267:r\340\271\266Z\333"
 144      6972772B 
 144      5F5E409D 
 144      032B37A7 
 144      B73A72E0 
 145 00bb FAFEE949 		.ascii	"\372\376\351Im\363i\243\024V\240\010\212e\244\260\204"
 145      6DF369A3 
 145      1456A008 
 145      8A65A4B0 
 145      84
 146 00cc 948393FA 		.ascii	"\224\203\223\372S\251\363(\351\3479}\032\253\030\350"
 146      53A9F328 
 146      E9E7397D 
 146      1AAB18E8 
 147 00dc 2646013E 		.ascii	"&F\001>\265\002\336\331\030\261:\212\246\265\255\371"
 147      B502DED9 
 147      18B13A8A 
 147      A6B5ADF9 
 148 00ec BB7FFC40 		.ascii	"\273\177\374@\210\026)\270\217#)yU\337`\354\373\273"
 148      881629B8 
 148      8F232979 
 148      55DF60EC 
 148      FBBB
 149 00fe E0182656 		.ascii	"\340\030&V\253?>\306\303\266\236\325\372\224Q^$\031"
 149      AB3F3EC6 
 149      C3B69ED5 
 149      FA94515E 
 149      2419
 150 0110 B48690CF 		.ascii	"\264\206\220\317v\356\257\356x\\v\014si\254#E{\3333"
 150      76EEAFEE 
 150      785C760C 
 150      7369AC23 
 150      457BDB33 
 151 0124 6F4A09DE 		.ascii	"oJ\011\336\363\001l eT\\41u\334\372\360,\306L\222\024"
 151      F3016C20 
 151      65545C34 
 151      3175DCFA 
 151      F02CC64C 
 152 013a DBE5663C 		.ascii	"\333\345f<\273\306E\352\244Q\001\227\325q\003B\021Y"
 152      BBC645EA 
 152      A4510197 
 152      D5710342 
 152      1159
 153 014c 12AC1F2E 		.ascii	"\022\254\037.\2548n\200\206@\211\332s\204z/B_\227\300"
 153      AC386E80 
 153      864089DA 
 153      73847A2F 
 153      425F97C0 
 154 0160 B7854D47 		.ascii	"\267\205MGx\375tn\331U\321\007\211\255\377\200\203^"
 154      78FD746E 
 154      D955D107 
 154      89ADFF80 
 154      835E
 155 0172 804417E0 		.ascii	"\200D\027\340fUv\200\237\205\372\003\007H\340,\266\011"
 155      66557680 
 155      9F85FA03 
 155      0748E02C 
 155      B609
 156 0184 C063F9DD 		.ascii	"\300c\371\335k,'\"\216E\245;\226\346~\375^\214cOB\317"
 156      6B2C2722 
 156      8E45A53B 
 156      96E67EFD 
 156      5E8C634F 
 157 019a E7B58797 		.ascii	"\347\265\207\227n2\265r\301\306\303;F%9\233\003\341"
 157      6E32B572 
 157      C1C6C33B 
 157      4625399B 
 157      03E1
 158 01ac 1542A3FA 		.ascii	"\025B\243\372\251\272\275\003W\032\237\220t\241a\037"
 158      A9BABD03 
 158      571A9F90 
 158      74A1611F 
 159 01bc C6862A7A 		.ascii	"\306\206*z\226\036\017=\270*\206\304wL\331\277\227\\"
 159      961E0F3D 
 159      B82A86C4 
 159      774CD9BF 
 159      975C
 160 01ce 145B8BBA 		.ascii	"\024[\213\272\245\333\242\254g2\231\354\325\341\313"
 160      A5DBA2AC 
 160      673299EC 
 160      D5E1CB
 161 01dd D7731363 		.ascii	"\327s\023cc\267\306Gs7n\216N\214gr\302\033\2762r\355"
 161      63B7C647 
 161      73376E8E 
 161      4E8C6772 
 161      C21BBE32 
 162 01f3 1F21EEE7 		.ascii	"\037!\356\3473"
 162      33
 163              		.text
 164              		.section	.gnu.lto_.symbol_nodes.8632aff9,"",%progbits
 165 0000 789C55CA 		.ascii	"x\234U\312\271\015\302@\024E\321\373g\306kB\011@%\224"
 165      B90DC240 
 165      1445D1FB 
 165      67C66B42 
 165      09402594 
 166 0014 F61D5820 		.ascii	"\366\035X AB\021\256\202\210\315,\0115\200\344\220\032"
 166      414211AE 
 166      8288CD2C 
 166      093580E4 
 166      901A
 167 0026 2C3C9880 		.ascii	",<\230\200\037]\275\243\027\020&\002\270\205\302\366"
 167      1F5DBDA3 
 167      17102602 
 167      B885C2F6 
 168 0036 014376D5 		.ascii	"\001Cv\325|\200=*V\016\2503\"\027\324\177\005\252j6"
 168      7C803D2A 
 168      560EA833 
 168      2217D47F 
 168      05AA6A36 
 169 004a 408B0603 		.ascii	"@\213\006\003g41pBS\003G43pCs\003W\2640pG\313\177\360"
 169      67343170 
 169      42530347 
 169      34337043 
 169      730357B4 
 170 0064 6434CF5E 		.ascii	"d4\317^<)\335\362=\365$\324\253\330@\275\376u\023\353"
 170      3C29DDF2 
 170      3DF524D4 
 170      ABD840BD 
 170      FE7513EB 
 171 0078 6962A518 		.ascii	"ib\245\030\377\222\323\305\272r\334.\320\274z\341\003"
 171      FF92D3C5 
 171      BA72DC2E 
 171      D0BC7AE1 
 171      03
 172 0089 F2B2437C 		.ascii	"\362\262C|"
 173              		.text
 174              		.section	.gnu.lto_.refs.8632aff9,"",%progbits
 175 0000 789C6361 		.ascii	"x\234ca`\004B \000\000\0009\000\007"
 175      60044220 
 175      00000039 
 175      0007
 176              		.text
 177              		.section	.gnu.lto_.decls.8632aff9,"",%progbits
 178 0000 789CB559 		.ascii	"x\234\265Y\013PTYz\356sO\003M\323\200\253\356\304\315"
 178      0B505459 
 178      7AEE734F 
 178      034DD380 
 178      ABEEC4CD 
 179 0014 52296B8B 		.ascii	"R)k\213r\310&\243\2023fg\253RY\205qd\343j\027\314\316"
 179      72C826A3 
 179      82336667 
 179      AB525985 
 179      7164E36A 
 180 002b 6EAAD830 		.ascii	"n\252\3300\010=c'<\0144\033\235d+\227\267\203/@y\243"
 180      083D6327 
 180      3C0C341B 
 180      9D642B97 
 180      B7832F40 
 181 0041 3C7CF052 		.ascii	"<|\360R\344!\202\212\320\240 \370\032\036\"\210\212"
 181      E421828A 
 181      D0A020F8 
 181      1A1E2288 
 181      8A
 182 0052 A8208A8A 		.ascii	"\250 \212\212 (((\371\3179\367\366\275\315tO6\251\311"
 182      20282828 
 182      F9CF39F7 
 182      F6BDCD74 
 182      4F36A9C9 
 183 0066 ADFAB9F7 		.ascii	"\255\372\271\367?\375\375\347\377\376\377\374\347q/"
 183      3FFDFDE7 
 183      FFFEFFFC 
 183      E7712F
 184 0075 4A055290 		.ascii	"J\005R\220k\366\257\024\212P\033\205b\001\247P\314\301"
 184      6BF6AF14 
 184      8A501B85 
 184      6201A750 
 184      CCC1
 185 0087 A584B6CF 		.ascii	"\245\204\266\317A\324 \225 U 7@\226\201\014\202\314"
 185      41D42095 
 185      20552037 
 185      4096810C 
 185      82CC
 186 0099 81D883E9 		.ascii	"\201\330\203\351\307 kA\336W\260\313\001d\035\350\277"
 186      C7206B41 
 186      DE57B0CB 
 186      01641DE8 
 186      BF
 187 00aa 06D900E2 		.ascii	"\006\331\000\342\013\242\003\321\203\354\000\331\005"
 187      0BA203D1 
 187      83EC00D9 
 187      05
 188 00b7 920C9206 		.ascii	"\222\014\222\006\222\215\024\337\271\210\355O\004\337"
 188      928D14DF 
 188      B988ED4F 
 188      04DF
 189 00c5 0B411683 		.ascii	"\013A\026\203|\001m1 9 \261 ;\021\363M\270\034\0208"
 189      7C016D31 
 189      203920B1 
 189      203B11F3 
 189      4DB81C10 
 190 00da 24801C04 		.ascii	"$\200\034\004\011\000\331\202\030?\3023\0271\336Ap\317"
 190      0900D982 
 190      183FC233 
 190      1731DE41 
 190      70CF
 191 00ec 43522C3E 		.ascii	"CR,>\360\254\201\373v\270\377\007\310\327 \377\011\362"
 191      F0AC81FB 
 191      76B8FF07 
 191      C8D720FF 
 191      09F2
 192 00fe 27907F07 		.ascii	"'\220\177\007\371#\010\017\262\015\304\017\344\237@"
 192      F923080F 
 192      B20DC40F 
 192      E49F40
 193 010d FE00622B 		.ascii	"\376\000b+p\334%\304\243\027\342\363\265\020\013\311"
 193      70DC25C4 
 193      A317E2F3 
 193      B5100BC9 
 194 011d 81C3BC58 		.ascii	"\201\303\274X\264B\016\363e\271K\005)\000I\022\372\300"
 194      B4420EF3 
 194      65B94B05 
 194      29004912 
 194      FAC0
 195 012f 826D9A90 		.ascii	"\202m\232\220\253\371\027\311\253\263\205\034\035\022"
 195      ABF917C9 
 195      ABB3851C 
 195      1D12
 196 013d C681F499 		.ascii	"\306\201\364\231%\344H\034+1\017$?$\027\304\207\030"
 196      25E4481C 
 196      2B310F24 
 196      3F2417C4 
 196      8718
 197 014f 939FA06F 		.ascii	"\223\237\240o\020\306Dg\301\347[\016\015\017\347\357"
 197      10C64467 
 197      C1E75B0E 
 197      0D0FE7EF 
 198 015f D74C7268 		.ascii	"\327Lrh\241\032\375%\250\035\261\3459\230\251JP\307"
 198      A11AFD25 
 198      A81DB1E5 
 198      3998A94A 
 198      50C7
 199 0171 AF663D70 		.ascii	"\257f=p\002u\261\032-\005\365\325\371}\365J\365\016"
 199      0275B11A 
 199      2D05F5D5 
 199      F97DF54A 
 199      F50E
 200 0183 1EAEA418 		.ascii	"\036\256\244\030~a\253\023\301\025#\027T\204\\\024\012"
 200      7E61AB13 
 200      C1152317 
 200      54845C14 
 200      0A
 201 0194 5482A0B0 		.ascii	"T\202\240\260\320\012\027T\010*\300\213\232\233j\020"
 201      D00A1754 
 201      082AC08B 
 201      9A9B6A10 
 202 01a4 EBECA7A0 		.ascii	"\353\354\247\240\236\214\317\275\352\300:\353E\240w"
 202      9E8CCFBD 
 202      EAC03AEB 
 202      45A077
 203 01b3 4F9F7BA3 		.ascii	"O\237{\243\301\034\002\250r\364R\\\226\023rS\273 \350"
 203      C11C02A8 
 203      72F4525C 
 203      96137253 
 203      BB20E8
 204 01c6 0D1DA51E 		.ascii	"\015\035\245\036x\236S\240\023H\215\216#,2\246\276\307"
 204      789E53A0 
 204      13488D8E 
 204      232C32A6 
 204      BEC7
 205 01d8 0A78DB25 		.ascii	"\012x\333%\012\264\312\005\255tQ\2402\344FP\340\271"
 205      0AB4CA05 
 205      AD7451A0 
 205      32E44650 
 205      E0B9
 206 01ea 1C6C2BC0 		.ascii	"\034l+\300u\026O`\035\2106Se\354\037\35038\355j\217"
 206      75164F60 
 206      1D883653 
 206      65EC1FE8 
 206      3338ED6A 
 207 01ff BB66B730 		.ascii	"\273f\2670Ip\360+\212A\307\300\260\224\206P\211\026"
 207      4970F02B 
 207      8A41C7C0 
 207      B0948650 
 207      8916
 208 0211 8A815005 		.ascii	"\212\201P\005,\214\223\215e\016\232D\236\217\026\203"
 208      2C8C938D 
 208      650E9A44 
 208      9E8F1683 
 209 0221 867659D4 		.ascii	"\206vY\324U\210\224\034\275\003z4vh\300\201\305\274"
 209      5588941C 
 209      BD037A34 
 209      7668C081 
 209      C5BC
 210 0233 04D4CEB1 		.ascii	"\004\324\316\261+\007\004u\001\250\2257\212\316\252"
 210      2B070475 
 210      01A89537 
 210      8ACEAA
 211 0242 B01D0919 		.ascii	"\260\035\011\031\335i-.%\251~_\215\310\334t\206\246"
 211      DD692D2E 
 211      25A97E5F 
 211      8DC8DC74 
 211      86A6
 212 0254 134F4FBF 		.ascii	"\023OO\277vdM\004\321>\374v\010-?&&\343\247\322\250"
 212      76644D04 
 212      D13EFC76 
 212      082D3F26 
 212      26E3A7D2 
 213 0269 75EE7D71 		.ascii	"u\356}q\330\016/&(\256ewU\245\003\244\216&m`\356\260"
 213      D80E2F26 
 213      28AE6577 
 213      55A503A4 
 213      8E266D60 
 214 027f E634CF2F 		.ascii	"\3464\317/@u\020\326\031\204\321i\264\234\220{_\315"
 214      407510D6 
 214      1984D169 
 214      B49C907B 
 214      5FCD
 215 0291 9227C6A0 		.ascii	"\222'\306\2400\005\200\316B\376\300!\001\242Zh\254a"
 215      300580CE 
 215      42FEC021 
 215      01A25A68 
 215      AC61
 216 02a3 83577C38 		.ascii	"\203W|8\271\300\026\357@\324G\346\311\222)\265\311G"
 216      B9C016EF 
 216      40D447E6 
 216      C99229B5 
 216      C947
 217 02b5 57E287C7 		.ascii	"W\342\207\307\210\217\006\360qN\362Q\207\254;\251\267"
 217      888F06F0 
 217      714EF251 
 217      87AC3BA9 
 217      B7
 218 02c6 ECA4BD70 		.ascii	"\354\244\275pG;&\005\025\363g\233\354\336\337\324\244"
 218      473B2605 
 218      15F3679B 
 218      ECDEDFD4 
 218      A4
 219 02d7 C4CF292F 		.ascii	"\304\317)/\224uv\362\222\015K\257\012\324\330\363\335"
 219      947576F2 
 219      920D4BAF 
 219      0AD4D8F3 
 219      DD
 220 02e8 D51A3CC9 		.ascii	"\325\032<\311~\033\272|\"Z\205\247\231\362\260t\327"
 220      7E1BBA7C 
 220      225A85A7 
 220      99F2B074 
 220      D7
 221 02f9 53273CCB 		.ascii	"S'<\313\224\322\224\216#\030\363\264\362P\355\271g\036"
 221      94D2948E 
 221      2318F3B4 
 221      F250EDB9 
 221      671E
 222 030b AC0717D0 		.ascii	"\254\007\027\320\316\334\0317\0125:@j\364\370\364\335"
 222      CEDC1937 
 222      0A353A40 
 222      6AF4F8F4 
 222      DD
 223 031c 53363896 		.ascii	"S68\226B\355\233\370\203\307\235\221\253\353\"W\270"
 223      42ED9BF8 
 223      83C79D91 
 223      ABEB2257 
 223      B8
 224 032d DC5C0BF8 		.ascii	"\334\\\013\370\330\030~\240\252\363O\271\235\203<\237"
 224      D8187EA0 
 224      AAF34FB9 
 224      9D833C9F 
 225 033d A24146C8 		.ascii	"\242AF\310\307)\310\307\025\264H\012\243\232\026I1\371"
 225      C729C8C7 
 225      15B4480A 
 225      A39A1649 
 225      31F9
 226 034f ABA016C6 		.ascii	"\253\240\026\306\376\377\312\344\215\261\230\302\233"
 226      FEFFCAE4 
 226      8DB198C2 
 226      9B
 227 035c E7C35748 		.ascii	"\347\303WH\350da\340ydP\240V\000\\\244]\0218$\005u@"
 227      E86461E0 
 227      796450A0 
 227      56005CA4 
 227      5D113824 
 228 0373 7EDA912B 		.ascii	"~\332\221+\272\014\362-\310U\220N\220K \327\220+-\025"
 228      BA0CF22D 
 228      C855904E 
 228      904B20D7 
 228      902B2D15 
 229 0387 E6F085CC 		.ascii	"\346\360\205\314\341\371\371\016\233\276\303oZ\006o"
 229      E1F9F90E 
 229      9BBEC36F 
 229      5A066F
 230 0396 9B0F3F49 		.ascii	"\233\017?I\341\356\022zL\206\276`\271s\031\372\266\014"
 230      E1EE127A 
 230      4C86BE60 
 230      B97319FA 
 230      B60C
 231 03a8 DD623176 		.ascii	"\335b1v\012\246uf\2749\267>\012\242' \205PdRP/\347\326"
 231      0AA67566 
 231      BC39B73E 
 231      0AA22720 
 231      85506452 
 232 03c0 A7C4F0AD 		.ascii	"\247\304\360\255+iW\215\226\263N\373\202Q|05\\\343\214"
 232      2B69578D 
 232      96B34EFB 
 232      82517C30 
 232      355CE38C 
 233 03d4 EFD051E4 		.ascii	"\357\320Q\344&[\332\0075h\221\233\305\364\242n\310\352"
 233      265BDA07 
 233      3568919B 
 233      C5F4A26E 
 233      C8EA
 234 03e6 FF26C38C 		.ascii	"\377&\303\214\351\314\334\022\236W\241\353`\330%M\010"
 234      E9CCDC12 
 234      9E57A1EB 
 234      60D8254D 
 234      08
 235 03f7 C29BFA9F 		.ascii	"\302\233\372\237,\315\272\2406[B\256\313\310*\320\015"
 235      2CCDBAA0 
 235      365B42AE 
 235      CBC82AD0 
 235      0D
 236 0408 6109B941 		.ascii	"a\011\271A\227\220\023q\203\305*\250A\027X\030\220l"
 236      97901371 
 236      83C52AA8 
 236      41175818 
 236      906C
 237 041a 557061AB 		.ascii	"Upa\253\302\360\363\342\011\033<\302\252\367\336\203"
 237      C2F0F3E2 
 237      091B3CC2 
 237      AAF7DE83 
 238 042a B8B3B64A 		.ascii	"\270\263\266JX'o\202\333\277u\241\336\232\347\246\214"
 238      58276F82 
 238      DBBF75A1 
 238      DE9AE7A6 
 238      8C
 239 043b CE80D7AA 		.ascii	"\316\200\327\252\021G\326\212\356\354]J<\303\360\361"
 239      1147D68A 
 239      EEEC5D4A 
 239      3CC3F0F1 
 240 044b 89A5A314 		.ascii	"\211\245\243\024\177\033\360\267\200@\037R\222\366\212"
 240      7F1BF0B7 
 240      80401F52 
 240      92F68A
 241 045a 82D92167 		.ascii	"\202\331!g\274\023S\320D\376\221|\216\200\372\001\364"
 241      BC1353D0 
 241      44FE917C 
 241      8E80FA01 
 241      F4
 242 046b 372EE80E 		.ascii	"7.\350\016\305p\267\367=\337k\203Tn\361$\216\261\350"
 242      C570B7F7 
 242      3DDF6B83 
 242      546EF124 
 242      8EB1E8
 243 047e 68DB0C27 		.ascii	"h\333\014'q\021V\300lQ\321\234\335\203\234\335EJX\341"
 243      711156C0 
 243      6C51D19C 
 243      DD839CDD 
 243      454A58E1 
 244 0492 5D500F04 		.ascii	"]P\017\004\307V\214\327}\177OG\022P\362\221$+\300dN"
 244      C7568CD7 
 244      7D7F4F47 
 244      1250F291 
 244      242BC064 
 245 04a7 95037E49 		.ascii	"\225\003~I\035sm\371}\276\310M\305r:g\0173t\020\272"
 245      1D736DF9 
 245      7DBEC84D 
 245      C5723A67 
 245      0F337410 
 246 04bc BD2F6594 		.ascii	"\275/e\224\330+\024\026\010\240\007\340\327\032\007"
 246      D82B1416 
 246      08A007E0 
 246      D71A07
 247 04cb D28B6C69 		.ascii	"\322\213li\326\262\245\271\206\357M\267\307\011J\032"
 247      D6B2A5B9 
 247      86EF4DB7 
 247      C7094A1A 
 248 04db 7261F9FE 		.ascii	"ra\371\376*G\022\362Cp6\204X\"\205\245A\313\226\206"
 248      2A4712F2 
 248      43703684 
 248      582285A5 
 248      41CB9686 
 249 04ef F4C9B153 		.ascii	"\364\311\261Sj\234\316\360\307k+\243i\036\037\003\376"
 249      6A9CCEF0 
 249      C76B2BA3 
 249      691E1F03 
 249      FE
 250 0500 11F81966 		.ascii	"\021\370\031fy\024\327{-[\357\213\017>?\352\200\013"
 250      7914D77B 
 250      2D5BEF8B 
 250      0F3E3FEA 
 250      800B
 251 0512 99CDDEF1 		.ascii	"\231\315\336\361\304Bgb\363\024l\236\200\315\010\263"
 251      C4426762 
 251      F3146C9E 
 251      80CD08B3 
 252 0522 199F3D50 		.ascii	"\031\237=Pc\317l\026\223}\3018Q\245\301\265\314\346"
 252      63CF6C16 
 252      937DC138 
 252      51A5C1B5 
 252      CCE6
 253 0534 E889B70F 		.ascii	"\350\211\267\017U\304\3469\330\214\202\3153f\263\263"
 253      55C4E639 
 253      D88C82CD 
 253      3366B3B3 
 254 0544 B9BA0533 		.ascii	"\271\272\0053\233V\242\327\337\215+\265\305m\314\250"
 254      9B56A2D7 
 254      DF8D2BB5 
 254      C56DCCA8 
 255 0554 ED52BF37 		.ascii	"\355R\2777\261y\0016\343`3\306l\262'\356<\026\374\270"
 255      B1790136 
 255      E36033C6 
 255      6CB227EE 
 255      3C16FCB8 
 256 0568 919DB0AD 		.ascii	"\221\235\260\255a@\215{\230\311\265WI\227(\267\227`"
 256      61408D7B 
 256      98C9B557 
 256      499728B7 
 256      9760
 257 057a 33093613 		.ascii	"3\0116\023\314F<\017h\331y\340\362\225'\263\010\017"
 257      CC463C0F 
 257      68D979E0 
 257      F29527B3 
 257      080F
 258 058c 319BEE9D 		.ascii	"1\233\356\235Yy\224\3334\330L\201\315+f\363:5\251\307"
 258      597994DB 
 258      34D84C81 
 258      CD2B66F3 
 258      3A35A9C7 
 259 05a0 01CF3050 		.ascii	"\001\3170Pj\376\333LL@o\000\364s\027\364\232\325R\352"
 259      6AFEDB4C 
 259      4C406F00 
 259      F47317F4 
 259      9AD552EA 
 260 05b4 D0930EAB 		.ascii	"\320\223\016\253\2654+\214\343[\030\307\231\371\265"
 260      B5342B8C 
 260      E35B18C7 
 260      99F9B5
 261 05c3 64AC5847 		.ascii	"d\254XG\246\332\354w*\351i\332\215\303\016\370\033\033"
 261      A6DAEC77 
 261      2AE969DA 
 261      8DC30EF8 
 261      1B1B
 262 05d5 5A49C78A 		.ascii	"ZI\307\212\357\227\253,\367\217x\316\355\177p\321\021"
 262      EF97AB2C 
 262      F78F78CE 
 262      ED7F70D1 
 262      11
 263 05e6 8F888F39 		.ascii	"\217\210\2179\000\275\223\212o\226\026\037i\005oG\336"
 263      00BD938A 
 263      6F96161F 
 263      69056F47 
 263      DE
 264 05f7 CC8C91C4 		.ascii	"\314\214\221\304,#\2737\226\315\322el\2266\\n;\252\301"
 264      2C23BB37 
 264      96CDD265 
 264      6C96365C 
 264      6E3BAAC1 
 265 060b 59948D69 		.ascii	"Y\224\215iF.\024f\244P$\213i\221p\207\215\321q\010\251"
 265      462E1466 
 265      A450248B 
 265      69917087 
 265      8DD17108 
 266 0620 DDE8CE09 		.ascii	"\335\350\316\011;\241\272\010\270\306q.(\226\003\266"
 266      3BA1BA08 
 266      B8C6712E 
 266      289603B6 
 267 0630 09C07699 		.ascii	"\011\300v\231\260\015FCc\024'N\252\271\247\277\216!"
 267      B00D4643 
 267      6314274E 
 267      AAB9A7BF 
 267      8E21
 268 0642 932A9E53 		.ascii	"\223*\236S\243\030\316Ds\231\232\345\243>\371\326C5"
 268      A318CE44 
 268      73999AE5 
 268      A33EF9D6 
 268      4335
 269 0654 3EC2F251 		.ascii	">\302\362Q<v\345\230\263U\037\211V}t%.\243[\3757\340"
 269      3C76E598 
 269      B3551F89 
 269      567D7425 
 269      2EA35BFD 
 270 066a 6387E403 		.ascii	"c\207\344\003\\\222\033\264\312\016\211\013\331!qOC"
 270      5C921BB4 
 270      CA0E890B 
 270      D921714F 
 270      43
 271 067b 6B9F132E 		.ascii	"k\237\023.c\221\327\236H=\356\3046\370?\313+\230\234"
 271      6391D79E 
 271      483DEEC4 
 271      36F83FCB 
 271      2B989C
 272 068e ADA96BB1 		.ascii	"\255\251k\261a\331Y\011\352l\321\303\367\360I\326\333"
 272      61D95909 
 272      EA6CD1C3 
 272      F7F049D6 
 272      DB
 273 069f F5A4DB7B 		.ascii	"\365\244\333{\034p=S\346\232\246z\035q\013SN?\270\026"
 273      1C703D53 
 273      E69AA67A 
 273      1D710B53 
 273      4E3FB816 
 274 06b3 AFC2ED4C 		.ascii	"\257\302\355L90;\033\253\304=L\351H\313y\250\302\367"
 274      39303B1B 
 274      ABC43D4C 
 274      E948CB79 
 274      A8C2F7
 275 06c6 98727E22 		.ascii	"\230r~\"g\\\203\0371epgZ4\207_0%\352Qy\002\306\323L"
 275      675C831F 
 275      31657067 
 275      5A34875F 
 275      3025EA51 
 276 06df 197D9978 		.ascii	"\031}\231x_\211\243m\231\237\354\261\003\032\034\307"
 276      5F89A36D 
 276      999FECB1 
 276      031A1CC7 
 277 06ef 9417592D 		.ascii	"\224\027Y-O\324x/S\352\256\276>\346\204S\230r\375t\367"
 277      4FD4782F 
 277      53EAAEBE 
 277      3EE68453 
 277      9872FD74 
 278 0704 0E079CC3 		.ascii	"\016\007\234\303\224{w\206\023\235p\036SvTTd8\340\022"
 278      947B7786 
 278      139D701E 
 278      53765454 
 278      6438E012 
 279 0718 A64CD775 		.ascii	"\246L\327u\024p,Y\256\240\226\030w\266b\026l\036)\215"
 279      14702C59 
 279      AEA09618 
 279      77B66216 
 279      6C1E298D 
 280 072c 3BDF8CAE 		.ascii	";\337\214\256\301e\024\272\370q\313\361q\214\\\331E"
 280      C16514BA 
 280      F871CBF1 
 280      718C5CD9 
 280      45
 281 073d CF1C70E8 		.ascii	"\317\034p\350\240\227x\362\330T\3229\300\363\211\032"
 281      A09778F2 
 281      D854D239 
 281      C0F3891A 
 282 074d B41B8627 		.ascii	"\264\033\206'\007\206\247\230[$\345w\205|c\207a7\276"
 282      0786A798 
 282      5B24E577 
 282      857C6387 
 282      6137BE
 283 0760 2CD147C5 		.ascii	",\321G\305\360E+\351h&\317\207\263\235\035T\323\026"
 283      F0452BE9 
 283      6826CF87 
 283      B39D1D54 
 283      D316
 284 0772 7BABC43B 		.ascii	"{\253\304;\232\342I\367i\363\361\325\363\367\366\376"
 284      9AE249F7 
 284      69F3F1D5 
 284      F3F7F6FE 
 285 0782 1294C11B 		.ascii	"\022\224\301\033\2431\205\357\267\014\227\2373^\311"
 285      A33185EF 
 285      B70C979F 
 285      335EC9
 286 0791 F14996E9 		.ascii	"\361I\226\351\310\361g\344\370\203\026\243u\227\202"
 286      C8F167E4 
 286      F88316A3 
 286      759782
 287 07a0 7D2D0F76 		.ascii	"}-\017v\257\345\336\367p\346\347\254p\005\214\202\013"
 287      AFE5DEF7 
 287      70E6E7AC 
 287      70058C82 
 287      0B
 288 07b1 CAE5A86B 		.ascii	"\312\345\250k\216\235\002N@\231\026r\256\250\014\244"
 288      8E9D024E 
 288      40991672 
 288      AEA80CA4 
 289 07c1 00A414A4 		.ascii	"\000\244\024\244\022\3448H\025H\011\310a\220r"
 289      12E43848 
 289      154809C8 
 289      619072
 290 07d0 90232027 		.ascii	"\220# 'A*@\016\201\034\005)\0029\006R\315\211g2B\257"
 290      412A400E 
 290      811C0529 
 290      02390652 
 290      CD896732 
 291 07e6 570C86D0 		.ascii	"W\014\206\320K\237O\257IF\217\341\333\345\370l\213\301"
 291      4B9F4FAF 
 291      49468FE1 
 291      DBE5F86C 
 291      8BC1
 292 07f8 EF910DDD 		.ascii	"\357\221\015\335\214|\350v\315\207\357\344\346%\253"
 292      8C7CE876 
 292      CD87EFE4 
 292      E625AB
 293 0807 5B9EAC4C 		.ascii	"[\236\254L\313l\342dl\352\344l\016Xd\303\340l=\255)"
 293      CB6CE264 
 293      6CEAE46C 
 293      0E5864C3 
 293      E06C3DAD 
 294 081c F1A6DB3F 		.ascii	"\361\246\333?\240\314\017r\244\257;r\337\251\226\313"
 294      A0CC0F72 
 294      A4AF3B72 
 294      DFA996CB 
 295 082c 465E9513 		.ascii	"F^\225\023\362\320R,\017\254\254*;\345U\223e94\031\374"
 295      F2D0522C 
 295      0FACAC2A 
 295      3BE55593 
 295      65393419 
 296 0841 861C9E61 		.ascii	"\206\034\236a\031.\237S\343r\366\373,\263\227\217\343"
 296      192E9F53 
 296      E372F6FB 
 296      2CB3978F 
 296      E3
 297 0852 AC3C73F9 		.ascii	"\254<s\371\226\007\206E\013\253A\365\311\354\014[\\"
 297      96078645 
 297      0BAB41F5 
 297      C9EC0C5B 
 297      5C
 298 0863 4B97032E 		.ascii	"K\227\003.\267\372\372\030\274\347-\022NG%?![T-X\237"
 298      B7FAFA18 
 298      BCE72D12 
 298      4E47253F 
 298      215B542D 
 299 0879 92D66592 		.ascii	"\222\326e\222`+\005\215j\240\216\377\277j\032\270\336"
 299      602B058D 
 299      6AA08EFF 
 299      BF6A1AB8 
 299      DE
 300 088a DCD5946C 		.ascii	"\334\325\224lcv\306%\334\2443\356i\216\235q\341\016"
 300      6376C625 
 300      DCA433EE 
 300      698E9D71 
 300      E10E
 301 089c E8BCF65D 		.ascii	"\350\274\366]\303\034\276\300\326\304\003\347{\277u"
 301      C31CBEC0 
 301      D6C403E7 
 301      7BBF75
 302 08ab 22678433 		.ascii	"\"g\2043\0349o\322\356^\345\337j\343\360e\0068\374\264"
 302      1C396FD2 
 302      EE5EE5DF 
 302      6AE3F065 
 302      0638FCB4 
 303 08bf B7861E48 		.ascii	"\267\206\036H\3538z\2108\313\321C\304\370\336\362t;"
 303      EB387A88 
 303      38CBD143 
 303      C4F8DEF2 
 303      743B
 304 08d1 6B87887A 		.ascii	"k\207\210z\216\355\360\015\020\3529n\376\016\177\363"
 304      8EEDF00D 
 304      10EA396E 
 304      FE0E7FF3 
 305 08e1 FE565A91 		.ascii	"\376VZ\221\200\232w\214\030=\2222\201p\027\313y\352"
 305      809A778C 
 305      183D9232 
 305      817017CB 
 305      79EA
 306 08f3 4CEA2347 		.ascii	"L\352#G\361D\3127\240\005\250\011\2725J\011'\366\226"
 306      F144CA37 
 306      A005A809 
 306      BA354A09 
 306      27F696
 307 0906 0FA48DE0 		.ascii	"\017\244\215\340\327\032\007\322\013y-\350.\275nw\013"
 307      D71A07D2 
 307      0B792DE8 
 307      2EBD6E77 
 307      0B
 308 0917 8EEE7036 		.ascii	"\216\356p6\247_g\340\306\356\010\231\204\374\241\217"
 308      A75F67E0 
 308      C6EE0899 
 308      84FCA18F 
 309 0927 0AC41114 		.ascii	"\012\304\021\024RHMH\006\244]\210\217\354BL\220`\206"
 309      52484D48 
 309      06A45D88 
 309      8FEC424C 
 309      906086
 310 093a E837407A 		.ascii	"\3507@z!$:C\246K4@\2221\373\231\223z\025T\321@\352O"
 310      21243A43 
 310      A64B3440 
 310      9231FB99 
 310      937A1554 
 311 0952 A02AE3C4 		.ascii	"\240*\343\304\010)\344\\h~\313\317>zd\207\037\260\201"
 311      0829E45C 
 311      687ECBCF 
 311      3E7A6487 
 311      1FB081
 312 0965 7D529F39 		.ascii	"}R\2379\347\270$\215f7\206_\312\241\317\3373M\006\005"
 312      E7B8248D 
 312      6637865F 
 312      CAA1CFDF 
 312      334D0605 
 313 0979 6AE696C0 		.ascii	"j\346\226\300\337\315JfXW\331\222\217~\226\307\347\225"
 313      DFCD4A66 
 313      5857D992 
 313      8F7E96C7 
 313      E795
 314 098b F30367A7 		.ascii	"\363\003g\247\276\030\254\344\37180S\022\030\272 \015"
 314      BE18ACE4 
 314      F9383053 
 314      1218BA20 
 314      0D
 315 099c 093C92DB 		.ascii	"\011<\222\333y\356\0260h\341~\006\246\317R\037\357C"
 315      79EE1630 
 315      68E17E06 
 315      A6CF521F 
 315      EF43
 316 09ae 388E7D77 		.ascii	"8\216}w);6S\256\206bR\220C\355fzb}\2270\331\340l\225"
 316      293B3653 
 316      AE866252 
 316      9043ED66 
 316      7A627D97 
 317 09c7 461BA5D1 		.ascii	"F\033\245\321\312\011<\262\223\253\272\355\030\017c"
 317      CA093CB2 
 317      93ABBAED 
 317      180F63
 318 09d6 4E8B866F 		.ascii	"N\213\206o\347\311w$\000\241\213\022\211\213r\022\227"
 318      E7C97724 
 318      00A18B12 
 318      898B7212 
 318      97
 319 09e7 28893DD1 		.ascii	"(\211=\321cC\216x/#1q\363B\242J\350\244\336\324\011"
 319      63438E78 
 319      2F233171 
 319      F342A24A 
 319      E8A4DED4 
 320 09fc 89E4B2D4 		.ascii	"\211\344\262\324\311ey'Wh'\223U\275\345\2668\303j$\207"
 320      C9657927 
 320      57682793 
 320      55BDE5B6 
 320      38C36A24 
 321 0a11 EA53676D 		.ascii	"\352Sgm\324\302W\262\244\357\375JF\216\314\035\261\215"
 321      D4C257B2 
 321      A4EFFD4A 
 321      468ECC1D 
 321      B18D
 322 0a23 1AB339FB 		.ascii	"\032\2639\373-'\377\240\327\316\346,\031\265'e\2316"
 322      2D27FFA0 
 322      D7CEE62C 
 322      19B52765 
 322      9936
 323 0a35 D415B4A1 		.ascii	"\324\025\264\241kt\376\241\304\206\236jl5m\2354m\035"
 323      6B74FEA1 
 323      C4869E6A 
 323      6C356D9D 
 323      346D1D
 324 0a48 62DA9A9A 		.ascii	"b\332\232\232\207Z\324\0201\034X\006\222f~\225\032\223"
 324      875AD410 
 324      311C5806 
 324      92667E95 
 324      1A93
 325 0a5a E74620E8 		.ascii	"\347F \350\252\024\357U\216}\347C]4\326\374\231\252"
 325      AA14EF55 
 325      8E7DE743 
 325      5D34D6FC 
 325      99AA
 326 0a6c BB76B894 		.ascii	"\273v\270\224\305*\276\274-f/o\323\011\203SJ\\\315~"
 326      C52ABEBC 
 326      2D662F6F 
 326      D3098353 
 326      4A5CCD7E 
 327 0a80 CB689CFC 		.ascii	"\313h\234\374\032\033\331s\336tW\215\006\267Q\305\346"
 327      1A1BD973 
 327      DE74578D 
 327      06B751C5 
 327      E6
 328 0a91 CCCEDDB9 		.ascii	"\314\316\335\271p\316Z\344F\216L\020$\274\207\376sc"
 328      70CE5AE4 
 328      468E4C10 
 328      24BC87FE 
 328      7363
 329 0aa3 4C3CDFFE 		.ascii	"L<\337\376\005]~{\300u\237\3453\004[B\215l\011\225\022"
 329      055D7E7B 
 329      C0759FE5 
 329      33045B42 
 329      8D6C0995 
 330 0ab8 D227AC9F 		.ascii	"\322'\254\237\267`B\337\204\365\357\016\310mN\376%`"
 330      B76042DF 
 330      84F5EF0E 
 330      C86D4EFE 
 330      2560
 331 0aca 0A0613D6 		.ascii	"\012\006\023\326\345>K;]z\302{\351\2741\012\323\027"
 331      E53E4B3B 
 331      5D7AC27B 
 331      E9BC310A 
 331      D317
 332 0adc 8B5EC1B9 		.ascii	"\213^\301\2710>\324u\267l\243H\276(\200\311+\360\015"
 332      303ED475 
 332      B76CA348 
 332      BE2880C9 
 332      2BF00D
 333 0aef 0B60D32E 		.ascii	"\013`\323.\221S=2\241\301]4d.*\263y\330\316\264Kd'\320"
 333      91533D32 
 333      A1C15D34 
 333      642E2AB3 
 333      79D8CEB4 
 334 0b07 17990130 		.ascii	"\027\231\0010\355\227\362\334'\333%\346\205\210\356"
 334      ED97F2DC 
 334      27DB25E6 
 334      8588EE
 335 0b16 4264DF17 		.ascii	"Bd\337\027%\370\0339\334~\2153\253\232\001\263\225\376"
 335      25F81B39 
 335      DC7E8D33 
 335      AB9A01B3 
 335      95FE
 336 0b28 9EA96A3A 		.ascii	"\236\251j:\262\256\244:\320\252\2016\241B[z\257=\300"
 336      B2AEA43A 
 336      D0AA8136 
 336      A1425B7A 
 336      AF3DC0
 337 0b3b B4ED06D2 		.ascii	"\264\355\006\322\240\373\254\222\012oW5\332Y\255\244"
 337      A0FBAC92 
 337      0A6F5735 
 337      DA59ADA4 
 338 0b4b 415A490F 		.ascii	"AZI\017\304Jj\230\3529\247b\225d\234K\303\231|\023G"
 338      C44A6A98 
 338      EA39A762 
 338      95649C4B 
 338      C3997C13 
 339 0b60 20E8BA14 		.ascii	" \350\272\024\341u\261\222\206h%e\344\235\334\353\214"
 339      E175B192 
 339      86682565 
 339      E49DDCEB 
 339      8C
 340 0b71 07598558 		.ascii	"\007Y\205X\"\365\340y{\266\332\252\377G\324\377\260"
 340      22F5E079 
 340      7BB6DAAA 
 340      FF47D4FF 
 340      B0
 341 0b82 E8BFAC25 		.ascii	"\350\277\254%\276\226\023\374'\365h\214Z\002@\017%\357"
 341      BE9613FC 
 341      27F5688C 
 341      5A02400F 
 341      25EF
 342 0b94 0F45EF8F 		.ascii	"\017E\357\217\251\367\247\247\232\023\355\360$\363^"
 342      A9F7A7A7 
 342      9A13EDF0 
 342      24F35E
 343 0ba3 3E577F5A 		.ascii	">W\177Z\211\3372%\251m\250\024\341D\025UR\352\032\243"
 343      89DF3225 
 343      A96DA814 
 343      E1441555 
 343      52EA1AA3 
 344 0bb7 1C701E53 		.ascii	"\034p\036SF\206\243\213U\270\210)\027\237\327\2259\342"
 344      4686A38B 
 344      55B88829 
 344      179FD795 
 344      39E2
 345 0bc9 0AA634D4 		.ascii	"\012\2464\324\277\031\263\303g\230\222\223\325|\314"
 345      BF19B3C3 
 345      67989293 
 345      D57CCC
 346 0bd8 065F64CA 		.ascii	"\006_d\312\325\302\334\004{\334\316\224\212\201\331"
 346      D5C2DC04 
 346      7BDCCE94 
 346      8A81D9
 347 0be7 3A257BCF 		.ascii	":%{\317 \037\261'.\024M8\263\351\223D\276)\361\225\227"
 347      201FB127 
 347      2E144D38 
 347      B3E99344 
 347      BE29F195 
 348 0bfc B2D4B89F 		.ascii	"\262\324\270\237b\035\216\030\263\022\354\304\027\015"
 348      621D8E18 
 348      B312ECC4 
 348      170D
 349 0c0a 325BD864 		.ascii	"2[\330d\351(\334\236Q\313\336/\310ly\012\001\276\373"
 349      E928DC9E 
 349      51CBDE2F 
 349      C86C790A 
 349      01BEFB
 350 0c1d FEC3505A 		.ascii	"\376\303PZ\274F\234[\317,\243\345\207\310v\011\375r"
 350      BC469C5B 
 350      CF2CA3E5 
 350      87C87609 
 350      FD72
 351 0c2f 3EDAECE5 		.ascii	">\332\354\345\202\236\227\003xx\005#\330\027\363\261"
 351      829E9703 
 351      78780523 
 351      D817F3B1 
 352 0c3f F34FFE93 		.ascii	"\363O\376\223&\350\230E\250\234q\277\011;n\021+\347"
 352      26E89845 
 352      A89C71BF 
 352      093B6E11 
 352      2BE7
 353 0c51 FBC6847D 		.ascii	"\373\306\204}n\021+?\346%I\261\215Z\316\204l\231\021"
 353      6E112B3F 
 353      E62549B1 
 353      8D5ACE84 
 353      6C9911
 354 0c64 4E6A9300 		.ascii	"Nj\223\000\230\240\005\367N\230\200s0\001_\303\344\233"
 354      98A005F7 
 354      4E988073 
 354      30015FC3 
 354      E49B
 355 0c76 01790332 		.ascii	"\001y\0032\013\362\026d\012\344\025\010\217]\321\264"
 355      0BF21664 
 355      0AE41508 
 355      8F5DD1B4 
 356 0c86 D9F2D3AD 		.ascii	"\331\362\323\255#\363\375\235\245\325\347l\274\223t"
 356      23F3FD9D 
 356      A5D5E76C 
 356      BC9374
 357 0c95 F27C6299 		.ascii	"\362|b\231\324\036qM)\211\313I\304\270\325\236\256)"
 357      D41E714D 
 357      2989CB49 
 357      C4B8D59E 
 357      AE29
 358 0ca7 3B46BAB2 		.ascii	";F\272\262\354MkJ\027\3738\022\203\027\241(l\252\371"
 358      EC4D6B4A 
 358      17FB3812 
 358      8317A128 
 358      6CAAF9
 359 0cba 77DF3D79 		.ascii	"w\337=y\212\361\240h\354\366\177\012\211\354go\306\317"
 359      8AF1A068 
 359      ECF67F0A 
 359      89EC676F 
 359      C6CF
 360 0ccc DB9AAD35 		.ascii	"\333\232\2555\304\257\264\326\304bq\255\271\330y\273"
 360      C4AFB4D6 
 360      C46271AD 
 360      B9D879BB 
 361 0cdc D1914E6B 		.ascii	"\321\221Nkh\023\246uT\355\263A\025m\203S'\212\303\354"
 361      6813A675 
 361      54EDB341 
 361      156D8353 
 361      278AC3EC 
 362 0cf0 93D6FEA4 		.ascii	"\223\326\376\2448\033\253s=\001\223\271\036\217\205"
 362      381BAB73 
 362      3D0193B9 
 362      1E8F85
 363 0cff B93E5A9D 		.ascii	"\271>Z\235Z\343,\2565\331l\255\001\010\032\221f\373"
 363      5AE32CAE 
 363      35D96CAD 
 363      01081A91 
 363      66FB
 364 0d11 8838DB77 		.ascii	"\2108\333w`2\333\013\336\264^q\304\275\366\310\032\251"
 364      6032DB0B 
 364      DEB45E71 
 364      C4BDF6C8 
 364      1AA9
 365 0d23 5369177B 		.ascii	"Si\027{\254\257u;\251\377D\321\377\225\302\271\343\366"
 365      ACAF753B 
 365      A9FF44D1 
 365      FF95C2B9 
 365      E3F6
 366 0d35 82FF947E 		.ascii	"\202\377\224~\262\326\000\000}#\345\035\036\231\367"
 366      B2D60000 
 366      7D23E51D 
 366      1E99F7
 367 0d44 5DD47BE9 		.ascii	"]\324{\351Pv\231\023\036f\336\237\337\212\237a\347\003"
 367      50769913 
 367      1E66DE9F 
 367      DF8A9F61 
 367      E703
 368 0d56 32E4CC7B 		.ascii	"2\344\314{sO\372qlJ\311\036\226\222\306\221\211F\245"
 368      734FFA71 
 368      6C4AC91E 
 368      9692C691 
 368      8946A5
 369 0d69 554A4994 		.ascii	"UJI\224\322^\221\322x~\355C\221\322AJ\011\000h\267D"
 369      D25E91D2 
 369      787EED43 
 369      91D2414A 
 369      090068B7 
 370 0d7e 69B74829 		.ascii	"i\267H)\231Rz\361\266\365\202\035\236f\224\022O\265"
 370      99527AF1 
 370      B6F5821D 
 370      9E669412 
 370      4FB5
 371 0d90 7628A97B 		.ascii	"v(\251{r\220f\224Z\277\355K\225Fi\037\243t:\377~\253"
 371      72906694 
 371      5ABFED4B 
 371      9546691F 
 371      A3743AFF 
 372 0da6 AD554AA9 		.ascii	"\255UJ\251\224\322~\221\322\213\301\351(q\224\322(%"
 372      94D27E91 
 372      D28BC1E9 
 372      287194D2 
 372      2825
 373 0db8 00A01489 		.ascii	"\000\240\024\211R\212H)\215R\272\237\\\220\254\306\274"
 373      528A4829 
 373      8D52BA9F 
 373      5C90ACC6 
 373      BC
 374 0dc9 DA2AA5F6 		.ascii	"\332*\245\366CE\257\031%\362?\256\014Fi4\267\"\315\336"
 374      4345AF19 
 374      25F23FAE 
 374      0C466934 
 374      B722CDDE 
 375 0ddd 2AA52C4A 		.ascii	"*\245,J)S\244t\372\322\241{\302&1\320_\251/;\024o\324"
 375      2953A474 
 375      FAD2A17B 
 375      C22631D0 
 375      5FA92F3B 
 376 0df4 52104A97 		.ascii	"R\020J\227h\245\213\264\262)\255]\015\257*\314\377\323"
 376      68A58BB4 
 376      B229AD5D 
 376      0DAF2ACC 
 376      FFD3
 377 0e06 48065B2A 		.ascii	"H\006[*\366\034V\354\344\016h\343\340\263\\\363\177"
 377      F61C56EC 
 377      E40E68E3 
 377      E0B35CF3 
 377      7F
 378 0e17 2A2498A1 		.ascii	"*$\230\241\017\010\350\003\024]\320\366\342\206\243"
 378      0F08E803 
 378      145DD0F6 
 378      E286A3
 379 0e26 199A6C5A 		.ascii	"\031\232lZ\022\372\240\200>H\321\231\347;\016\231\037"
 379      12FAA080 
 379      3E48D199 
 379      E73B0E99 
 379      1F
 380 0e37 0C07CDD0 		.ascii	"\014\007\315\320\271\002:\227\242\371\221\321Y\245\031"
 380      B9023A97 
 380      A2F991D1 
 380      59A519
 381 0e46 BAD30C9D 		.ascii	"\272\323\014\235'\240\363(\272\277/!\313\234w\252\031"
 381      27A0F328 
 381      BABF2F21 
 381      CB9C77AA 
 381      19
 382 0e57 EF7C019D 		.ascii	"\357|\001\235O\321\217\214\335\015Nf\350$3t\201\200"
 382      4FD18F8C 
 382      DD0D4E66 
 382      E8243374 
 382      8180
 383 0e69 2EA0E827 		.ascii	".\240\350'M\027\366#3t\226\031\372\220\200&we\340\226"
 383      4D17F623 
 383      33749619 
 383      FA908026 
 383      7765E096 
 384 0e7d 8070BCD6 		.ascii	"\200p\274\326\307G\365\351\306\337.\365\374\370c\205"
 384      C747F5E9 
 384      C6DF2EF5 
 384      FCF86385 
 385 0e8d DADF3F52 		.ascii	"\332\337?R\037jX\345\341o\330\022\370K\277\255\341a"
 385      1F6A58E5 
 385      E16FD812 
 385      F84BBFAD 
 385      E161
 386 0e9f 5F850784 		.ascii	"_\205\007\204,\375R\037\254\213X\352\266\355\027\253"
 386      2CFD521F 
 386      AC8B58EA 
 386      B6ED17AB 
 387 0eaf FFDAEFAB 		.ascii	"\377\332\357\253\320\310\245\206\260\260\340\210\245"
 387      D0C8A586 
 387      B0B0E088 
 387      A5
 388 0ebc 01E1214B 		.ascii	"\001\341!Ku!\233uAA\272 \277\217\226\177\270\324c\245"
 388      75219B75 
 388      4141BA20 
 388      BF8F967F 
 388      B8D463A5 
 389 0ed0 FBEA7F5B 		.ascii	"\373\352\177[\345\007\355\037\204\206\205\352>\320\005"
 389      E507ED1F 
 389      848685EA 
 389      3ED005
 390 0edf 6CD6FBE9 		.ascii	"l\326\373\351C\003\203#\203t~!\001\201[\364\241:?\377"
 390      43038323 
 390      83747E21 
 390      01815BF4 
 390      A13A3FFF 
 391 0ef3 20DD9701 		.ascii	" \335\227\001\221\301\006\177\303\366\255\272\210\345"
 391      91C1067F 
 391      C3F6ADBA 
 391      88E5
 392 0f01 5B142AD1 		.ascii	"[\024*\321\343\037~`\217\021\333#\374\374#\014A\320"
 392      E31F7E60 
 392      8F11DB23 
 392      FCFC230C 
 392      41D0
 393 0f13 3DB851AE 		.ascii	"=\270Q\256\365\365\361\301\233\274|\2607\210\247\317"
 393      F5F5F1C1 
 393      9BBC7CB0 
 393      3788A7CF 
 394 0f23 7A900DCA 		.ascii	"z\220\015\312\015\236\377\350\343\353\365K?\357?\006"
 394      0D9EFFE8 
 394      E3EBF54B 
 394      3FEF3F06 
 395 0f33 84FA69C3 		.ascii	"\204\372i\303\303\376E\027h\210\360\363\331\340\371"
 395      C3FE4517 
 395      6888F0F3 
 395      D9E0F9
 396 0f42 4188CEA0 		.ascii	"A\210\316\240\013\367\013\017\016\244\017\376\253=V"
 396      0BF70B0F 
 396      0EA40FFE 
 396      AB3D56
 397 0f51 6E76F7F0 		.ascii	"nv\367\360\217\010\017\364\3635\004iu\341\372\255[\240"
 397      8F080FF4 
 397      F3350469 
 397      75E1FAAD 
 397      5BA0
 398 0f63 F390551E 		.ascii	"\363\220U\036\353\334\267m#>WP\355K\367\225\333\300"
 398      EBDCB76D 
 398      233E5750 
 398      ED4BF795 
 398      DBC0
 399 0f75 9BE653AD 		.ascii	"\233\346S\255\367&\377\317 D/\335\227\013\250\342\273"
 399      F726FFCF 
 399      20442FDD 
 399      970BA8E2 
 399      BB
 400 0f86 55A70BF2 		.ascii	"U\247\013\362\377h\345o\326\177\355,k\360\000]\016p"
 400      FF68E56F 
 400      D67FED2C 
 400      6BF0005D 
 400      0E70
 401 0f98 2780DFFF 		.ascii	"'\200\337\377\320\224\374\277"
 401      D094FCBF 
 402 0fa0 DAAA0F03 		.ascii	"\332\252\017\003^?\"\236\230#\201\034\343\362\233\260"
 402      5E3F229E 
 402      9823811C 
 402      E3F29BB0 
 403 0fb0 209DFF9A 		.ascii	" \235\377\232u\376Z\255\271\276\311k\201\244o\2124\000"
 403      75FE5AAD 
 403      B9BEC96B 
 403      81A46F8A 
 403      3400
 404 0fc2 605EC326 		.ascii	"`^\303&/G\251\301[\373[3\315\353\3072m\243\377\272\015"
 404      2F47A9C1 
 404      5BFB5B33 
 404      CDEBC732 
 404      6DA3FFBA 
 405 0fd7 9BD67CE6 		.ascii	"\233\326|\346\275\361S\031f\215\367F\332!U\004JB\025"
 405      BDF15319 
 405      668DF746 
 405      DA215504 
 405      4A4215
 406 0fea BAAFF637 		.ascii	"\272\257\3667\250\304\007\033o\017_\255\217\275\317"
 406      A8C4071B 
 406      6F0F5FAD 
 406      8FBDCF
 407 0ff9 27BE9FF8 		.ascii	"'\276\237\370|\376\211"
 407      7CFE89
 408 1000 D7DFD981 		.ascii	"\327\337\331\201\356\271\356S\251e\265\355g\277\367"
 408      EEB9EE53 
 408      A965B5ED 
 408      67BFF7
 409 100f F4F1941A 		.ascii	"\364\361\224\032>\262\3651o\370\320\006TY\037\2538/"
 409      3EB2F531 
 409      6FF8D006 
 409      54591FAB 
 409      382F
 410 1021 49F1E07C 		.ascii	"I\361\340|%\305\035j\303\303\244\255\004\315\335\244"
 410      25C51D6A 
 410      C3C3A4AD 
 410      04CDDDA4 
 411 1031 FDC2C157 		.ascii	"\375\302\301W\353-2\265\375d\343\232\265\033>\261\363"
 411      EB2D32B5 
 411      FD64E39A 
 411      B51B3EB1 
 411      F3
 412 1042 F2F62577 		.ascii	"\362\366%w\347u\221\241\201\006}Xh@\260\257!\300\240"
 412      E77591A1 
 412      81067D58 
 412      6840B0AF 
 412      21C0A0
 413 1055 B38FD019 		.ascii	"\263\217\320\031\"\267\372\203\301_,_\276\202\330\005"
 413      22B7FA83 
 413      C15F2C5F 
 413      BE82D805 
 414 1065 86858444 		.ascii	"\206\205\204D\206\352\003\003\010jy\240\302~\263\356"
 414      86EA0303 
 414      086A79A0 
 414      C27EB3EE 
 415 1075 2B7D2841 		.ascii	"+}(A\250H\026\274C\365\006\273\310\200p\230\035\333"
 415      A84816BC 
 415      43F506BB 
 415      C8807098 
 415      1DDB
 416 1087 D460421E 		.ascii	"\324`B\036a\324\354i\276\310\217j\251R\250\201\277V"
 416      61D4EC69 
 416      BEC88F6A 
 416      A952A881 
 416      BF56
 417 1099 1F6A6FCA 		.ascii	"\037jo\312\346\002\023\316lp}\015\341\221\201\006\322"
 417      E60213CE 
 417      6C707D0D 
 417      E1918106 
 417      D2
 418 10aa AC221CC8 		.ascii	"\254\"\034\310\203\206<\254\323\207G\030\326\352\015"
 418      83863CAC 
 418      D3874718 
 418      D6EA0D
 419 10b9 3F26CADA 		.ascii	"?&\312\332\200\310 \037\340\254\015\327E\004\006\004"
 419      80C8201F 
 419      E0AC0DD7 
 419      45040604 
 420 10c9 EBC2ED48 		.ascii	"\353\302\355H\353F__j\343\251]\277Fx\330\264\201\032"
 420      EB465F5F 
 420      6AE3A95D 
 420      BF4678D8 
 420      B4811A
 421 10dc 7B051802 		.ascii	"{\005\030\002|\365_\353h+q\356H[\365\341:\232\201\037"
 421      7CF55FEB 
 421      682B71EE 
 421      485BF5E1 
 421      3A9A811F 
 422 10f0 5130E43B 		.ascii	"Q0\344;,x{hX\210> \370w?xMGl\325Cr\234\305\230\204\230"
 422      2C787B68 
 422      58883E20 
 422      F8773F78 
 422      4D476CD5 
 423 110b 9D882E85 		.ascii	"\235\210.\205\274\200\376\354\341\353\357\253\013\015"
 423      BC80FEEC 
 423      E1EBEFAB 
 423      0B0D
 424 1119 22A4695C 		.ascii	"\"\244i\\\236!A\357\371xz\372\257\321\256\365`^<\203"
 424      9E2141EF 
 424      F9787AFA 
 424      AFD1AEF5 
 424      605E3C83 
 425 112d C302FF15 		.ascii	"\303\002\377\025\232\177x\232\341\201\201@\363\277\001"
 425      9A7F789A 
 425      E1818140 
 425      F3BF01
 426 113c 46DAC335 		.ascii	"F\332\3035"
 427              		.text
 428              		.section	.gnu.lto_.symtab.8632aff9,"",%progbits
 429 0000 73657475 		.ascii	"setup_SPI\000"
 429      705F5350 
 429      4900
 430 000a 00       		.ascii	"\000"
 431 000b 00       		.ascii	"\000"
 432 000c 00       		.ascii	"\000"
 433 000d 00000000 		.ascii	"\000\000\000\000\000\000\000\000"
 433      00000000 
 434 0015 46010000 		.ascii	"F\001\000\000"
 435 0019 62656769 		.ascii	"begin_SPI\000"
 435      6E5F5350 
 435      4900
 436 0023 00       		.ascii	"\000"
 437 0024 00       		.ascii	"\000"
 438 0025 00       		.ascii	"\000"
 439 0026 00000000 		.ascii	"\000\000\000\000\000\000\000\000"
 439      00000000 
 440 002e 4A010000 		.ascii	"J\001\000\000"
 441 0032 4750494F 		.ascii	"GPIOInit\000"
 441      496E6974 
 441      00
 442 003b 00       		.ascii	"\000"
 443 003c 00       		.ascii	"\000"
 444 003d 00       		.ascii	"\000"
 445 003e 00000000 		.ascii	"\000\000\000\000\000\000\000\000"
 445      00000000 
 446 0046 4C010000 		.ascii	"L\001\000\000"
 447 004a 75617274 		.ascii	"uart_tx\000"
 447      5F747800 
 448 0052 00       		.ascii	"\000"
 449 0053 02       		.ascii	"\002"
 450 0054 00       		.ascii	"\000"
 451 0055 00000000 		.ascii	"\000\000\000\000\000\000\000\000"
 451      00000000 
 452 005d 53010000 		.ascii	"S\001\000\000"
 453 0061 4750494F 		.ascii	"GPIO_Init\000"
 453      5F496E69 
 453      7400
 454 006b 00       		.ascii	"\000"
 455 006c 02       		.ascii	"\002"
 456 006d 00       		.ascii	"\000"
 457 006e 00000000 		.ascii	"\000\000\000\000\000\000\000\000"
 457      00000000 
 458 0076 65010000 		.ascii	"e\001\000\000"
 459 007a 4750494F 		.ascii	"GPIO_StructInit\000"
 459      5F537472 
 459      75637449 
 459      6E697400 
 460 008a 00       		.ascii	"\000"
 461 008b 02       		.ascii	"\002"
 462 008c 00       		.ascii	"\000"
 463 008d 00000000 		.ascii	"\000\000\000\000\000\000\000\000"
 463      00000000 
 464 0095 69010000 		.ascii	"i\001\000\000"
 465 0099 5350495F 		.ascii	"SPI_Init\000"
 465      496E6974 
 465      00
 466 00a2 00       		.ascii	"\000"
 467 00a3 02       		.ascii	"\002"
 468 00a4 00       		.ascii	"\000"
 469 00a5 00000000 		.ascii	"\000\000\000\000\000\000\000\000"
 469      00000000 
 470 00ad 88010000 		.ascii	"\210\001\000\000"
 471 00b1 5350495F 		.ascii	"SPI_StructInit\000"
 471      53747275 
 471      6374496E 
 471      697400
 472 00c0 00       		.ascii	"\000"
 473 00c1 02       		.ascii	"\002"
 474 00c2 00       		.ascii	"\000"
 475 00c3 00000000 		.ascii	"\000\000\000\000\000\000\000\000"
 475      00000000 
 476 00cb 8C010000 		.ascii	"\214\001\000\000"
 477 00cf 5350495F 		.ascii	"SPI_I2S_SendData\000"
 477      4932535F 
 477      53656E64 
 477      44617461 
 477      00
 478 00e0 00       		.ascii	"\000"
 479 00e1 02       		.ascii	"\002"
 480 00e2 00       		.ascii	"\000"
 481 00e3 00000000 		.ascii	"\000\000\000\000\000\000\000\000"
 481      00000000 
 482 00eb 91010000 		.ascii	"\221\001\000\000"
 483 00ef 5350495F 		.ascii	"SPI_Cmd\000"
 483      436D6400 
 484 00f7 00       		.ascii	"\000"
 485 00f8 02       		.ascii	"\002"
 486 00f9 00       		.ascii	"\000"
 487 00fa 00000000 		.ascii	"\000\000\000\000\000\000\000\000"
 487      00000000 
 488 0102 96010000 		.ascii	"\226\001\000\000"
 489 0106 5243435F 		.ascii	"RCC_APB2PeriphClockCmd\000"
 489      41504232 
 489      50657269 
 489      7068436C 
 489      6F636B43 
 490 011d 00       		.ascii	"\000"
 491 011e 02       		.ascii	"\002"
 492 011f 00       		.ascii	"\000"
 493 0120 00000000 		.ascii	"\000\000\000\000\000\000\000\000"
 493      00000000 
 494 0128 9B010000 		.ascii	"\233\001\000\000"
 495              		.text
 496              		.section	.gnu.lto_.opts,"",%progbits
 497 0000 272D666E 		.ascii	"'-fno-math-errno' '-fno-signed-zeros' '-fno-trappin"
 497      6F2D6D61 
 497      74682D65 
 497      72726E6F 
 497      2720272D 
 498 0033 672D6D61 		.ascii	"g-math' '-fno-trapv' '-fno-openmp' '-fno-openacc' '"
 498      74682720 
 498      272D666E 
 498      6F2D7472 
 498      61707627 
 499 0066 2D6D6370 		.ascii	"-mcpu=cortex-m3' '-march=armv7-m' '-mthumb' '-mlitt"
 499      753D636F 
 499      72746578 
 499      2D6D3327 
 499      20272D6D 
 500 0099 6C652D65 		.ascii	"le-endian' '-munaligned-access' '-Os' '-fmessage-le"
 500      6E646961 
 500      6E272027 
 500      2D6D756E 
 500      616C6967 
 501 00cc 6E677468 		.ascii	"ngth=0' '-fsigned-char' '-ffunction-sections' '-fda"
 501      3D302720 
 501      272D6673 
 501      69676E65 
 501      642D6368 
 502 00ff 74612D73 		.ascii	"ta-sections' '-fsingle-precision-constant' '-flto' "
 502      65637469 
 502      6F6E7327 
 502      20272D66 
 502      73696E67 
 503 0132 272D6666 		.ascii	"'-ffast-math'\000"
 503      6173742D 
 503      6D617468 
 503      2700
 504              		.text
 505              		.comm	__gnu_lto_v1,1,1
 506              		.comm	__gnu_lto_slim,1,1
 507              		.ident	"GCC: (GNU Tools for ARM Embedded Processors) 5.4.1 20160919 (release) [ARM/embedded-5-bran
DEFINED SYMBOLS
                            *ABS*:00000000 SPI_communication.c
                            *COM*:00000001 __gnu_lto_v1
                            *COM*:00000001 __gnu_lto_slim

NO UNDEFINED SYMBOLS
