   1              		.syntax unified
   2              		.cpu cortex-m3
   3              		.fpu softvfp
   4              		.eabi_attribute 23, 1
   5              		.eabi_attribute 24, 1
   6              		.eabi_attribute 25, 1
   7              		.eabi_attribute 26, 1
   8              		.eabi_attribute 30, 4
   9              		.eabi_attribute 34, 1
  10              		.eabi_attribute 18, 4
  11              		.thumb
  12              		.syntax unified
  13              		.file	"system_stm32f10x.c"
  14              		.section	.gnu.lto_.profile.67ab992d,"",%progbits
  15 0000 789C6361 		.ascii	"x\234ca`d`a`\000\222Z\032\000\000\346\000]"
  15      60646061 
  15      6000925A 
  15      1A0000E6 
  15      005D
  16              		.text
  17              		.section	.gnu.lto_.icf.67ab992d,"",%progbits
  18 0000 789C6361 		.ascii	"x\234ca`d\000\001>\006\004`bX?\363A\013\023\343\347"
  18      60640001 
  18      3E060460 
  18      62583FF3 
  18      410B13E3 
  19 0015 799F36B2 		.ascii	"y\2376\2622\000\000-A\005\376"
  19      3200002D 
  19      4105FE
  20              		.text
  21              		.section	.gnu.lto_.jmpfuncs.67ab992d,"",%progbits
  22 0000 789C6361 		.ascii	"x\234ca`d\000\001\016\006\004`\002b\220(\000\001Z\000"
  22      60640001 
  22      0E060460 
  22      02629028 
  22      00015A00 
  23 0014 11       		.ascii	"\021"
  24              		.text
  25              		.section	.gnu.lto_.inline.67ab992d,"",%progbits
  26 0000 789C6361 		.ascii	"x\234ca`d\000\001M\006\004`b``fb\004Q\014l\013\344A"
  26      60640001 
  26      4D060460 
  26      62606066 
  26      6204510C 
  27 0018 145091E6 		.ascii	"\024P\221\346BF\240\220\317\211\235\302pA\006\000O3"
  27      4246A090 
  27      CF899DC2 
  27      70410600 
  27      4F33
  28 002a 0476     		.ascii	"\004v"
  29              		.text
  30              		.section	.gnu.lto_.pureconst.67ab992d,"",%progbits
  31 0000 789C6361 		.ascii	"x\234ca`d`e```b\220`\224\002\000\000\347\000@"
  31      60646065 
  31      60606062 
  31      90609402 
  31      0000E700 
  32              		.text
  33              		.section	.gnu.lto__init.67ab992d,"",%progbits
  34 0000 789C6361 		.ascii	"x\234ca`d\000\201* \226\000bi fdf`d\232p\216\201\241"
  34      60640081 
  34      2A209600 
  34      62692066 
  34      64666064 
  35 0019 91838991 		.ascii	"\221\203\211\221\021\304h\340`d\250gb\254g\374\312\364"
  35      11C468E0 
  35      6064A867 
  35      62AC67FC 
  35      CAF4
  36 002b 9789F150 		.ascii	"\227\211\361P\373\263\235L\232\313\033\200\340\301\323"
  36      FBB39D4C 
  36      9ACB1B80 
  36      E0C1D3
  37 003a AF8C0D2B 		.ascii	"\257\214\015+\0160\266230\374g\002\233\304\300\270\234"
  37      0E30B632 
  37      3330FC67 
  37      029BC4C0 
  37      B89C
  38 004c 519301A8 		.ascii	"Q\223\001\250\354\321\306\177Sy\331Z@\312\024 \222\214"
  38      ECD1C67F 
  38      5379D95A 
  38      40CA1420 
  38      928C
  39 005e 2B18D940 		.ascii	"+\030\331@\326\255\017:\320\360\377\177sC\303VEF\240"
  39      D6AD0F3A 
  39      D0F0FF7F 
  39      7343C356 
  39      4546A0
  40 0071 F8072006 		.ascii	"\370\007 \006\331\362\221\211\011D3\277bd\002\251\004"
  40      D9F29189 
  40      094433BF 
  40      626402A9 
  40      04
  41 0082 1BF68189 		.ascii	"\033\366\201\211\021$\006T!\246\247\247_\\Y\\\222\232"
  41      11240654 
  41      21A6A7A7 
  41      5F5C595C 
  41      929A
  42 0094 1B5F5C92 		.ascii	"\033_\\\222kl\224fhP\241\227\314\000\000\377\2303,"
  42      6B6C9466 
  42      6850A197 
  42      CC0000FF 
  42      98332C
  43              		.text
  44              		.section	.gnu.lto_SystemInit.67ab992d,"",%progbits
  45 0000 789C9D55 		.ascii	"x\234\235U[o\023G\024\2363{\361\256/8D\"\312\315Q\340"
  45      5B6F1347 
  45      149E337B 
  45      F1AE2F38 
  45      4422CACD 
  46 0016 010921C5 		.ascii	"\001\011!\305@\305\017\010?\241\177\240R\253\366\215"
  46      40C50F08 
  46      3FA17FA0 
  46      52ABF68D 
  47 0026 A720449F 		.ascii	"\247 D\237\230\324v@\225\213x ABI\\*q\011\227\006SZ"
  47      98D47640 
  47      958B7820 
  47      4142495C 
  47      2A710997 
  48 003d 48206002 		.ascii	"H `\002!\224\024\302\275\015\341\222 \232\"@\020\243"
  48      219414C2 
  48      BD0DE192 
  48      209A2240 
  48      10A3
  49 004f 40681B58 		.ascii	"@h\033X\346\314\031{\353\207J\261W\3627\366\316\311"
  49      E6CC197B 
  49      EB874AB1 
  49      57F237F6 
  49      CEC9
  50 0061 77BEF9CE 		.ascii	"w\276\371\316\267\033\223\001\303k\205\313X\255\\\273"
  50      B71B9301 
  50      C36B85CB 
  50      58AD5CBB 
  51 0071 E507C20C 		.ascii	"\345\007\302\014\370\316k\214\265;\034\014\372b\360"
  51      F8CE6B8C 
  51      B53B1C0C 
  51      FA62F0
  52 0080 507A9431 		.ascii	"Pz\2241\0214\223\001&\302!\272\337j\202E\373\026\017"
  52      11349301 
  52      26C221BA 
  52      DF6A8245 
  52      FB160F
  53 0093 D2BEADF6 		.ascii	"\322\276\255\366\203t\277\325\206\000\355\007\270K\373"
  53      8374BFD5 
  53      8600ED07 
  53      B84BFB
  54 00a2 8EDA77E9 		.ascii	"\216\332w\351~\253\003\200\253p\200m\345F\310\264\202"
  54      7EAB0380 
  54      AB70806D 
  54      E546C8B4 
  54      82
  55 00b3 76C07560 		.ascii	"v\300u`\253i0\272,\275\006\364\372\206\277\3470\274"
  55      AB6930BA 
  55      2CBD06F4 
  55      FA86BFE7 
  55      30BC
  56 00c5 6D6680AF 		.ascii	"mf\200\257: \3445\265o\233!\016\346 %\377\300\343T\003"
  56      3A20E435 
  56      B56F9B21 
  56      0EE62025 
  56      FFC0E354 
  57 00da 07601593 		.ascii	"\007`\025\223e\217\263\037:#v\022\313\232i\023\016\202"
  57      658FB31F 
  57      3A237612 
  57      CB9A6913 
  57      0E82
  58 00ec 8DE7EDFF 		.ascii	"\215\347\355\3774'</!rCf\037_\301Y\312\000\003\301B"
  58      34273C2F 
  58      21724366 
  58      1F5FC159 
  58      CA0003C1 
  59 0101 B0111C04 		.ascii	"\260\021\034\004\027!\214\020A\210\"T!,E\250FX\206P"
  59      17218C10 
  59      41882254 
  59      212C45A8 
  59      46588650 
  60 0115 83508B50 		.ascii	"\203P\213P\207P\217\320\200\320\210\020ChBhFX\216\300"
  60      87508FD0 
  60      80D08810 
  60      43684268 
  60      46588EC0 
  61 0129 D8ACD423 		.ascii	"\330\254\324#\255\310s.\027c\006\206\007\363\273\352"
  61      ADC8732E 
  61      17630686 
  61      07F3BBEA 
  62 0139 515FC2C0 		.ascii	"Q_\302\300#v\245\206\307\003s<ep\300\243L\366_}\356"
  62      2376A586 
  62      C703733C 
  62      6570C0A3 
  62      4CF65F7D 
  63 014e D04FF1FD 		.ascii	"\320O\361\375va\342\351.\177\033\311@\217<\271\001\207"
  63      7661E2E9 
  63      2E7F1BC9 
  63      408F3CB9 
  63      0187
  64 0160 A011FA64 		.ascii	"\240\021\372d7,=\277\343\351\376H\374\250H\266\213\252"
  64      372C3DBF 
  64      E3E9FE48 
  64      FCA848B6 
  64      8BAA
  65 0172 9461C261 		.ascii	"\224a\302a\310\300\007\345\014\034\2018\233\201\304"
  65      C8C007E5 
  65      0C1C8138 
  65      9B81C4
  66 0181 3B9BFA18 		.ascii	";\233\372\030\324\352\304\305\321\016\305\015\362:*"
  66      D4EAC4C5 
  66      D10EC50D 
  66      F23A2A
  67 0190 59A4982E 		.ascii	"Y\244\230.\300\2222\272\374\350w\351\207\270\344f\352"
  67      C09232BA 
  67      FCE877E9 
  67      87B8E466 
  67      EA
  68 01a1 489D8DD4 		.ascii	"H\235\215\324\312*\203\352\230\242\3021A\226\004/h\301"
  68      CA2A83EA 
  68      98A2C231 
  68      4196042F 
  68      68C1
  69 01b3 9A28979A 		.ascii	"\232(\227\232\032\001\022\234\026\342R\024\216W(\372"
  69      1A01129C 
  69      16E25214 
  69      8E5728FA 
  70 01c3 27BFD309 		.ascii	"'\277\323\011\024m+\321\331.=\007\247\014\252\237\375"
  70      146D2BD1 
  70      D92E3D07 
  70      A70CAA9F 
  70      FD
  71 01d4 F3FF522A 		.ascii	"\363\377R*\332%\242;C\337=\010\222h\317\033\233\217"
  71      DA25A23B 
  71      43DF3D08 
  71      9268CF1B 
  71      9B8F
  72 01e6 C2C90A45 		.ascii	"\302\311\012E\237\362;\015\240h\027Y\346\216\355n(\345"
  72      9FF23B0D 
  72      A0681759 
  72      E68EED6E 
  72      28E5
  73 01f8 69C7D887 		.ascii	"i\307\330\207\376\227\014\220jPQ\251\007\3434\304Q\344"
  73      FE970C90 
  73      6A5051A9 
  73      07E334C4 
  73      51E4
  74 020a C8F10DA8 		.ascii	"\310\361\015\250\321\004!\026L8C\022\007\363\273\265"
  74      D1042116 
  74      4C384312 
  74      07F3BBB5 
  75 021a 23E13274 		.ascii	"#\3412t\016\371:\317\226\346.BD\177\275<\222\016\220"
  75      0EF93ACF 
  75      96E62E42 
  75      447FBD3C 
  75      920E90
  76 022d 23429870 		.ascii	"#B\230p\256B?r~\237\363\350GD~\313s\203\311\367\212"
  76      AE423F72 
  76      7E9FF3E8 
  76      47447ECB 
  76      7383C9F7 
  77 0242 7AACF6AE 		.ascii	"z\254\366\256\247\256\321\305p*[\206}\306\013z\226\035"
  77      A7AED1C5 
  77      702A5B86 
  77      7DC60B7A 
  77      961D
  78 0254 85695611 		.ascii	"\205iV\021\321\205\336\336$/hw\340\242\344\231\206\344"
  78      D185DEDE 
  78      242F6877 
  78      E0A2E499 
  78      86E4
  79 0266 BDC46BAE 		.ascii	"\275\304k\256\313dM\377\213\201\277#T\303`\004;1|\354"
  79      CB644DFF 
  79      8B81BF23 
  79      54C36004 
  79      3B317CEC 
  80 027a 434CBE08 		.ascii	"CL\276\010!\317\315\342s\337\255\037\222\245e\234\372"
  80      21CFCDE2 
  80      73DFAD1F 
  80      92A5659C 
  80      FA
  81 028b 921FDDD1 		.ascii	"\222\037\335\321Rw\253\211hv\242\343\\\260\240\360\011"
  81      5277AB89 
  81      6876A2E3 
  81      5CB0A0F0 
  81      09
  82 029c 83CB15DA 		.ascii	"\203\313\025\332\373\253\337\350\012\332[Mq\353\211"
  82      FBABDFE8 
  82      0ADA5B4D 
  82      71EB89
  83 02ab 951FB731 		.ascii	"\225\037\2671E\205ov\370M\305\355L&\335\027\244\274"
  83      45856F76 
  83      F84DC5ED 
  83      4C26DD17 
  83      A4BC
  84 02bd 71B8AAC3 		.ascii	"q\270\252\303\226\355\325a[V\206\312k\376\310\306K\355"
  84      96EDD561 
  84      5B5686CA 
  84      6BFEC8C6 
  84      4BED
  85 02cf A821A21B 		.ascii	"\250!\242\033\177\3763\356\026\354\220\023\273^\241"
  85      7FFE33EE 
  85      16EC9013 
  85      BB5EA1
  86 02de 1D37FC46 		.ascii	"\0357\374F7\321\216\032\2256\253\230\266\351\225\324"
  86      37D18E1A 
  86      9536AB98 
  86      B6E995D4 
  87 02ee B676D169 		.ascii	"\266v\321i\273\3453\336.\244\355\266E,uD4\346\245_Y"
  87      BBE533DE 
  87      2EA4EDB6 
  87      452C7544 
  87      34E6A55F 
  88 0303 45F15570 		.ascii	"E\361Up\247\020\267\037t\334\352\376\223\257\240\316"
  88      A710B71F 
  88      74DCEAFE 
  88      93AFA0CE 
  89 0313 975DC857 		.ascii	"\227]\310W6\263\232\252\352\027\255\351\256?\364\337"
  89      36B39AAA 
  89      EA17ADE9 
  89      AE3FF4DF 
  90 0323 8B9A0C62 		.ascii	"\213\232\014bi \242\263oS\233I\322\202\347yQ\370C\031"
  90      6920A2B3 
  90      6F539B49 
  90      D282E779 
  90      51F84319 
  91 0337 9A78D771 		.ascii	"\232x\327q_ko\224\245\262n\304\233\317E\251\220\303"
  91      5F6B6F94 
  91      A5B26EC4 
  91      9BCF45A9 
  91      90C3
  92 0349 849EF1DE 		.ascii	"\204\236\361\336%T\023+\303\371{\276\246\311\322\021"
  92      2554132B 
  92      C3F97BBE 
  92      A6C9D211 
  93 0359 37A966B1 		.ascii	"7\251f\261\212\346y\337g}\200\363lR\363\014\024\347"
  93      8AE679DF 
  93      677D80F3 
  93      6C52F30C 
  93      14E7
  94 036b 99CFC4A8 		.ascii	"\231\317\304\250I\363\242\315{\350S>*\230\367D\017j"
  94      49F3A2CD 
  94      7BE8533E 
  94      2A98F744 
  94      0F6A
  95 037d 3911FDFB 		.ascii	"9\021\375\373t\327\204\376\017\026\206)\232\346d\342"
  95      74D784FE 
  95      0F168629 
  95      9AE664E2 
  96 038d 735D230B 		.ascii	"s]#\013\366\234\236\273\242'\356\300tq\266\256\236\255"
  96      F69C9EBB 
  96      A227EEC0 
  96      7471B6AE 
  96      9EAD
  97 039f 83B37D06 		.ascii	"\203\263}\006\337\344:\225\331z\027\344]\031\244\232"
  97      DFE43A95 
  97      D97A17E4 
  97      5D19A49A 
  98 03af 969678DB 		.ascii	"\226\226x\333\327m\233\276\334\370Y\333\246\215\237"
  98      D76D9BBE 
  98      DCF859DB 
  98      A68D9F
  99 03be ACFB6AED 		.ascii	"\254\373j\355\232--_\260\217\002\276\346\234"
  99      9A2D2D5F 
  99      B08F02BE 
  99      E69C
 100              		.text
 101              		.section	.gnu.lto_.symbol_nodes.67ab992d,"",%progbits
 102 0000 789C6361 		.ascii	"x\234ca`dPe\000\002&\373z\006\206\011\347\030\030\200"
 102      60645065 
 102      000226FB 
 102      7A068609 
 102      E7181880 
 103 0014 D4AE0645 		.ascii	"\324\256\006E\240\300\001\206zF\024\021\006\000\251"
 103      A0C00186 
 103      7A461411 
 103      0600A9
 104 0023 EF089D   		.ascii	"\357\010\235"
 105              		.text
 106              		.section	.gnu.lto_.refs.67ab992d,"",%progbits
 107 0000 789C6361 		.ascii	"x\234ca`\004B \000\000\0009\000\007"
 107      60044220 
 107      00000039 
 107      0007
 108              		.text
 109              		.section	.gnu.lto_.decls.67ab992d,"",%progbits
 110 0000 789CAD55 		.ascii	"x\234\255UoLSW\024\177\247\267\225R\240\032X\214K\334"
 110      6F4C5357 
 110      147FA7B7 
 110      9552A01A 
 110      588C4BDC 
 111 0014 D21812D9 		.ascii	"\322\030\022\331\007\012\024G\324O\223\202\216d3\244"
 111      070A1447 
 111      D44F9382 
 111      8E6433A4 
 112 0024 383FBDA5 		.ascii	"8?\275\245)\355C\272\321\302\332\262\341\2677!\216\261"
 112      29ED43BA 
 112      D1C2DAB2 
 112      E1B73721 
 112      8EB1
 113 0036 99096E3A 		.ascii	"\231\011n:\024\215:\207CQPTD\324U\231\214\211NDt8\350"
 113      148D3A87 
 113      43515054 
 113      44D45599 
 113      8C894E44 
 114 004d 56A6C6B9 		.ascii	"V\246\306\271\315E\246\316\231\315\260s\357myo\265&"
 114      CD45A6CE 
 114      99CDB073 
 114      EF6D796F 
 114      B526
 115 005f 4BB69BFC 		.ascii	"K\266\233\374\336=\347\336\337=\177oo\265\002\010t\014"
 115      DE3DE7DE 
 115      DF3D7F6F 
 115      6FB50208 
 115      740C
 116 0071 26084210 		.ascii	"&\010B\020\305\026\224\247p\020\234W\012\312\320 :\020"
 116      C51694A7 
 116      70109C57 
 116      0ACAD020 
 116      3A10
 117 0083 0784C707 		.ascii	"\007\204\307\007]\007\025\037\"k\261\203\236\325Ex\363"
 117      5D07151F 
 117      226BB183 
 117      9ED54578 
 117      F3
 118 0094 11138830 		.ascii	"\021\023\2100\"\210\320\"B\210\021\304\030b<b'\236\277"
 118      2288D022 
 118      428811C4 
 118      18623C62 
 118      279EBF
 119 00a7 471AB877 		.ascii	"G\032\270wy\357H\302\030\\\005\015\360\004p\3423\300"
 119      79EF48C2 
 119      185C050D 
 119      F00470E2 
 119      33C0
 120 00b9 34E88789 		.ascii	"4\350\207\211\002h(\013\004e\011TDf\"**)\260\023\020"
 120      0268280B 
 120      04650954 
 120      4466222A 
 120      2A29B013 
 121 00ce 99A7A203 		.ascii	"\231\247\242\003 \352\014\246G\364\000(\207\371\266"
 121      20EA0CA6 
 121      47F40028 
 121      87F9B6
 122 00dd 46B11A51 		.ascii	"F\261\032Q\243\007\024{\221PU1\361\200\004u,,\351\206"
 122      A307147B 
 122      91505531 
 122      F1800475 
 122      2C2CE986 
 123 00f1 DB1DB766 		.ascii	"\333\035\267f\020\314\030\345\363\343\267\333uD\317"
 123      10CC18E5 
 123      F3E3B7DB 
 123      7544CF
 124 0100 E4CE96BF 		.ascii	"\344\316\226\277.\352\265\230b\033\020\316\034\272\371"
 124      2EEAB598 
 124      621B10CE 
 124      1CBAF9
 125 010f E80698DB 		.ascii	"\350\006\230\333e\034\353eY\363\214R\2703S\017\2023"
 125      651CEB65 
 125      59F38C52 
 125      B833530F 
 125      8233
 126 0121 EF6920D5 		.ascii	"\357i \325\000\032T\207\357\234\333\232\204\352S\006"
 126      001A5487 
 126      EF9CDB9A 
 126      84EA5306 
 127 0131 9885EACF 		.ascii	"\230\205\352\317'\233\247R\346l\244\347\344Z\331\244"
 127      279BA752 
 127      E66CA4E7 
 127      E45AD9A4 
 128 0141 8195B361 		.ascii	"\201\225\263a\037\314\205v\230\213q\354\2079\370-\325"
 128      1FCC8576 
 128      988B71EC 
 128      8739F82D 
 128      D5
 129 0152 724BC37F 		.ascii	"rK\303\177\234\333\246\235\267]\336\276]\016\207\306"
 129      9CDBA69D 
 129      B75DDEBE 
 129      5D0E87C6 
 130 0162 9F6D9683 		.ascii	"\237m\226\203k\336F_\224\005\237\001\201\275`F\366\036"
 130      6BDE465F 
 130      94059F01 
 130      81BD6046 
 130      F61E
 131 0174 D0528DA6 		.ascii	"\320R\215\246\261\033\3060\261\016\230\207\207\017\236"
 131      B11BC630 
 131      B10E9887 
 131      870F9E
 132 0183 FEB35E4B 		.ascii	"\376\263^K2Y\370kO^o6RC\235r\260w4Y\036B\347/03\235"
 132      3259F86B 
 132      4F5E6F36 
 132      52439D72 
 132      B0773459 
 133 019e 51330215 		.ascii	"Q3\002\025\025\033\007\230\215\213u\235-\204\247\242"
 133      151B0798 
 133      8D8B759D 
 133      2D84A7A2 
 134 01ae 4575F2FC 		.ascii	"Eu\362\374\346kF\236\212\011\325-wC\267\022\371n\006"
 134      E66B469E 
 134      8A09D52D 
 134      7743B712 
 134      F96E06
 135 01c1 AA13A19B 		.ascii	"\252\023\241\233\015F\262\2209\014\015\264\355\245\007"
 135      0D46B290 
 135      390C0DB4 
 135      EDA507
 136 01d0 E71B8076 		.ascii	"\347\033\200v`&.u\374\322\3630\205/\261\334>\370mW\002"
 136      60262E75 
 136      FCD2F330 
 136      852FB1DC 
 136      3EF86D57 
 137 01e5 C9A7B2A6 		.ascii	"\311\247\262\246\177]\327\301$\3100\264\322\242\204"
 137      7F5DD7C1 
 137      24C830B4 
 137      D2A284
 138 01f4 7BFB0B1A 		.ascii	"{\373\013\032\337\241i\036\003\003\034U\342\233o\300"
 138      DFA1691E 
 138      03031C55 
 138      E29B6FC0 
 139 0204 6FBD2CAF 		.ascii	"o\275,\257\221\327\327\312\251\003F\001\272\260n\007"
 139      91D7D7CA 
 139      A9034601 
 139      BAB06E07 
 140 0214 B16ED003 		.ascii	"\261n\320\003\031\324.%B7.\036\301E\364\321\266\253"
 140      19D42E25 
 140      42372E1E 
 140      C145F4D1 
 140      B6AB
 141 0226 71E70C72 		.ascii	"q\347\014r\004\230\223\346C{\036\030\246\235L\275\267"
 141      049893E6 
 141      437B1E18 
 141      A69D4CBD 
 141      B7
 142 0237 007B370B 		.ascii	"\000{7\013N\240\217^\305\007\272|\242\223\343\361\235"
 142      4EA08F5E 
 142      C507BA7C 
 142      A293E3F1 
 142      9D
 143 0248 448B92CA 		.ascii	"D\213\222\312\213\262\251\347\207;F\262\225_\241\241"
 143      8BB2A9E7 
 143      873B46B2 
 143      955FA1A1 
 144 0258 DDF543C4 		.ascii	"\335\365C\304PO;\375o\3155\366\335\277\233Dv\360\363"
 144      504F3BFD 
 144      6FCD35F6 
 144      DDBF9B44 
 144      76F0F3
 145 026b BFD6DD08 		.ascii	"\277\326\335\010'q\333s\350\215|\267\351#\015i\345{"
 145      2771DB73 
 145      E88D7CB7 
 145      E9230D69 
 145      E57B
 146 027d 93437D0D 		.ascii	"\223C}\015\211d?W\242\227,\225_\262\206SW\327&\222#"
 146      89643F57 
 146      A2972C95 
 146      5FB28653 
 146      57D72692 
 147 0292 7C6FC78F 		.ascii	"|o\307\217=\033f\222\023\\\331\334{\357\254\216\023"
 147      3D1B6692 
 147      135CD9DC 
 147      7BEFAC8E 
 147      13
 148 02a3 F5A81E1F 		.ascii	"\365\250\036\037;\234E\372\371V[\317\272\011\035\271"
 148      3B9C45FA 
 148      F9565BCF 
 148      BA091DB9 
 149 02b3 C0956BDD 		.ascii	"\300\225k\335u\277k\311\245H\032\307\3027\214d\224+"
 149      75BF6BC9 
 149      A5481AC7 
 149      C2378C64 
 149      942B
 150 02c5 BDDDC7FB 		.ascii	"\275\335\307\373#\026\262Q=tb\362\323D~'d\202\372\340"
 150      2316B251 
 150      3D7462F2 
 150      D3447E27 
 150      6482FAE0 
 151 02d9 951DFB75 		.ascii	"\225\035\373ud\214q\215#\373\272\327\032!=22\322\323"
 151      648C718D 
 151      23FBBAD7 
 151      1A213D32 
 151      32D2D3
 152 02ec F0BB53AE 		.ascii	"\360\273S\256\253\225\303\0336\275\3346|]\226\233\222"
 152      AB95C31B 
 152      36BDDC36 
 152      7C5D969B 
 152      92
 153 02fd 21882DF8 		.ascii	"!\210-\370\034[\360-\244)\3259\311~\016]\364+\354\244"
 153      1C5BF02D 
 153      A429D539 
 153      C97E0E5D 
 153      F42BECA4 
 154 0311 ED0876B7 		.ascii	"\355\010v\267:\032k\345\201l\326\262\303\261\374C\214"
 154      3A1A6BE5 
 154      816CD6B2 
 154      C3B1FC43 
 154      8C
 155 0322 9FC3E9E8 		.ascii	"\237\303\351\350 \270\245\265\250\211\321\251\371/c"
 155      20B8A5B5 
 155      A889D1A9 
 155      F92F63
 156 0331 E96762E9 		.ascii	"\351gb\351\235\255\200?\257:\302\350}\261\364\323\377"
 156      9DAD803F 
 156      AF3AC2E8 
 156      7DB1F4D3 
 156      FF
 157 0342 8886F23F 		.ascii	"\210\206\362?T\363\007c\371Y\261\364\0265\275?~4j\376"
 157      54F30763 
 157      F959B1F4 
 157      1635BD3F 
 157      7E346AFE 
 158 0356 C76AFE57 		.ascii	"\307j\376W\261\374\201\307\370\333\324\374/\342\207"
 158      B1FC81C7 
 158      F8DBD4FC 
 158      2FE287
 159 0365 CFB265B7 		.ascii	"\317\262e\267?8\365I\021>$@YB\344\352\013\323\266\272"
 159      3F38F549 
 159      113E2440 
 159      5942E4EA 
 159      0BD3B6BA 
 160 0379 D4953B15 		.ascii	"\324\225;\025\2771\314Vc\344\361\223! \300\327H8\317"
 160      BF31CC56 
 160      63E4F193 
 160      2120C0D7 
 160      4838CF
 161 038c F6281D6D 		.ascii	"\366(\035m\302(^\360\020\244\303\010b\014q\0051\214"
 161      C2285EF0 
 161      10A4C308 
 161      620C7105 
 161      318C
 162 039e B88CF806 		.ascii	"\270\214\370\006q\011q\0251\204\270\210\030\207tU\024"
 162      71097115 
 162      3184B888 
 162      18877455 
 162      14
 163 03af 1BD5199D 		.ascii	"\033\325\031\235\215_\001U\377\216\252\351\027\342\337"
 163      8D5F0155 
 163      FF8EAAE9 
 163      17E2DF
 164 03be 0E75C19A 		.ascii	"\016u\301\232\324\374sq\373\307\254\343\215\276\337"
 164      D4FC7371 
 164      FBC7ACE3 
 164      8DBEDF
 165 03cd DE1E4A22 		.ascii	"\336\036J\"\207\011{E\036\036\370i\\\017\031i\274\216"
 165      87097B45 
 165      1E1EF869 
 165      5C0F1969 
 165      BC8E
 166 03df BDAD4FCB 		.ascii	"\275\255O\313\262\036\302x\366;\345\021\241U}Bu\340"
 166      B21EC278 
 166      F63BE511 
 166      A1557D42 
 166      75E0
 167 03f1 7B2CCA7F 		.ascii	"{,\312\177-\020\306t\351\375\273\215)\311\015\312;\305"
 167      2D10C674 
 167      E9FDBB8D 
 167      29C90DCA 
 167      3BC5
 168 0403 6288C62F 		.ascii	"b\210\306/\300\004$\263\3775:\353\354n\257;\240}Kr\274"
 168      C00424B3 
 168      FF353AEB 
 168      EC6EAF3B 
 168      A07D4B72 
 169 0418 AE5FB6FC 		.ascii	"\256_\266\374\025\223u\321\"a\266\331\234\345_\355\017"
 169      159375D1 
 169      2261B6D9 
 169      9CE55FED 
 169      0F
 170 0429 481EBB3F 		.ascii	"H\036\273?\340\311\265\224\345d\327\230\235\202\241"
 170      E0C9B594 
 170      E564D798 
 170      9D82A1
 171 0438 84AD1521 		.ascii	"\204\255\025!?\321VXRh[YX\220m\260\333\253\335\336@"
 171      3FD15658 
 171      52685B59 
 171      58906DB0 
 171      DBABDDDE 
 172 044d AEC51E28 		.ascii	"\256\305\036(w.\026\253|\225\253|\016\217\251\314]!"
 172      772E16AB 
 172      7C95AB7C 
 172      0E8FA9CC 
 172      5D21
 173 045f F94D1935 		.ascii	"\371M\0315\013\363\236\023Wy\253M\201\312\312\012\277"
 173      0BF39E13 
 173      5779AB4D 
 173      81CACA0A 
 173      BF
 174 0470 C9E1F398 		.ascii	"\311\341\363\230$O\251\344rI.\361y\363\002\223%;'\357"
 174      244FA9E4 
 174      72492EF1 
 174      79F30293 
 174      253B27EF 
 175 0484 8D5C11D7 		.ascii	"\215\\\021\3273\275\225^)Sr\224\272E\267\327YQ\355\222"
 175      33BD955E 
 175      29537294 
 175      BA45B7D7 
 175      5951ED92 
 176 0498 448FC359 		.ascii	"D\217\303Y\356\366J\242\335%\2259\252+\002\366\300\352"
 176      EEF64AA2 
 176      DD259539 
 176      AA2B02F6 
 176      C0EA
 177 04aa 2AC96F2E 		.ascii	"*\311o.\027\364Q\217\257\376\317\0361i\021Sv\241ytC"
 177      17F4518F 
 177      AFFECF1E 
 177      31691153 
 177      76A17974 
 178 04bf AC25366D 		.ascii	"\254%6m~\201\325\226\260\2448?\247p9\233-8\317X\362"
 178      7E81D596 
 178      B0A4383F 
 178      A770399B 
 178      2D38CF58 
 179 04d4 623E4E7A 		.ascii	"b>Nz\272l+Y\301\004\013\025\210\265\310\246\265.]f\323"
 179      BA6C2B59 
 179      C1040B15 
 179      88B5C8A6 
 179      B52E5D66 
 180 04e9 586D3A3A 		.ascii	"Xm::[J\012\026\213Eo:\274b\261\257\3625\311\031\360"
 180      5B4A0A16 
 180      8B456F3A 
 180      BC62B1AF 
 180      F235C919 
 181 04fe 8BB697AC 		.ascii	"\213\266\227\254\231\036) \371D_\205\223\011\366<Kv"
 181      991E2920 
 181      F9445F85 
 181      9309F63C 
 181      4B76
 182 0510 698EC5EE 		.ascii	"i\216\305\356\3679\305\222\200\253X\362\271\253\312"
 182      F739C592 
 182      80AB58F2 
 182      B9ABCA
 183 051f 79E597E6 		.ascii	"y\345\227\346\324\324\320\350\262\224>\224\013I6\253"
 183      D4D4D0E8 
 183      B2943E94 
 183      0B4936AB 
 184 052f D5BE026B 		.ascii	"\325\276\002kQ \225\375\015\344`\307X"
 184      512095FD 
 184      0DE460C7 
 184      58
 185              		.text
 186              		.section	.gnu.lto_.symtab.67ab992d,"",%progbits
 187 0000 5F696E69 		.ascii	"_init\000"
 187      7400
 188 0006 00       		.ascii	"\000"
 189 0007 01       		.ascii	"\001"
 190 0008 00       		.ascii	"\000"
 191 0009 00000000 		.ascii	"\000\000\000\000\000\000\000\000"
 191      00000000 
 192 0011 AF000000 		.ascii	"\257\000\000\000"
 193 0015 53797374 		.ascii	"SystemInit\000"
 193      656D496E 
 193      697400
 194 0020 00       		.ascii	"\000"
 195 0021 00       		.ascii	"\000"
 196 0022 00       		.ascii	"\000"
 197 0023 00000000 		.ascii	"\000\000\000\000\000\000\000\000"
 197      00000000 
 198 002b B1000000 		.ascii	"\261\000\000\000"
 199              		.text
 200              		.section	.gnu.lto_.opts,"",%progbits
 201 0000 272D666E 		.ascii	"'-fno-math-errno' '-fno-signed-zeros' '-fno-trappin"
 201      6F2D6D61 
 201      74682D65 
 201      72726E6F 
 201      2720272D 
 202 0033 672D6D61 		.ascii	"g-math' '-fno-trapv' '-fno-openmp' '-fno-openacc' '"
 202      74682720 
 202      272D666E 
 202      6F2D7472 
 202      61707627 
 203 0066 2D6D6370 		.ascii	"-mcpu=cortex-m3' '-march=armv7-m' '-mthumb' '-mlitt"
 203      753D636F 
 203      72746578 
 203      2D6D3327 
 203      20272D6D 
 204 0099 6C652D65 		.ascii	"le-endian' '-munaligned-access' '-Os' '-fmessage-le"
 204      6E646961 
 204      6E272027 
 204      2D6D756E 
 204      616C6967 
 205 00cc 6E677468 		.ascii	"ngth=0' '-fsigned-char' '-ffunction-sections' '-fda"
 205      3D302720 
 205      272D6673 
 205      69676E65 
 205      642D6368 
 206 00ff 74612D73 		.ascii	"ta-sections' '-fsingle-precision-constant' '-flto' "
 206      65637469 
 206      6F6E7327 
 206      20272D66 
 206      73696E67 
 207 0132 272D6666 		.ascii	"'-ffast-math'\000"
 207      6173742D 
 207      6D617468 
 207      2700
 208              		.text
 209              		.comm	__gnu_lto_v1,1,1
 210              		.comm	__gnu_lto_slim,1,1
 211              		.ident	"GCC: (GNU Tools for ARM Embedded Processors) 5.4.1 20160919 (release) [ARM/embedded-5-bran
DEFINED SYMBOLS
                            *ABS*:00000000 system_stm32f10x.c
                            *COM*:00000001 __gnu_lto_v1
                            *COM*:00000001 __gnu_lto_slim

NO UNDEFINED SYMBOLS
