   1              		.syntax unified
   2              		.cpu cortex-m3
   3              		.fpu softvfp
   4              		.eabi_attribute 23, 1
   5              		.eabi_attribute 24, 1
   6              		.eabi_attribute 25, 1
   7              		.eabi_attribute 26, 1
   8              		.eabi_attribute 30, 4
   9              		.eabi_attribute 34, 1
  10              		.eabi_attribute 18, 4
  11              		.thumb
  12              		.syntax unified
  13              		.file	"uart.c"
  14              		.section	.gnu.lto_.profile.67ab8535,"",%progbits
  15 0000 789C6361 		.ascii	"x\234ca`d`a`\000\222\352\322\000\000\323\000M"
  15      60646061 
  15      600092EA 
  15      D20000D3 
  15      004D
  16              		.text
  17              		.section	.gnu.lto_.icf.67ab8535,"",%progbits
  18 0000 789C6361 		.ascii	"x\234ca`d\000\001\021\006\004`fX\261\273\263\203\237"
  18      60640001 
  18      11060460 
  18      6658B1BB 
  18      B3839F
  19 0013 F1E5CBEF 		.ascii	"\361\345\313\357\177\370\231:\356\257\\\300\310\000"
  19      7FF8993A 
  19      EEAF5CC0 
  19      C800
  20 0021 00615409 		.ascii	"\000aT\011("
  20      28
  21              		.text
  22              		.section	.gnu.lto_.jmpfuncs.67ab8535,"",%progbits
  23 0000 789C6361 		.ascii	"x\234ca`d\000\001Q\006\004`\006bF \250gb\002\221\014"
  23      60640001 
  23      51060460 
  23      06624620 
  23      A8676202 
  24 0016 4C204100 		.ascii	"L A\000\016e\001)"
  24      0E650129 
  25              		.text
  26              		.section	.gnu.lto_.inline.67ab8535,"",%progbits
  27 0000 789C6361 		.ascii	"x\234ca`d\000\001o\006\004`f`\020\340gd`\222\232p\232"
  27      60640001 
  27      6F060460 
  27      666010E0 
  27      67646092 
  28 0017 91816D81 		.ascii	"\221\201m\201<\023H\220\221\201C\237\021H\000\2253q"
  28      3C134890 
  28      9181439F 
  28      11480095 
  28      3371
  29 0029 751C6385 		.ascii	"u\034c\205K01p\316\005J0q\274X\206$\310\315\310\300"
  29      4B303170 
  29      CE054A30 
  29      71BC5886 
  29      24C8CDC8 
  30 003e 38C18F01 		.ascii	"8\301\217\001\000T\342\011\027"
  30      0054E209 
  30      17
  31              		.text
  32              		.section	.gnu.lto_.pureconst.67ab8535,"",%progbits
  33 0000 789C6361 		.ascii	"x\234ca`d`g```f\220b\224b\262\004\000\001\313\000\200"
  33      60646067 
  33      60606066 
  33      90629462 
  33      B2040001 
  34              		.text
  35              		.section	.gnu.lto_initUART.67ab8535,"",%progbits
  36 0000 789C9D93 		.ascii	"x\234\235\223Mk\023A\030\307\237\377\314f\335\324]\332"
  36      4D6B1341 
  36      18C79FFF 
  36      CC66DDD4 
  36      5DDA
  37 0012 AB184AAF 		.ascii	"\253\030J\257\275d\365\253\370\015\304o \366\334\211"
  37      BD64F5AB 
  37      F80DC46F 
  37      20F6DC89 
  38 0022 C9220D14 		.ascii	"\311\"\015\024\332\2429\024$'\251ZcM\337\223j]\323\203"
  38      DAA23914 
  38      2427A95A 
  38      634DDF93 
  38      6A5DD383 
  39 0036 E0A1B6D7 		.ascii	"\340\241\266\327Rh\351!\007\251\220\266)x\320\254\363"
  39      5268E921 
  39      07A990B6 
  39      2978D0AC 
  39      F3
  40 0047 CC04960A 		.ascii	"\314\004\226\012\036\222\201}\366m\366\367\377\315\360"
  40      1E92817D 
  40      F66DF6F7 
  40      FFCDF0
  41 0056 AC43201E 		.ascii	"\254C \036\027\222\310\327\347\273\372\200$\210\271"
  41      1792C8D7 
  41      E7BBFA80 
  41      2488B9
  42 0065 7DA28227 		.ascii	"}\242\202'\000\276P\036hZ`\032\327\342\217@\353Y\273"
  42      00BE501E 
  42      685A601A 
  42      D7E28F40 
  42      EB59BB
  43 0078 21269794 		.ascii	"!&\227\224\036\247\321\235\362\275H\177\233\010\203"
  43      1EA7D19D 
  43      F2BD487F 
  43      9B0883
  44 0087 212C6192 		.ascii	"!,a\222\364\234\263z\357E\340\226x\316\204}\211\327"
  44      F49CB37A 
  44      EF45E096 
  44      78CE847D 
  44      89D7
  45 0099 70396BE5 		.ascii	"p9k\345A\254\222\244\250\342\345\261\334\250\240H\352"
  45      41AC92A4 
  45      A8E2E5B1 
  45      DCA8A048 
  45      EA
  46 00aa 385D325C 		.ascii	"8]2\\\\.\036\227,\027\237K\300\205\250\243\031\254r"
  46      5C2E1E97 
  46      2C179F4B 
  46      C085A8A3 
  46      19AC72
  47 00bd 21049F65 		.ascii	"!\004\237e\033\255f\375\012L-J\266\252D\255\357\267"
  47      1BAD66FD 
  47      0A4C2D4A 
  47      B6AA44AD 
  47      EFB7
  48 00cf BA229202 		.ascii	"\272\"\222\002,P+\355%\243\366VuJ\312\321\217V\333\013"
  48      2C502BED 
  48      25A3F656 
  48      754ACAD1 
  48      8F56DB0B 
  49 00e3 E5DB55BC 		.ascii	"\345\333U\274D$%\336\"\2077\310\021\317m\035\367v\203"
  49      442425DE 
  49      228737C8 
  49      11CF6D1D 
  49      F77683
  50 00f6 B0A64A05 		.ascii	"\260\246J\0055\026I\007\313\250\242g\026\204w\010\251"
  50      35164907 
  50      CBA8A267 
  50      16847708 
  50      A9
  51 0107 8DE22FD7 		.ascii	"\215\342/\327\006I\233U.\234\357\0318\240bBMs\264O\305"
  51      06499B55 
  51      2E9CEF19 
  51      38A06242 
  51      4D73B44F 
  52 011c D80C12F4 		.ascii	"\330\014\022\364>\015ZA\250\361\214i\036J\033\226\031"
  52      3E0D5A41 
  52      A8F18C69 
  52      1E4A1B96 
  52      19
  53 012d 04F52145 		.ascii	"\004\365!E\325\255\363\357\276s\237\364\352\371\327"
  53      D5ADF3EF 
  53      BE739FF4 
  53      EAF9D7
  54 013c 23B0B383 		.ascii	"#\260\263\203\344DbuX\347\2654h\235\235]\343<\357\333"
  54      E4446275 
  54      58E7B534 
  54      689D9D5D 
  54      E33CEFDB 
  55 0150 306F10D4 		.ascii	"0o\020\324\206AqS`\363\246s\326\222~\036/\314d\373\316"
  55      86417153 
  55      60F3A673 
  55      D6927E1E 
  55      2FCC64FB 
  56 0165 5589AD61 		.ascii	"U\211\255a\235\267\323\240\006;g\031\323=\360\377\341"
  56      9DB7D3A0 
  56      063B6719 
  56      D33DF0FF 
  56      E1
  57 0176 14B85DEF 		.ascii	"\024\270]\357\323\177i`V\323\260LG\357 \324\257\367"
  57      D37F6960 
  57      56D3B04C 
  57      47EF20D4 
  57      AFF7
  58 0188 7BC5CBC0 		.ascii	"{\305\313\300JV\004>Z\307f}v\334.\305\037D\364S\272"
  58      4A56043E 
  58      5AC7667D 
  58      76DC2EC5 
  58      1F44F453 
  59 019d B9BB373B 		.ascii	"\271\2737;/\260\244\305\235\356\267\214\355<\017\237"
  59      2FB0A4C5 
  59      9DEEB78C 
  59      ED3C0F9F 
  60 01ad 87DD8F38 		.ascii	"\207\335\2178\215\371\302\373\021\320\017<\215\033\016"
  60      8DF9C2FB 
  60      11D00F3C 
  60      8D1B0E
  61 01bc 73CC6FDC 		.ascii	"s\314o\334\321\233\245\3772=e$\237\017\247\036>~\222"
  61      D19BA5FF 
  61      323D6524 
  61      9F0FA71E 
  61      3E7E92
  62 01cf 7F447F01 		.ascii	"\177D\177\001S\015A\204"
  62      530D4184 
  63              		.text
  64              		.section	.gnu.lto_uartSendByte.67ab8535,"",%progbits
  65 0000 789C7D51 		.ascii	"x\234}Q\261N\033A\020\235\267\263g#c\303\017X\210\216"
  65      B14E1B41 
  65      109DB7B3 
  65      672363C3 
  65      0F58888E 
  66 0014 D0D84828 		.ascii	"\320\330H(\037\220\306\037@\235\006\361\007(\251\263"
  66      1F90C61F 
  66      409D06F1 
  66      0728A9B3 
  67 0024 F69D8504 		.ascii	"\366\235\205\004\024\200\200\212\010QXvB\2141\0152\221"
  67      1480808A 
  67      08515876 
  67      428C310D 
  67      3291
  68 0036 C03A8A74 		.ascii	"\300:\212tN\217(\002\022W \204L\002\002$l3\353u\221"
  68      4E8F2802 
  68      12572084 
  68      4C020224 
  68      6C33EB75 
  69 004b 8A917667 		.ascii	"\212\221vgv\357\315\233\367\3664\201l\334H\032\221\234"
  69      76EFCD9B 
  69      F7F63481 
  69      6CDC481A 
  69      919C
  70 005d 93851841 		.ascii	"\223\205\030A\255\264\210\362C\012\354\012V\336\362"
  70      ADB488F2 
  70      430AEC0A 
  70      56DEF2
  71 006c 2F2293D0 		.ascii	"/\"\223\320A\234L\322s\367\0374`\263\031\002}Q\354i"
  71      419C4CD2 
  71      73F71F34 
  71      60B31902 
  71      7D51EC69 
  72 0080 C84E2E1E 		.ascii	"\310N.\036TG!\\\210\032j\262l$\376\\-\261\2514Q\024"
  72      5447215C 
  72      881A6AB2 
  72      6C24FE5C 
  72      2DB1A934 
  73 0096 404F390C 		.ascii	"@O9\014\312\230\024T\253\\ZOp\012$\365\316\323\352I"
  73      CA981454 
  73      AB5C5A4F 
  73      700A24F5 
  73      CED3EA49 
  74 00aa 72A2644C 		.ascii	"r\242dL\301\230\307\217\206\213\014T\300\322\201\351"
  74      C198C78F 
  74      868B0C54 
  74      C0D281E9 
  75 00ba 34A6D224 		.ascii	"4\246\322$\027\204o\230\260\340\313zw#\025\013,\375"
  75      17846F98 
  75      B0E0CB7A 
  75      7723150B 
  75      2CFD
  76 00cc B823C577 		.ascii	"\270#\305w\304\254\243\332L\323\364z\2761\235\251\237"
  76      C4ACA3DA 
  76      4CD3F47A 
  76      BE319DA9 
  76      9F
  77 00dd 2A0EE912 		.ascii	"*\016\351\022a\262\211`\351\365lI\324\226%v\332JI\342"
  77      61B28960 
  77      E9F56C49 
  77      D4962576 
  77      DA4A49E2 
  78 00f1 3B418819 		.ascii	";A\210\031\216\020\036\325\267\336Y&\237Y\246l\026\303"
  78      8E101ED5 
  78      B7DE5926 
  78      9F59A66C 
  78      16C3
  79 0103 DFF17B55 		.ascii	"\337\361{Ud\356+\254\006\247\275Qw4\355\300h\271:\210"
  79      64EE2BAC 
  79      06A7BD51 
  79      7734EDC0 
  79      68B93A88 
  80 0117 D61687B7 		.ascii	"\326\026\207\267\361U\314i\374@\032\273H\223\305\206"
  80      F155CC69 
  80      FC401ABB 
  80      4893C586 
  81 0127 E7DDE354 		.ascii	"\347\335\343T\266j\002\371\342\241\212mt\373\326\261"
  81      B66A02F9 
  81      E2A18A6D 
  81      74FBD6B1 
  82 0137 872C45F0 		.ascii	"\207,E\360_r\3443\334\230\303\333\335\303\224\345Uh"
  82      5F72E433 
  82      DC98C3DB 
  82      DDC394E5 
  82      5568
  83 0149 126AC270 		.ascii	"\022j\302p\201\340\314\037sB \210\332M\343y\200 \354"
  83      81E0CC1F 
  83      73422088 
  83      DA4DE379 
  83      8020EC
  84 015c DB11644D 		.ascii	"\333\021dMx$\277\006wJ[\027\021\012\177\027Z\377\330"
  84      7824BF06 
  84      774A5B17 
  84      110A7F17 
  84      5AFFD8
  85 016f 75793E6B 		.ascii	"uy>k\231\023n\302\236\377S\232\267o\366\236\336\326"
  85      99136EC2 
  85      9EFF539A 
  85      B76FF69E 
  85      DED6
  86 0181 5BEFEBB5 		.ascii	"[\357\353\265\317\211\003d\205\215\256Qh>j\3135\230"
  86      CF890364 
  86      858DAE51 
  86      683E6ACB 
  86      3598
  87 0193 0D99298E 		.ascii	"\015\231)\216\022\231L\366\363\354\374\247\314\034a"
  87      12994CF6 
  87      F3ECFCA7 
  87      CC1C61
  88 01a2 EE1576B2 		.ascii	"\356\025v\262\247z"
  88      A77A
  89              		.text
  90              		.section	.gnu.lto_uart_tx.67ab8535,"",%progbits
  91 0000 789C5D51 		.ascii	"x\234]QMkSQ\020\235s\347\336\367\222g\"\012\272\013"
  91      4D6B5351 
  91      109D73E7 
  91      DEF79267 
  91      220ABA0B 
  92 0014 D25DE826 		.ascii	"\322]\350&\372/\334\373\017\212\272\350\266F\\\346\372"
  92      FA2FDCFB 
  92      0F8ABAE8 
  92      B6465CE6 
  92      FA
  93 0025 3E4C912E 		.ascii	">L\221.\334\250 \225\012\"\215\332\232\266\340\"+c\241"
  93      DCA82095 
  93      0A228DDA 
  93      9AB6E022 
  93      2B63A1
  94 0038 1604950A 		.ascii	"\026\004\225\012\352\"\013?\033D\273H\212\265(\3248"
  94      EA220B3F 
  94      1B44BB48 
  94      8AB528D4 
  94      38
  95 0049 93B7101C 		.ascii	"\223\267\020\034\336\273wf8g\356\231\031K 5k\210\216"
  95      DEBB7766 
  95      3867EE99 
  95      194B2035 
  95      6B888E
  96 005c CB7D5A7E 		.ascii	"\313}Z~\004\004s\355%\321\345\202\201\315\035\316\235"
  96      040473ED 
  96      25D1E582 
  96      81CD1DCE 
  96      9D
  97 006d A7056B78 		.ascii	"\247\005kxn\223\310G.\015\311\227\034\240y_\0005\014"
  97      6E93C847 
  97      2E0DC997 
  97      1CA0795F 
  97      00350C
  98 0080 5B8786B1 		.ascii	"[\207\206\261\224\333\23690Xo\366;fr\321\213}\330h\262"
  98      94DB9E39 
  98      30586FF6 
  98      3B6672D1 
  98      8B7DD868 
  99 0095 6F759131 		.ascii	"ou\2211\321\310\344\030,bRP[\351\312<\3770\031\003V"
  99      D1C8E418 
  99      2C625250 
  99      5BE9CA3C 
  99      FF301903 
 100 00aa C2E18B5B 		.ascii	"\302\341\213[\237\017kh0!\341\233\375w\355\022\227A"
 100      9F0F6B68 
 100      3021E19B 
 100      FD77ED12 
 100      9741
 101 00bc E2C777E6 		.ascii	"\342\307w\346\276\007\325{\336\307\336\357\235\363\305"
 101      BE07D57B 
 101      DEC7DEEF 
 101      9DF3C5
 102 00cb 8C190FC0 		.ascii	"\214\031\017\300R\017\367QA\013\025\222\024\341!\252"
 102      520FF751 
 102      410B1592 
 102      14E121AA 
 103 00db 82FE79F7 		.ascii	"\202\376y\367}+\342\243c\346\227\255\215\355C\312\024"
 103      7D2BE2A3 
 103      63E697AD 
 103      8DED43CA 
 103      14
 104 00ec BB795E99 		.ascii	"\273y^\231\026K\3773-a\031U\205\177Z\375s\275\034\244"
 104      164BFF33 
 104      2D611955 
 104      857F5AFD 
 104      73BD1CA4 
 105 0100 8A9EC8E5 		.ascii	"\212\236\310\345\342\021\002\035V\373L\327\217F\211"
 105      E211021D 
 105      56FB4CD7 
 105      8F4689
 106 010f EF3EB18F 		.ascii	"\357>\261\217Q\304\370-\021.\247\223\012.\030'Bq\003"
 106      51C4F82D 
 106      112EA793 
 106      0A2E1827 
 106      427103
 107 0122 A2811065 		.ascii	"\242\201\020eN\003c\344\342\241a\222\341q\037\311\374"
 107      4E0363E4 
 107      E2A16192 
 107      E1711FC9 
 107      FC
 108 0133 95B76B4E 		.ascii	"\225\267kN+&,\037p\252B}\304\273\315cy.L\330\321WX\215"
 108      2B262C1F 
 108      70AA427D 
 108      C4BBCD63 
 108      792E4CD8 
 109 014b 544DA7B3 		.ascii	"TM\247\263\323\013\033\007~\326\373#\031\207##B\320"
 109      D30B1B07 
 109      7ED6FB23 
 109      19872323 
 109      42D0
 110 015d 4683049A 		.ascii	"F\203\004\232qAT\015e\356\262\011\251\035\377\276\372"
 110      7141540D 
 110      65EEB209 
 110      A91DFFBE 
 110      FA
 111 016e EC35E775 		.ascii	"\3545\347u\234pod\353\257B\235&\217\347\260\277\371"
 111      9C706F64 
 111      EBAF429D 
 111      268FE7B0 
 111      BFF9
 112 0180 7CB6B480 		.ascii	"|\266\264\200\333\262\207\242\276\274\"\215\023V\261"
 112      DBB287A2 
 112      BEBC228D 
 112      1356B1
 113 018f 00FA88B4 		.ascii	"\000\372\210\264\227\234\370\307l\357t~\225\225\031"
 113      979CF8C7 
 113      6CEF747E 
 113      959519
 114 019e 49976B8A 		.ascii	"I\227k\212#\332\005\022\226\305\210n^\332\216\344]\247"
 114      23DA0512 
 114      96C5886E 
 114      5EDA8EE4 
 114      5DA7
 115 01b0 AD7D43DC 		.ascii	"\255}C\334\355\345r\325\006\"0\015\245\371\250V;yqj"
 115      EDE572D5 
 115      0622300D 
 115      A5F9A856 
 115      3B79716A 
 116 01c4 A65E3B4B 		.ascii	"\246^;K|\241>c/MM\327\377\002*\237\255="
 116      7CA13E63 
 116      2F4D4DD7 
 116      FF022A9F 
 116      AD3D
 117              		.text
 118              		.section	.gnu.lto_.symbol_nodes.67ab8535,"",%progbits
 119 0000 789C6361 		.ascii	"x\234ca`d\260g\000\002&\373z\006\206\011\347\030\030"
 119      6064B067 
 119      000226FB 
 119      7A068609 
 119      E71818
 120 0013 80D4AE06 		.ascii	"\200\324\256\006E\240\300A\206zFT\221\003\014\365L("
 120      45A0C041 
 120      867A4654 
 120      91030CF5 
 120      4C28
 121 0025 22CC4C8C 		.ascii	"\"\314L\214\014\217\376\274\327f\000\000\362\364\020"
 121      0C8FFEBC 
 121      D7660000 
 121      F2F410
 122 0034 31       		.ascii	"1"
 123              		.text
 124              		.section	.gnu.lto_.refs.67ab8535,"",%progbits
 125 0000 789C6361 		.ascii	"x\234ca`\004B \000\000\0009\000\007"
 125      60044220 
 125      00000039 
 125      0007
 126              		.text
 127              		.section	.gnu.lto_.decls.67ab8535,"",%progbits
 128 0000 789CAD55 		.ascii	"x\234\255UkLTG\024\276gg\201uY\320\240im\272I7\306\020"
 128      6B4C5447 
 128      14BE6767 
 128      817559D0 
 128      A0696DBA 
 129 0018 9A546441 		.ascii	"\232TdA\211\372\247Q\261\306\246i\010\250\375\263\315"
 129      89FAA751 
 129      B1C6A669 
 129      08A8FDB3 
 129      CD
 130 0029 06D98B6C 		.ascii	"\006\331\213l\003\213]\226\006\377]^\221`\233\010\321"
 130      038B5D96 
 130      06FF5D5E 
 130      91609B08 
 130      D1
 131 003a 2AA8C1D8 		.ascii	"*\250\301\330\026\261\340\002\276Q\300U|?ZQQ\221R\327"
 131      16B1E002 
 131      BE51C055 
 131      7C3F5A51 
 131      519152D7 
 132 004e F703C115 		.ascii	"\367\003\301\025Q\304G\266gf\356\356\275\332\245\351"
 132      51C447B6 
 132      6766EEEE 
 132      BDDAA5E9 
 133 005e 0F27F9EE 		.ascii	"\017'\371\356\2353\367;\2179\347\314\\\255\000\002\035"
 133      9D33F73B 
 133      8F39E7CC 
 133      5CAD0002 
 133      1D
 134 006f BD7A41B8 		.ascii	"\275zA\270\217S\003\302\217C\213kK\005e\020\304\016"
 134      8F5303C2 
 134      8F438B6B 
 134      4B056510 
 134      C40E
 135 0081 442BE284 		.ascii	"D+\342\204\360\357A\277\205\311:\261\210\027\210\021"
 135      F0EF41BF 
 135      85C93AB1 
 135      88178811 
 136 0091 C4055977 		.ascii	"\304\005Yw\000q\037\361\020\0012\377\335Am\207\3136"
 136      00711FF1 
 136      100132FF 
 136      DD416D87 
 136      CB36
 137 00a3 F686B0A3 		.ascii	"\366\206\260\243A\334A<\220m\264\206\260Ac\213\224m"
 137      41DC413C 
 137      906DB486 
 137      B041638B 
 137      946D
 138 00b5 C4202621 		.ascii	"\304 &!\216\"R\021\036\204\0211\212\330\217\350D|(\353"
 138      8E225211 
 138      1E841131 
 138      8AD88FE8 
 138      447C28EB 
 139 00c9 6964DD50 		.ascii	"id\335P6\337h`\270\273\341RD/\364\200\006x\302\360\305"
 139      36DF6860 
 139      B8BBE152 
 139      442FF480 
 139      0678C2F0 
 140 00de DF0041D0 		.ascii	"\337\000A\320\007\233\012\240\241,\020\224%P\021\231"
 140      079B0AA0 
 140      A12C1094 
 140      25501199 
 141 00ee 89C0940F 		.ascii	"\211\300\224\017\340\000Y\015X\015\330\000\0108\203"
 141      E000590D 
 141      580DD800 
 141      083883
 142 00fd E0082880 		.ascii	"\340\010(\200\242\314?k\024\253\262\030PP\354\311\241"
 142      A2CC3F6B 
 142      14ABB218 
 142      5050ECC9 
 142      A1
 143 010e AA62E201 		.ascii	"\252b\342\001\011\352X\330\246\007J\006\303\010n\030"
 143      09EA58D8 
 143      A6074A06 
 143      C3086E18 
 144 011e A7E7EFBD 		.ascii	"\247\347\357\275\271\003\361\215\022\2165\222\244\371"
 144      B903F18D 
 144      128E3592 
 144      A4F9
 145 012c 58C9CC31 		.ascii	"X\311\3141\377\210g\374\260\006b\364\240A\361\202\357"
 145      FF8867FC 
 145      B00662F4 
 145      A041F182 
 145      EF
 146 013d ECE64814 		.ascii	"\354\346H\024'\351a\002\212\375\035\325\376\250\311"
 146      27E96102 
 146      8AFD1DD5 
 146      FEA8C9
 147 014c 3F533DA9 		.ascii	"?S=\251D2i`\351\007\320\000F\370\035\260\020\320\010"
 147      44326960 
 147      E907D000 
 147      46F81DB0 
 147      10D008
 148 015f 9383768E 		.ascii	"\223\203v\216\017U4DM\331\"mi\226\274=kH\265\344)F\035"
 148      0F553444 
 148      4DD9226D 
 148      6996BC3D 
 148      6B48B5E4 
 149 0176 0DE5403D 		.ascii	"\015\345@=\020\330\016\36146\234\322\3276\350\305\240"
 149      10D80EF1 
 149      34369CD2 
 149      D736E8C5 
 149      A0
 150 0187 77C014D4 		.ascii	"w\300\024\324\334\362\274\304A>aa6\225\335\336\256C"
 150      DCF2BCC4 
 150      413E6161 
 150      3695DDDE 
 150      AE43
 151 0199 EF463DF8 		.ascii	"\357F=\370\201\312\217ZG\243\270L?\357\366<\335\241"
 151      81CA8F5A 
 151      47A3B84C 
 151      3FEFF63C 
 151      DDA1
 152 01ab 259FD1B9 		.ascii	"%\237\321\271\246kW\317\261q\020\247\257\243\241y\373"
 152      A66B57CF 
 152      B17110A7 
 152      AFA3A179 
 152      FB
 153 01bc 9ECD2D91 		.ascii	"\236\315-\221$\200]\240\207\026\305\233\021O\205P.I"
 153      24805DA0 
 153      8716C59B 
 153      114F8550 
 153      2E49
 154 01ce C5926FAB 		.ascii	"\305\222o\253\024>Y\200$#$\030\005\330\011q\324&eA3"
 154      143E5980 
 154      24232418 
 154      05D80971 
 154      D4266541 
 155 01e3 6EA709B7 		.ascii	"n\247\011\267\203\366\267\327\326\037\215\"\265\300"
 155      83F6B7D7 
 155      D61F8D22 
 155      B5C0
 156 01f1 1C0CACED 		.ascii	"\034\014\254\355/'A\007\265\253\215\015\2224\001\366"
 156      2F274107 
 156      B5AB8D0D 
 156      923401F6 
 157 0201 A283DD8A 		.ascii	"\242\203\335\212\003\364\027\332\303\236\320\036n<n"
 157      03F417DA 
 157      C39ED01E 
 157      6E3C6E
 158 0210 AF8ED062 		.ascii	"\257\216\320b\2632C\313\264tm\304[\273*|\314\034\357"
 158      B33243CB 
 158      B4746DC4 
 158      5BBB2A7C 
 158      CC1CEF
 159 0223 A739867D 		.ascii	"\2479\206}\240\345i\376\261\263\245=\002\323\354\245"
 159      A0E569FE 
 159      B1B3A53D 
 159      02D3ECA5 
 160 0233 696E3307 		.ascii	"in3\007\323\2144p+q\271\325inei\036\336u\2659\234\224"
 160      D38C3470 
 160      2B71B9D5 
 160      696E6569 
 160      1EDE75B5 
 161 024a F17E7037 		.ascii	"\361~p7\276j\326\2638R\003at\2256o\"\274\021\264(>9"
 161      BE6AD6B3 
 161      38520361 
 161      7495366F 
 161      22BC11B4 
 162 0261 57732B9A 		.ascii	"Ws+\2327\202\011\305\356\027\355/\015\344'\246\255\035"
 162      378209C5 
 162      EE17ED2F 
 162      0DE427A6 
 162      AD1D
 163 0273 3C5D5613 		.ascii	"<]V\023\215\2511\002\206\011u\201\256\022\300\203\233"
 163      8DA93102 
 163      86097581 
 163      AE12C083 
 163      9B
 164 0284 EA60AED9 		.ascii	"\352`\256\331(\247_\336\316\313!\314\213\207&\015\016"
 164      28A75FDE 
 164      CECB21CC 
 164      8B87260D 
 164      0E
 165 0295 A3EE11DC 		.ascii	"\243\356\021\334b\215Di]\300\226\231\340\373\234\315"
 165      628D4469 
 165      5DC09699 
 165      E0FB9CCD 
 166 02a5 D1EB2F1D 		.ascii	"\321\353/\035\353^\207\351e3k\376\323\014\262\037u\225"
 166      EB5E87E9 
 166      65336BFE 
 166      D30CB21F 
 166      7595
 167 02b7 1E36182A 		.ascii	"\0366\030*h1\326\224H1'\243\241\023\343iGB\033K\345"
 167      6831D694 
 167      483127A3 
 167      A113E369 
 167      47421B4B 
 168 02cc 5130C8CD 		.ascii	"Q0\310\315\332\334\357\256\016c\333\30758\010,\001\025"
 168      DADCEFAE 
 168      0E63DBC7 
 168      3538082C 
 168      0115
 169 02de 87AEEC21 		.ascii	"\207\256\354!c\326\3418\253\303\261@\035\352\366\372"
 169      63D6E138 
 169      ABC3B140 
 169      1DEAF6FA 
 170 02ee 47C7F376 		.ascii	"G\307\363v\367\264\331\2442\324\321R\016\034P\212p@"
 170      F7B4D9A4 
 170      32D4D152 
 170      0E1C508A 
 170      7040
 171 0300 5D8413AC 		.ascii	"]\204\023\254\010\203\245w\274\221<\311\223Q\274\374"
 171      0883A577 
 171      BC913CC9 
 171      9351BCFC 
 172 0310 A0A84847 		.ascii	"\240\250HG\252xM~{\371\312G\013\020\213\315\357'\252"
 172      AA784D7E 
 172      7BF9CA47 
 172      0B108BCD 
 172      EF27AA
 173 0323 EE8FE5DD 		.ascii	"\356\217\345\335\177\350\314\251:\003Y\317\310\232_"
 173      7FE8CCA9 
 173      3A0359CF 
 173      C89A5F
 174 0332 3DC56500 		.ascii	"=\305e\000\3728\326z\030\256\276>Z\010F\013\177`zb\345"
 174      FA38D67A 
 174      18AEBE3E 
 174      5A08460B 
 174      7F607A62 
 175 0347 EE3B838B 		.ascii	"\356;\203\213\247qQ>(\003_\262\203r\0163sV\0115V\317"
 175      A771513E 
 175      28035FB2 
 175      83720E33 
 175      73560935 
 176 035d B7D551D9 		.ascii	"\267\325Q\331{WO\266r\037\333}g\033\307\217\351\243"
 176      7B574FB6 
 176      721FDB7D 
 176      671BC78F 
 176      E9A3
 177 036f 6B4C1FB5 		.ascii	"kL\037\265\253c\033\351Y9\217>\376T|\234\003\331\311"
 177      AB631BE9 
 177      59398F3E 
 177      FE547C9C 
 177      03D9C9
 178 0382 FEA6753B 		.ascii	"\376\246u;\242iUK\376\237UT9\270\257\355x\030\357\306"
 178      A269554B 
 178      FE9F5554 
 178      39B8AFED 
 178      7818EFC6 
 179 0396 04D52D15 		.ascii	"\004\325-\025\303o\251\315\257_\227jI\003O\243\267\252"
 179      C36FA9CD 
 179      AF5F976A 
 179      49034FA3 
 179      B7AA
 180 03a8 AA2392EC 		.ascii	"\252#\222\354\341B\347\323MO\014\244\225\013\227Z\273"
 180      E142E7D3 
 180      4D4F0CA4 
 180      950B975A 
 180      BB
 181 03b9 CB234927 		.ascii	"\313#I'\027j\016\016\237\016\343&t(\026\335o^E\310\011"
 181      176A0E0E 
 181      9F0EE326 
 181      742816DD 
 181      6F5E45C8 
 182 03ce FEADBCA5 		.ascii	"\376\255\274\245eC$\351\342\202\177\243o\263\201tsa"
 182      654324E9 
 182      E2827FA3 
 182      6FB38174 
 182      7361
 183 03e0 E7E5FA83 		.ascii	"\347\345\372\203:r\235\013m\347F\033\243\311-.\014>"
 183      3A729D0B 
 183      6DE7461B 
 183      A3C92D2E 
 183      0C3E
 184 03f2 ABB8A925 		.ascii	"\253\270\251%\003\\\270\321w\257\"\232\370\2700Ts\274"
 184      035CB8D1 
 184      77AF229A 
 184      F8B83054 
 184      73BC
 185 0404 5F4F5E72 		.ascii	"_O^ra\177\373@\"\367jD\351@\337\023\217|\333z\351}\347"
 185      617FFB40 
 185      22F76A44 
 185      E940DF13 
 185      8F7CDB7A 
 186 041b 3F327235 		.ascii	"?2r5\212\226\036\251\023\252V\257-\216\202\251\312\210"
 186      8A961EA9 
 186      13AA56AF 
 186      2D8E82A9 
 186      CA88
 187 042d 9B888FAD 		.ascii	"\233\210\217\255Ri\011\246\370\3327\015\027\274\222"
 187      526909A6 
 187      F8DA370D 
 187      17BC92
 188 043c 5461800B 		.ascii	"Ta\200\013\230\345\033\230\345'0QI\343t\332\262f\372"
 188      98E51B98 
 188      E5273051 
 188      49E374DA 
 188      B266FA
 189 044f B3647C4F 		.ascii	"\263d|OU\023l\300\253\2020\366\345w\331\227X\207\267"
 189      55136CC0 
 189      AB8230F6 
 189      E577D997 
 189      5887B7
 190 0462 03E763B1 		.ascii	"\003\347c\261=\325M\366\242\022\251>\201\325\360\366"
 190      3DD54DF6 
 190      A212A93E 
 190      81D5F0F6 
 191 0472 BBFC938C 		.ascii	"\273\374\223\214\337\000\212}\277{Q1\343S\373WC\333"
 191      DF008A7D 
 191      BF7B5131 
 191      E353FB57 
 191      43DB
 192 0484 578533E4 		.ascii	"W\2053\344V\205s=d\360\355*\353\317\325\364\276w\351"
 192      5685733D 
 192      64F0ED2A 
 192      EBCFD5F4 
 192      BE77E9
 193 0497 3D6AEB34 		.ascii	"=j\3534\3707nU\360\327B\323/\2526;\0340O\371\177\207"
 193      F8376E55 
 193      F0D742D3 
 193      2FAA363B 
 193      1C304FF9 
 194 04ad 8CE6A22A 		.ascii	"\214\346\242*\232W\352\275\366\2066\257\316\345\250"
 194      9A57EABD 
 194      F68636AF 
 194      CEE5A8
 195 04bc 3A9CBF42 		.ascii	":\234\277B\363\033T|\237:\034o\310p8\235\2356O\257{"
 195      F31B547C 
 195      9F3A1C6F 
 195      C870389D 
 195      9D364FAF 
 196 04d1 51113DD1 		.ascii	"Q\021=\321\310\022\344\243FG\245|+K\340\024\340\026"
 196      C812E4A3 
 196      4647A57C 
 196      2B4BE014 
 196      E016
 197 04e3 6ADF648E 		.ascii	"j\337d\216\250-$\201\017\317\331\035\230\012\217\021"
 197      A82D2481 
 197      0FCFD91D 
 197      980A8F11 
 198 04f3 0F108F10 		.ascii	"\017\020\217\020\017\021\203\210\001D?\342>b\010q\027"
 198      0F118388 
 198      01443FE2 
 198      3E620871 
 198      17
 199 0504 318C788A 		.ascii	"1\214x\212\270\007S\231y\036j\245\272M\256\204.\273"
 199      B8075399 
 199      791E6AA5 
 199      BA4DAE84 
 199      2EBB
 200 0516 BA4DD637 		.ascii	"\272M\3267\251Rw*t[\251\012\271Nm\276;\264y^\031<2'"
 200      A952772A 
 200      745BA90A 
 200      B94E6DBE 
 200      3BB4795E 
 201 052e FB5AD612 		.ascii	"\373Z\326\022\322K\330\325\265\307\335\323\254\207\270"
 201      D24BD8D5 
 201      B5C7DDD3 
 201      AC87B8
 202 053d 893C451B 		.ascii	"\211<E\033\233>\222$\035\214\240\3663\345>\242\011\033"
 202      9B3E9224 
 202      1D8CA0F6 
 202      33E53EA2 
 202      091B
 203 054f 234FF01C 		.ascii	"#O\360\034\323\363\276R\205\261Un{\274\232\274\365g"
 203      D3F3BE52 
 203      85B1556E 
 203      7BBC9ABC 
 203      F567
 204 0561 A2B1287F 		.ascii	"\242\261(\177\246\027\374\317D\337\310\276}\250\242"
 204      A617FCCF 
 204      44DFC8BE 
 204      7DA8A2
 205 0570 5CF7169B 		.ascii	"\\\367\026\233\376\335\025\366\250\314\246o\235\335"
 205      FEDD15F6 
 205      A8CCA66F 
 205      9DDD
 206 057e 61772D99 		.ascii	"aw-\231\233\266X\267\360\353%\246\371\263g\013\372\370"
 206      9BB658B7 
 206      F0EB25A6 
 206      F9B3670B 
 206      FAF8
 207 0590 F8E90519 		.ascii	"\370\351\005\031NW|\246`\240\357t\321a\233\267\322%"
 207      4E577CA6 
 207      60A0EF74 
 207      D1619BB7 
 207      D225
 208 05a2 8EB35A0B 		.ascii	"\216\263Z\013\354\016\327,\253+;s\216e\2053o\2713#\327"
 208      EC0ED72C 
 208      AB2B3B73 
 208      8E658533 
 208      6FB93323 
 209 05b7 9465CF11 		.ascii	"\224e\317\021\363Mq\205\263\222?\265,w\024\230\\yy9"
 209      F34D7185 
 209      B3923FB5 
 209      2C771498 
 209      5C797939 
 210 05cb F9A60C67 		.ascii	"\371\246\014g\256I\314]&\332l\242\31523~\206)1\301\234"
 210      AE49CC5D 
 210      26DA6CA2 
 210      CD32337E 
 210      862931C1 
 211 05e0 FC7D9205 		.ascii	"\374}\222\005\327\2479\362\034\34241c\231\335bwd\346"
 211      D7A739F2 
 211      1CE23431 
 211      6399DD62 
 211      7764E6
 212 05f3 14D8444B 		.ascii	"\024\330DKnFf\266\335!Z\25461+\243 \307eu\255\\!\346"
 212      6E4666B6 
 212      DD215AAC 
 212      36312BA3 
 212      20C76575 
 213 060b C7670B11 		.ascii	"\307g\013\021\262\303o\337\263\303\374\225\371\026k"
 213      B2C36FDF 
 213      B3C3FC95 
 213      F9166B
 214 061a BECB86D6 		.ascii	"\276\313\206\326\231\027\334\245\325U\250\315\314\316"
 214      9917DCA5 
 214      D555A8CD 
 214      CCCE
 215 0628 706A172E 		.ascii	"pj\027.NM\323\363\255\232\223\255.]`2.mA\372\202\264"
 215      4E4DD3F3 
 215      AD9A93AD 
 215      2E5D6032 
 215      2E6D41FA 
 216 063e A50B5266 		.ascii	"\245\013Rf\222\371iIAi\006J\211A)\011%sPJ$\363\322\322"
 216      92F96949 
 216      4169064A 
 216      89412909 
 216      2573504A 
 217 0656 82925993 		.ascii	"\202\222Y\223\242\010\011\232tEHNO\231cY\364C\206\303"
 217      A208099A 
 217      7445484E 
 217      4F996359 
 217      F44386C3 
 218 066a 92EACCFB 		.ascii	"\222\352\314\373N\314t\345[\322\276\232?-Wt\211N\213"
 218      4ECC74E5 
 218      5BD2BE9A 
 218      3F2D5774 
 218      894E8B
 219 067d 3327934D 		.ascii	"3'\223M\254\311\211\011\313\314\211\326|g\246%\335e"
 219      ACC98909 
 219      CBCC89D6 
 219      7C67A625 
 219      DD65
 220 068f 4B159DF6 		.ascii	"K\025\235\366\025\331\270\211\334\244\304/\314\205\205"
 220      15D9B889 
 220      DCA4C42F 
 220      CC8585
 221 069e 746FD399 		.ascii	"to\323\231\224eN(\304]E-I\307\252Z\027c*S\304\254\177"
 221      94654E28 
 221      C45D452D 
 221      49C7AA5A 
 221      17632A53 
 222 06b5 00AE69CA 		.ascii	"\000\256i\312\277"
 222      BF
 223              		.text
 224              		.section	.gnu.lto_.symtab.67ab8535,"",%progbits
 225 0000 696E6974 		.ascii	"initUART\000"
 225      55415254 
 225      00
 226 0009 00       		.ascii	"\000"
 227 000a 00       		.ascii	"\000"
 228 000b 00       		.ascii	"\000"
 229 000c 00000000 		.ascii	"\000\000\000\000\000\000\000\000"
 229      00000000 
 230 0014 AD000000 		.ascii	"\255\000\000\000"
 231 0018 75617274 		.ascii	"uartSendByte\000"
 231      53656E64 
 231      42797465 
 231      00
 232 0025 00       		.ascii	"\000"
 233 0026 00       		.ascii	"\000"
 234 0027 00       		.ascii	"\000"
 235 0028 00000000 		.ascii	"\000\000\000\000\000\000\000\000"
 235      00000000 
 236 0030 B9000000 		.ascii	"\271\000\000\000"
 237 0034 75617274 		.ascii	"uart_tx\000"
 237      5F747800 
 238 003c 00       		.ascii	"\000"
 239 003d 00       		.ascii	"\000"
 240 003e 00       		.ascii	"\000"
 241 003f 00000000 		.ascii	"\000\000\000\000\000\000\000\000"
 241      00000000 
 242 0047 C7000000 		.ascii	"\307\000\000\000"
 243              		.text
 244              		.section	.gnu.lto_.opts,"",%progbits
 245 0000 272D666E 		.ascii	"'-fno-math-errno' '-fno-signed-zeros' '-fno-trappin"
 245      6F2D6D61 
 245      74682D65 
 245      72726E6F 
 245      2720272D 
 246 0033 672D6D61 		.ascii	"g-math' '-fno-trapv' '-fno-openmp' '-fno-openacc' '"
 246      74682720 
 246      272D666E 
 246      6F2D7472 
 246      61707627 
 247 0066 2D6D6370 		.ascii	"-mcpu=cortex-m3' '-march=armv7-m' '-mthumb' '-mlitt"
 247      753D636F 
 247      72746578 
 247      2D6D3327 
 247      20272D6D 
 248 0099 6C652D65 		.ascii	"le-endian' '-munaligned-access' '-Os' '-fmessage-le"
 248      6E646961 
 248      6E272027 
 248      2D6D756E 
 248      616C6967 
 249 00cc 6E677468 		.ascii	"ngth=0' '-fsigned-char' '-ffunction-sections' '-fda"
 249      3D302720 
 249      272D6673 
 249      69676E65 
 249      642D6368 
 250 00ff 74612D73 		.ascii	"ta-sections' '-fsingle-precision-constant' '-flto' "
 250      65637469 
 250      6F6E7327 
 250      20272D66 
 250      73696E67 
 251 0132 272D6666 		.ascii	"'-ffast-math'\000"
 251      6173742D 
 251      6D617468 
 251      2700
 252              		.text
 253              		.comm	__gnu_lto_v1,1,1
 254              		.comm	__gnu_lto_slim,1,1
 255              		.ident	"GCC: (GNU Tools for ARM Embedded Processors) 5.4.1 20160919 (release) [ARM/embedded-5-bran
DEFINED SYMBOLS
                            *ABS*:00000000 uart.c
                            *COM*:00000001 __gnu_lto_v1
                            *COM*:00000001 __gnu_lto_slim

NO UNDEFINED SYMBOLS
